Using pre-set license
Built from '2023.2/staging' branch; Version is '2023.2.8f1 (a3bb09f8c8c4) revision 10730249'; Using compiler version '193431935'; Build Type 'Release'
OS: 'Windows 10  (10.0.19045) 64bit Professional' Language: 'en' Physical Memory: 32712 MB
BatchMode: 1, IsHumanControllingUs: 0, StartBugReporterOnCrash: 0, Is64bit: 1, IsPro: 1

COMMAND LINE ARGUMENTS:
C:\Program Files\Unity\Hub\Editor\2023.2.8f1\Editor\Unity.exe
-adb2
-batchMode
-noUpm
-name
AssetImportWorker0
-projectPath
Z:/net.loam.bubbles/Line Zen
-logFile
Logs/AssetImportWorker0.log
-srvPort
54379
-job-worker-count
7
-background-job-worker-count
8
-asset-garbage-collectors
1
Successfully changed project path to: Z:/net.loam.bubbles/Line Zen
Z:/net.loam.bubbles/Line Zen
[UnityMemory] Configuration Parameters - Can be set up in boot.config
    "memorysetup-bucket-allocator-granularity=16"
    "memorysetup-bucket-allocator-bucket-count=8"
    "memorysetup-bucket-allocator-block-size=33554432"
    "memorysetup-bucket-allocator-block-count=8"
    "memorysetup-main-allocator-block-size=16777216"
    "memorysetup-thread-allocator-block-size=16777216"
    "memorysetup-gfx-main-allocator-block-size=16777216"
    "memorysetup-gfx-thread-allocator-block-size=16777216"
    "memorysetup-cache-allocator-block-size=4194304"
    "memorysetup-typetree-allocator-block-size=2097152"
    "memorysetup-profiler-bucket-allocator-granularity=16"
    "memorysetup-profiler-bucket-allocator-bucket-count=8"
    "memorysetup-profiler-bucket-allocator-block-size=33554432"
    "memorysetup-profiler-bucket-allocator-block-count=8"
    "memorysetup-profiler-allocator-block-size=16777216"
    "memorysetup-profiler-editor-allocator-block-size=1048576"
    "memorysetup-temp-allocator-size-main=16777216"
    "memorysetup-job-temp-allocator-block-size=2097152"
    "memorysetup-job-temp-allocator-block-size-background=1048576"
    "memorysetup-job-temp-allocator-reduction-small-platforms=262144"
    "memorysetup-allocator-temp-initial-block-size-main=262144"
    "memorysetup-allocator-temp-initial-block-size-worker=262144"
    "memorysetup-temp-allocator-size-background-worker=32768"
    "memorysetup-temp-allocator-size-job-worker=262144"
    "memorysetup-temp-allocator-size-preload-manager=33554432"
    "memorysetup-temp-allocator-size-nav-mesh-worker=65536"
    "memorysetup-temp-allocator-size-audio-worker=65536"
    "memorysetup-temp-allocator-size-cloud-worker=32768"
    "memorysetup-temp-allocator-size-gi-baking-worker=262144"
    "memorysetup-temp-allocator-size-gi-baking-worker=262144"
    "memorysetup-temp-allocator-size-gi-baking-worker=262144"
    "memorysetup-temp-allocator-size-gi-baking-worker=262144"
    "memorysetup-temp-allocator-size-gfx=262144"
Player connection [44548] Host "[IP] 192.168.50.150 [Port] 0 [Flags] 2 [Guid] 1957391472 [EditorId] 1957391472 [Version] 1048832 [Id] WindowsEditor(7,Nox) [Debug] 1 [PackageName] WindowsEditor [ProjectName] Editor" joined multi-casting on [225.0.0.222:54997]...
Player connection [44548] Host "[IP] 192.168.50.150 [Port] 0 [Flags] 2 [Guid] 1957391472 [EditorId] 1957391472 [Version] 1048832 [Id] WindowsEditor(7,Nox) [Debug] 1 [PackageName] WindowsEditor [ProjectName] Editor" joined alternative multi-casting on [225.0.0.222:34997]...
JobSystem: Creating JobQueue using job-worker-count value 7
[Physics::Module] Initialized MultithreadedJobDispatcher with 7 workers.
Library Redirect Path: Library/
Refreshing native plugins compatible for Editor in 0.83 ms, found 2 plugins.
Preloading 0 native plugins for Editor in 0.00 ms.
Initialize engine version: 2023.2.8f1 (a3bb09f8c8c4)
[Subsystems] Discovering subsystems at path C:/Program Files/Unity/Hub/Editor/2023.2.8f1/Editor/Data/Resources/UnitySubsystems
[Subsystems] Discovering subsystems at path Z:/net.loam.bubbles/Line Zen/Assets
GfxDevice: creating device client; kGfxThreadingModeNonThreaded
Direct3D:
    Version:  Direct3D 11.0 [level 11.1]
    Renderer: NVIDIA GeForce RTX 2070 (ID=0x1f07)
    Vendor:   NVIDIA
    VRAM:     8019 MB
    Driver:   31.0.15.3141
Initialize mono
Mono path[0] = 'C:/Program Files/Unity/Hub/Editor/2023.2.8f1/Editor/Data/Managed'
Mono path[1] = 'C:/Program Files/Unity/Hub/Editor/2023.2.8f1/Editor/Data/MonoBleedingEdge/lib/mono/unityjit-win32'
Mono config path = 'C:/Program Files/Unity/Hub/Editor/2023.2.8f1/Editor/Data/MonoBleedingEdge/etc'
Using monoOptions --debugger-agent=transport=dt_socket,embedding=1,server=y,suspend=n,address=127.0.0.1:56844
Begin MonoManager ReloadAssembly
C:\build\output\Unity-Technologies\mono\mono\metadata\icall.c:1842:
C:\build\output\Unity-Technologies\mono\mono\metadata\icall.c:1842:
C:\build\output\Unity-Technologies\mono\mono\metadata\icall.c:1842:
C:\build\output\Unity-Technologies\mono\mono\metadata\icall.c:1842:
C:\build\output\Unity-Technologies\mono\mono\metadata\icall.c:1842:
C:\build\output\Unity-Technologies\mono\mono\metadata\icall.c:1842:
C:\build\output\Unity-Technologies\mono\mono\metadata\icall.c:1842:
C:\build\output\Unity-Technologies\mono\mono\metadata\icall.c:1842:
C:\build\output\Unity-Technologies\mono\mono\metadata\icall.c:1842:
C:\build\output\Unity-Technologies\mono\mono\metadata\icall.c:1842:
Registering precompiled unity dll's ...
Register platform support module: C:/Program Files/Unity/Hub/Editor/2023.2.8f1/Editor/Data/PlaybackEngines/WindowsStandaloneSupport/UnityEditor.WindowsStandalone.Extensions.dll
Register platform support module: C:/Program Files/Unity/Hub/Editor/2023.2.8f1/Editor/Data/PlaybackEngines/AndroidPlayer/UnityEditor.Android.Extensions.dll
Register platform support module: C:/Program Files/Unity/Hub/Editor/2023.2.8f1/Editor/Data/PlaybackEngines/LinuxStandaloneSupport/UnityEditor.LinuxStandalone.Extensions.dll
Registered in 0.005746 seconds.
- Loaded All Assemblies, in  0.467 seconds
Native extension for LinuxStandalone target not found
Native extension for Android target not found
Android Extension - Scanning For ADB Devices 378 ms
Native extension for WindowsStandalone target not found
Mono: successfully reloaded assembly
C:\build\output\Unity-Technologies\mono\mono\metadata\icall.c:1842:
C:\build\output\Unity-Technologies\mono\mono\metadata\icall.c:1842:
- Finished resetting the current domain, in  0.777 seconds
Domain Reload Profiling: 1240ms
	BeginReloadAssembly (157ms)
		ExecutionOrderSort (0ms)
		DisableScriptedObjects (0ms)
		BackupInstance (0ms)
		ReleaseScriptingObjects (0ms)
		CreateAndSetChildDomain (1ms)
	RebuildCommonClasses (44ms)
	RebuildNativeTypeToScriptingClass (17ms)
	initialDomainReloadingComplete (59ms)
	LoadAllAssembliesAndSetupDomain (185ms)
		LoadAssemblies (153ms)
		RebuildTransferFunctionScriptingTraits (0ms)
		AnalyzeDomain (182ms)
			TypeCache.Refresh (180ms)
				TypeCache.ScanAssembly (164ms)
			BuildScriptInfoCaches (0ms)
			ResolveRequiredComponents (1ms)
	FinalizeReload (777ms)
		ReleaseScriptCaches (0ms)
		RebuildScriptCaches (0ms)
		SetupLoadedEditorAssemblies (730ms)
			LogAssemblyErrors (0ms)
			InitializePlatformSupportModulesInManaged (497ms)
			SetLoadedEditorAssemblies (4ms)
			BeforeProcessingInitializeOnLoad (8ms)
			ProcessInitializeOnLoadAttributes (166ms)
			ProcessInitializeOnLoadMethodAttributes (54ms)
			AfterProcessingInitializeOnLoad (0ms)
			EditorAssembliesLoaded (0ms)
		ExecutionOrderSort2 (0ms)
		AwakeInstancesAfterBackupRestoration (0ms)
========================================================================
Worker process is ready to serve import requests
Import Worker Mode flag is 0x00
Begin MonoManager ReloadAssembly
C:\build\output\Unity-Technologies\mono\mono\metadata\icall.c:1842:
C:\build\output\Unity-Technologies\mono\mono\metadata\icall.c:1842:
C:\build\output\Unity-Technologies\mono\mono\metadata\icall.c:1842:
C:\build\output\Unity-Technologies\mono\mono\metadata\icall.c:1842:
C:\build\output\Unity-Technologies\mono\mono\metadata\icall.c:1842:
C:\build\output\Unity-Technologies\mono\mono\metadata\icall.c:1842:
C:\build\output\Unity-Technologies\mono\mono\metadata\icall.c:1842:
C:\build\output\Unity-Technologies\mono\mono\metadata\icall.c:1842:
C:\build\output\Unity-Technologies\mono\mono\metadata\icall.c:1842:
C:\build\output\Unity-Technologies\mono\mono\metadata\icall.c:1842:
C:\build\output\Unity-Technologies\mono\mono\metadata\icall.c:1842:
C:\build\output\Unity-Technologies\mono\mono\metadata\icall.c:1842:
- Loaded All Assemblies, in  0.703 seconds
Refreshing native plugins compatible for Editor in 0.34 ms, found 2 plugins.
Native extension for LinuxStandalone target not found
Native extension for Android target not found
Native extension for WindowsStandalone target not found
Mono: successfully reloaded assembly
- Finished resetting the current domain, in  0.695 seconds
Domain Reload Profiling: 1395ms
	BeginReloadAssembly (324ms)
		ExecutionOrderSort (0ms)
		DisableScriptedObjects (6ms)
		BackupInstance (0ms)
		ReleaseScriptingObjects (0ms)
		CreateAndSetChildDomain (31ms)
	RebuildCommonClasses (38ms)
	RebuildNativeTypeToScriptingClass (14ms)
	initialDomainReloadingComplete (36ms)
	LoadAllAssembliesAndSetupDomain (287ms)
		LoadAssemblies (291ms)
		RebuildTransferFunctionScriptingTraits (0ms)
		AnalyzeDomain (110ms)
			TypeCache.Refresh (93ms)
				TypeCache.ScanAssembly (79ms)
			BuildScriptInfoCaches (11ms)
			ResolveRequiredComponents (4ms)
	FinalizeReload (696ms)
		ReleaseScriptCaches (0ms)
		RebuildScriptCaches (0ms)
		SetupLoadedEditorAssemblies (491ms)
			LogAssemblyErrors (0ms)
			InitializePlatformSupportModulesInManaged (25ms)
			SetLoadedEditorAssemblies (4ms)
			BeforeProcessingInitializeOnLoad (50ms)
			ProcessInitializeOnLoadAttributes (382ms)
			ProcessInitializeOnLoadMethodAttributes (22ms)
			AfterProcessingInitializeOnLoad (7ms)
			EditorAssembliesLoaded (0ms)
		ExecutionOrderSort2 (0ms)
		AwakeInstancesAfterBackupRestoration (5ms)
Launched and connected shader compiler UnityShaderCompiler.exe after 0.02 seconds
Refreshing native plugins compatible for Editor in 0.59 ms, found 2 plugins.
Preloading 0 native plugins for Editor in 0.00 ms.
Unloading 24 Unused Serialized files (Serialized files now loaded: 0)
Unloading 1590 unused Assets / (0.7 MB). Loaded Objects now: 2170.
Memory consumption went from 108.3 MB to 107.5 MB.
Total: 5.990700 ms (FindLiveObjects: 0.343300 ms CreateObjectMapping: 0.087700 ms MarkObjects: 4.697600 ms  DeleteObjects: 0.860200 ms)

========================================================================
Received Import Request.
  Time since last request: 1918240.634680 seconds.
  path: Assets/Scripts/UI/UIClickToExternalLink.cs
  artifactKey: Guid(bb4a7820b9e91db448d66a4b98707da8) Importer(2089858483,192608db42251d675da83286b1cce702)
Start importing Assets/Scripts/UI/UIClickToExternalLink.cs using Guid(bb4a7820b9e91db448d66a4b98707da8) Importer(2089858483,192608db42251d675da83286b1cce702) (ScriptedImporter)Generated GUIDs only implemented for interfaces!
 -> (artifact id: '840a379b6c160409522d16e232757efd') in 0.0993544 seconds
Number of updated asset objects reloaded before import = 0Number of asset objects unloaded after import = 0

========================================================================
Received Import Request.
  Time since last request: 0.000018 seconds.
  path: Assets/Scripts/UI/UIUpdateHelpVariable.cs
  artifactKey: Guid(38b48ed1669cc1e49a4cd89289032f33) Importer(2089858483,192608db42251d675da83286b1cce702)
Start importing Assets/Scripts/UI/UIUpdateHelpVariable.cs using Guid(38b48ed1669cc1e49a4cd89289032f33) Importer(2089858483,192608db42251d675da83286b1cce702) (ScriptedImporter)Generated GUIDs only implemented for interfaces!
 -> (artifact id: '96fea1d4323995a911b11bf5decf46a4') in 0.0113493 seconds
Number of updated asset objects reloaded before import = 0Number of asset objects unloaded after import = 0

========================================================================
Received Import Request.
  Time since last request: 0.000066 seconds.
  path: Assets/TextMesh Pro/Resources/LineBreaking Following Characters.txt
  artifactKey: Guid(fade42e8bc714b018fac513c043d323b) Importer(2089858483,192608db42251d675da83286b1cce702)
Start importing Assets/TextMesh Pro/Resources/LineBreaking Following Characters.txt using Guid(fade42e8bc714b018fac513c043d323b) Importer(2089858483,192608db42251d675da83286b1cce702) (ScriptedImporter)Generated GUIDs only implemented for interfaces!
 -> (artifact id: '9bd95beb30a3d96088b13af731963485') in 0.0105643 seconds
Number of updated asset objects reloaded before import = 0Number of asset objects unloaded after import = 1

========================================================================
Received Import Request.
  Time since last request: 0.000061 seconds.
  path: Assets/Audio/press.wav
  artifactKey: Guid(2894e73d5b567d3488921a48a1dea8d3) Importer(2089858483,192608db42251d675da83286b1cce702)
Start importing Assets/Audio/press.wav using Guid(2894e73d5b567d3488921a48a1dea8d3) Importer(2089858483,192608db42251d675da83286b1cce702) (ScriptedImporter)Generated GUIDs only implemented for interfaces!
 -> (artifact id: 'c4924763c663eaa6ec7e6b1ce2aecb37') in 0.0695876 seconds
Number of updated asset objects reloaded before import = 0Number of asset objects unloaded after import = 1

========================================================================
Received Import Request.
  Time since last request: 0.000016 seconds.
  path: Assets/Scripts/UI/UIChallengeComplete.cs
  artifactKey: Guid(798c355645dd9a84b9e8a4821660f6e2) Importer(2089858483,192608db42251d675da83286b1cce702)
Start importing Assets/Scripts/UI/UIChallengeComplete.cs using Guid(798c355645dd9a84b9e8a4821660f6e2) Importer(2089858483,192608db42251d675da83286b1cce702) (ScriptedImporter)Generated GUIDs only implemented for interfaces!
 -> (artifact id: 'bf0ef45a010306486447dd4644e5da60') in 0.0104789 seconds
Number of updated asset objects reloaded before import = 0Number of asset objects unloaded after import = 0

========================================================================
Received Import Request.
  Time since last request: 0.000086 seconds.
  path: Assets/Scripts/UI/UIFadeOut.cs
  artifactKey: Guid(4428f43c3c6fccf429c483230f554def) Importer(2089858483,192608db42251d675da83286b1cce702)
Start importing Assets/Scripts/UI/UIFadeOut.cs using Guid(4428f43c3c6fccf429c483230f554def) Importer(2089858483,192608db42251d675da83286b1cce702) (ScriptedImporter)Generated GUIDs only implemented for interfaces!
 -> (artifact id: '5a9e13b2bc8c34577d90685c375ede6d') in 0.0114055 seconds
Number of updated asset objects reloaded before import = 0Number of asset objects unloaded after import = 0

========================================================================
Received Import Request.
  Time since last request: 0.000043 seconds.
  path: Assets/Visuals/BubbleLarge.prefab
  artifactKey: Guid(310a64936dabf3e4d99ffbe554429568) Importer(2089858483,192608db42251d675da83286b1cce702)
Start importing Assets/Visuals/BubbleLarge.prefab using Guid(310a64936dabf3e4d99ffbe554429568) Importer(2089858483,192608db42251d675da83286b1cce702) (ScriptedImporter)Generated GUIDs only implemented for interfaces!
 -> (artifact id: '00387b1205adfdd130ac0228f9f09342') in 0.0417778 seconds
Number of updated asset objects reloaded before import = 0Number of asset objects unloaded after import = 8

========================================================================
Received Import Request.
  Time since last request: 0.000017 seconds.
  path: Assets/TextMesh Pro/Fonts/LiberationSans - OFL.txt
  artifactKey: Guid(6e59c59b81ab47f9b6ec5781fa725d2c) Importer(2089858483,192608db42251d675da83286b1cce702)
Start importing Assets/TextMesh Pro/Fonts/LiberationSans - OFL.txt using Guid(6e59c59b81ab47f9b6ec5781fa725d2c) Importer(2089858483,192608db42251d675da83286b1cce702) (ScriptedImporter)Generated GUIDs only implemented for interfaces!
 -> (artifact id: 'b5ce7457d6399bbd3daac357f74a018a') in 0.0102831 seconds
Number of updated asset objects reloaded before import = 0Number of asset objects unloaded after import = 1

========================================================================
Received Import Request.
  Time since last request: 0.000066 seconds.
  path: Assets/Scripts/Data/SerializedData.cs
  artifactKey: Guid(11c198ecc38fbd548b970457feb25ef8) Importer(2089858483,192608db42251d675da83286b1cce702)
Start importing Assets/Scripts/Data/SerializedData.cs using Guid(11c198ecc38fbd548b970457feb25ef8) Importer(2089858483,192608db42251d675da83286b1cce702) (ScriptedImporter)Generated GUIDs only implemented for interfaces!
 -> (artifact id: '57aeebbfe635c218cb044e9ce13a81b9') in 0.0132447 seconds
Number of updated asset objects reloaded before import = 0Number of asset objects unloaded after import = 0

========================================================================
Received Import Request.
  Time since last request: 0.000044 seconds.
  path: Assets/Scenes/LevelRunner.unity
  artifactKey: Guid(4901f733a23b97b448e6dbb54896e3b3) Importer(2089858483,192608db42251d675da83286b1cce702)
Start importing Assets/Scenes/LevelRunner.unity using Guid(4901f733a23b97b448e6dbb54896e3b3) Importer(2089858483,192608db42251d675da83286b1cce702) (ScriptedImporter)Generated GUIDs only implemented for interfaces!
 -> (artifact id: 'cc8246f28dd9d5e0eff4c1abde044237') in 0.036615 seconds
Number of updated asset objects reloaded before import = 0Number of asset objects unloaded after import = 1

========================================================================
Received Import Request.
  Time since last request: 0.000052 seconds.
  path: Assets/Scripts/UI/UIUpdateLevelVariable.cs
  artifactKey: Guid(067f2c194a1492047a8e075a8be55c21) Importer(2089858483,192608db42251d675da83286b1cce702)
Start importing Assets/Scripts/UI/UIUpdateLevelVariable.cs using Guid(067f2c194a1492047a8e075a8be55c21) Importer(2089858483,192608db42251d675da83286b1cce702) (ScriptedImporter)Generated GUIDs only implemented for interfaces!
 -> (artifact id: '42c9c8e1321c9c732f593ef522509111') in 0.0104946 seconds
Number of updated asset objects reloaded before import = 0Number of asset objects unloaded after import = 0

========================================================================
Received Import Request.
  Time since last request: 0.000063 seconds.
  path: Assets/Scripts/UI/UIDisplayableStates.cs
  artifactKey: Guid(bcfb46bcb15c0b54b8d59e9d6ab33481) Importer(2089858483,192608db42251d675da83286b1cce702)
Start importing Assets/Scripts/UI/UIDisplayableStates.cs using Guid(bcfb46bcb15c0b54b8d59e9d6ab33481) Importer(2089858483,192608db42251d675da83286b1cce702) (ScriptedImporter)Generated GUIDs only implemented for interfaces!
 -> (artifact id: '1fc2c9931da6aed74b0ba9e25f658285') in 0.0101338 seconds
Number of updated asset objects reloaded before import = 0Number of asset objects unloaded after import = 0

========================================================================
Received Import Request.
  Time since last request: 0.000060 seconds.
  path: Assets/Visuals/[Scroll View] Level Select.prefab
  artifactKey: Guid(ae115bd4b889efd4483a65168d02ec6c) Importer(2089858483,192608db42251d675da83286b1cce702)
Start importing Assets/Visuals/[Scroll View] Level Select.prefab using Guid(ae115bd4b889efd4483a65168d02ec6c) Importer(2089858483,192608db42251d675da83286b1cce702) (ScriptedImporter)Generated GUIDs only implemented for interfaces!
 -> (artifact id: '2466c2162d7a08ffb8b6a591bf4d8138') in 0.0718682 seconds
Number of updated asset objects reloaded before import = 0Number of asset objects unloaded after import = 110

========================================================================
Received Import Request.
  Time since last request: 0.000015 seconds.
  path: Assets/Scenes/Main.unity
  artifactKey: Guid(2575cb730150a3d4c9eaa072d80a26c6) Importer(2089858483,192608db42251d675da83286b1cce702)
Start importing Assets/Scenes/Main.unity using Guid(2575cb730150a3d4c9eaa072d80a26c6) Importer(2089858483,192608db42251d675da83286b1cce702) (ScriptedImporter)Generated GUIDs only implemented for interfaces!
 -> (artifact id: '9674b020c7c318b6c3c5a9055a892809') in 0.0525144 seconds
Number of updated asset objects reloaded before import = 0Number of asset objects unloaded after import = 1

========================================================================
Received Import Request.
  Time since last request: 0.000035 seconds.
  path: Assets/TextMesh Pro/Shaders/TMP_SDF SSD.shader
  artifactKey: Guid(14eb328de4b8eb245bb7cea29e4ac00b) Importer(2089858483,192608db42251d675da83286b1cce702)
Start importing Assets/TextMesh Pro/Shaders/TMP_SDF SSD.shader using Guid(14eb328de4b8eb245bb7cea29e4ac00b) Importer(2089858483,192608db42251d675da83286b1cce702) (ScriptedImporter)Generated GUIDs only implemented for interfaces!
 -> (artifact id: 'e7a008629afb1e923a8fbe8993c1c841') in 0.0203654 seconds
Number of updated asset objects reloaded before import = 0Number of asset objects unloaded after import = 1

========================================================================
Received Import Request.
  Time since last request: 0.000036 seconds.
  path: Assets/Visuals/Icons/baseline_play_arrow_white_48dp.png
  artifactKey: Guid(5a1f8c7f29e4ad149b79046c373bb990) Importer(2089858483,192608db42251d675da83286b1cce702)
Start importing Assets/Visuals/Icons/baseline_play_arrow_white_48dp.png using Guid(5a1f8c7f29e4ad149b79046c373bb990) Importer(2089858483,192608db42251d675da83286b1cce702) (ScriptedImporter)Generated GUIDs only implemented for interfaces!
 -> (artifact id: '16532ba1add506197929bb47a7ba96fd') in 0.0858851 seconds
Number of updated asset objects reloaded before import = 0Number of asset objects unloaded after import = 3

========================================================================
Received Import Request.
  Time since last request: 0.000028 seconds.
  path: Assets/Visuals/Icons/baseline_menu_white_48dp.png
  artifactKey: Guid(5009fbcd5b132984aab8b119e255de14) Importer(2089858483,192608db42251d675da83286b1cce702)
Start importing Assets/Visuals/Icons/baseline_menu_white_48dp.png using Guid(5009fbcd5b132984aab8b119e255de14) Importer(2089858483,192608db42251d675da83286b1cce702) (ScriptedImporter)Generated GUIDs only implemented for interfaces!
 -> (artifact id: 'b745e89f6213c01d87e2e3cf472cd928') in 0.0403313 seconds
Number of updated asset objects reloaded before import = 0Number of asset objects unloaded after import = 3

========================================================================
Received Import Request.
  Time since last request: 0.000014 seconds.
  path: Assets/Visuals/Fonts/OpenSansCondensed-Bold SDF.asset
  artifactKey: Guid(ce3ebb71e885e3446941462cba0e423c) Importer(2089858483,192608db42251d675da83286b1cce702)
Start importing Assets/Visuals/Fonts/OpenSansCondensed-Bold SDF.asset using Guid(ce3ebb71e885e3446941462cba0e423c) Importer(2089858483,192608db42251d675da83286b1cce702) (ScriptedImporter)Generated GUIDs only implemented for interfaces!
 -> (artifact id: '2a385a00ca5d458366c00280f79a68d5') in 0.0818161 seconds
Number of updated asset objects reloaded before import = 0Number of asset objects unloaded after import = 3

========================================================================
Received Import Request.
  Time since last request: 0.000017 seconds.
  path: Assets/Visuals/Icons/star.png
  artifactKey: Guid(43ad7747a3f1dac4f9f93c53a84308c1) Importer(2089858483,192608db42251d675da83286b1cce702)
Start importing Assets/Visuals/Icons/star.png using Guid(43ad7747a3f1dac4f9f93c53a84308c1) Importer(2089858483,192608db42251d675da83286b1cce702) (ScriptedImporter)Generated GUIDs only implemented for interfaces!
 -> (artifact id: '5925764806a81b7b510fa45f5e2f76a4') in 0.0455187 seconds
Number of updated asset objects reloaded before import = 0Number of asset objects unloaded after import = 3

========================================================================
Received Import Request.
  Time since last request: 0.000025 seconds.
  path: Assets/TextMesh Pro/Shaders/TMP_SDF-URP Lit.shadergraph
  artifactKey: Guid(a3d800b099a06e0478fb790c5e79057a) Importer(2089858483,192608db42251d675da83286b1cce702)
Start importing Assets/TextMesh Pro/Shaders/TMP_SDF-URP Lit.shadergraph using Guid(a3d800b099a06e0478fb790c5e79057a) Importer(2089858483,192608db42251d675da83286b1cce702) (ScriptedImporter)Generated GUIDs only implemented for interfaces!
 -> (artifact id: '7ab65e5fd83b3c821da00aa216570fc1') in 0.0122416 seconds
Number of updated asset objects reloaded before import = 0Number of asset objects unloaded after import = 1

========================================================================
Received Import Request.
  Time since last request: 0.000043 seconds.
  path: Assets/Visuals/Fonts/OpenSansCondensed-LightItalic.ttf
  artifactKey: Guid(7cc8afbdeca75e04281f527ebef56334) Importer(2089858483,192608db42251d675da83286b1cce702)
Start importing Assets/Visuals/Fonts/OpenSansCondensed-LightItalic.ttf using Guid(7cc8afbdeca75e04281f527ebef56334) Importer(2089858483,192608db42251d675da83286b1cce702) (ScriptedImporter)Generated GUIDs only implemented for interfaces!
 -> (artifact id: 'd3e1d804c77fbcc97bd85d91f97cee47') in 0.0330687 seconds
Number of updated asset objects reloaded before import = 0Number of asset objects unloaded after import = 3

========================================================================
Received Import Request.
  Time since last request: 0.000023 seconds.
  path: Assets/Visuals/Icons/classic bubble.png
  artifactKey: Guid(500aa956558ad794aa8f2578fd1b0e3e) Importer(2089858483,192608db42251d675da83286b1cce702)
Start importing Assets/Visuals/Icons/classic bubble.png using Guid(500aa956558ad794aa8f2578fd1b0e3e) Importer(2089858483,192608db42251d675da83286b1cce702) (ScriptedImporter)Generated GUIDs only implemented for interfaces!
 -> (artifact id: 'db9ab281e09af316004eb1c768e76bc7') in 0.0376687 seconds
Number of updated asset objects reloaded before import = 0Number of asset objects unloaded after import = 3

========================================================================
Received Import Request.
  Time since last request: 0.000019 seconds.
  path: Assets/Visuals/Icons/Restart.png
  artifactKey: Guid(fa54d84c4b424e3479d7fd45f132d4f3) Importer(2089858483,192608db42251d675da83286b1cce702)
Start importing Assets/Visuals/Icons/Restart.png using Guid(fa54d84c4b424e3479d7fd45f132d4f3) Importer(2089858483,192608db42251d675da83286b1cce702) (ScriptedImporter)Generated GUIDs only implemented for interfaces!
 -> (artifact id: '1edface20273f1a539662460bc9468ed') in 0.0448734 seconds
Number of updated asset objects reloaded before import = 0Number of asset objects unloaded after import = 3

========================================================================
Received Import Request.
  Time since last request: 0.000019 seconds.
  path: Assets/Visuals/Icons/baseline_bar_chart_white_48dp.png
  artifactKey: Guid(38a1d3ed21031dc4ba5f362cf72337e3) Importer(2089858483,192608db42251d675da83286b1cce702)
Start importing Assets/Visuals/Icons/baseline_bar_chart_white_48dp.png using Guid(38a1d3ed21031dc4ba5f362cf72337e3) Importer(2089858483,192608db42251d675da83286b1cce702) (ScriptedImporter)Generated GUIDs only implemented for interfaces!
 -> (artifact id: '8da59f322ee1bde0c5050e48ce132618') in 0.0436588 seconds
Number of updated asset objects reloaded before import = 0Number of asset objects unloaded after import = 3

========================================================================
Received Import Request.
  Time since last request: 0.000015 seconds.
  path: Assets/TextMesh Pro/Shaders/TMPro_Mobile.cginc
  artifactKey: Guid(c334973cef89a9840b0b0c507e0377ab) Importer(2089858483,192608db42251d675da83286b1cce702)
Start importing Assets/TextMesh Pro/Shaders/TMPro_Mobile.cginc using Guid(c334973cef89a9840b0b0c507e0377ab) Importer(2089858483,192608db42251d675da83286b1cce702) (ScriptedImporter)Generated GUIDs only implemented for interfaces!
 -> (artifact id: '687dba5fa8ea7a738b70ce5d835aaab4') in 0.0125285 seconds
Number of updated asset objects reloaded before import = 0Number of asset objects unloaded after import = 1

========================================================================
Received Import Request.
  Time since last request: 0.000070 seconds.
  path: Assets/TextMesh Pro/Sprites/EmojiOne.json
  artifactKey: Guid(8f05276190cf498a8153f6cbe761d4e6) Importer(2089858483,192608db42251d675da83286b1cce702)
Start importing Assets/TextMesh Pro/Sprites/EmojiOne.json using Guid(8f05276190cf498a8153f6cbe761d4e6) Importer(2089858483,192608db42251d675da83286b1cce702) (ScriptedImporter)Generated GUIDs only implemented for interfaces!
 -> (artifact id: 'b952bd6f9d6e4e02730b2dbf2c27e869') in 0.0110322 seconds
Number of updated asset objects reloaded before import = 0Number of asset objects unloaded after import = 1

========================================================================
Received Import Request.
  Time since last request: 0.000042 seconds.
  path: Assets/Visuals/Floating Fading Text.prefab
  artifactKey: Guid(4c074e690932cf346836bd5e1325460f) Importer(2089858483,192608db42251d675da83286b1cce702)
Start importing Assets/Visuals/Floating Fading Text.prefab using Guid(4c074e690932cf346836bd5e1325460f) Importer(2089858483,192608db42251d675da83286b1cce702) (ScriptedImporter)Generated GUIDs only implemented for interfaces!
 -> (artifact id: 'fbec39279efb21cb9b088aafc6497310') in 0.0656223 seconds
Number of updated asset objects reloaded before import = 0Number of asset objects unloaded after import = 9

========================================================================
Received Import Request.
  Time since last request: 0.000016 seconds.
  path: Assets/Visuals/Sprites/Outline Interior.png
  artifactKey: Guid(469ea92e0683f454cbaac6ce1f3b5bea) Importer(2089858483,192608db42251d675da83286b1cce702)
Start importing Assets/Visuals/Sprites/Outline Interior.png using Guid(469ea92e0683f454cbaac6ce1f3b5bea) Importer(2089858483,192608db42251d675da83286b1cce702) (ScriptedImporter)Generated GUIDs only implemented for interfaces!
 -> (artifact id: '9d213bd63a8e54be155f110338beac80') in 0.0329789 seconds
Number of updated asset objects reloaded before import = 0Number of asset objects unloaded after import = 3

========================================================================
Received Import Request.
  Time since last request: 0.000026 seconds.
  path: Assets/Visuals/Sprites/appiconshade.pdn
  artifactKey: Guid(63e0236a62884ec469719b6e8a78a12b) Importer(2089858483,192608db42251d675da83286b1cce702)
Start importing Assets/Visuals/Sprites/appiconshade.pdn using Guid(63e0236a62884ec469719b6e8a78a12b) Importer(2089858483,192608db42251d675da83286b1cce702) (ScriptedImporter)Generated GUIDs only implemented for interfaces!
 -> (artifact id: 'e1025dd0e2a48024e7749fc9ed97f0d7') in 0.0111846 seconds
Number of updated asset objects reloaded before import = 0Number of asset objects unloaded after import = 1

========================================================================
Received Import Request.
  Time since last request: 0.000045 seconds.
  path: Assets/Visuals/Sprites/appiconblue.pdn
  artifactKey: Guid(4e042cc5aba42b448b68080fdddd5b89) Importer(2089858483,192608db42251d675da83286b1cce702)
Start importing Assets/Visuals/Sprites/appiconblue.pdn using Guid(4e042cc5aba42b448b68080fdddd5b89) Importer(2089858483,192608db42251d675da83286b1cce702) (ScriptedImporter)Generated GUIDs only implemented for interfaces!
 -> (artifact id: '5d37b94eb07cc55039f13ca87489e020') in 0.0096144 seconds
Number of updated asset objects reloaded before import = 0Number of asset objects unloaded after import = 1

========================================================================
Received Import Request.
  Time since last request: 0.000036 seconds.
  path: Assets/Visuals/Skybox/Up_Tex.png
  artifactKey: Guid(43c6d7f45c9cb0247a1eb2a589bfa4df) Importer(2089858483,192608db42251d675da83286b1cce702)
Start importing Assets/Visuals/Skybox/Up_Tex.png using Guid(43c6d7f45c9cb0247a1eb2a589bfa4df) Importer(2089858483,192608db42251d675da83286b1cce702) (ScriptedImporter)Generated GUIDs only implemented for interfaces!
 -> (artifact id: '48796574fd4b0a73ff5f13d1e78218ad') in 0.0957059 seconds
Number of updated asset objects reloaded before import = 0Number of asset objects unloaded after import = 1

========================================================================
Received Import Request.
  Time since last request: 0.000064 seconds.
  path: Assets/Visuals/Sprites/category_simple.png
  artifactKey: Guid(f2953448b4e87154380d11634f3f06b8) Importer(2089858483,192608db42251d675da83286b1cce702)
Start importing Assets/Visuals/Sprites/category_simple.png using Guid(f2953448b4e87154380d11634f3f06b8) Importer(2089858483,192608db42251d675da83286b1cce702) (ScriptedImporter)Generated GUIDs only implemented for interfaces!
 -> (artifact id: '3fceb0195dc195c8bc8c7ba32bd72d00') in 0.0359231 seconds
Number of updated asset objects reloaded before import = 0Number of asset objects unloaded after import = 3

========================================================================
Received Import Request.
  Time since last request: 0.000018 seconds.
  path: Assets/Visuals/Sprites/Circle.png
  artifactKey: Guid(ebd7abcb0a9e8d84fb8939020ae5d9b8) Importer(2089858483,192608db42251d675da83286b1cce702)
Start importing Assets/Visuals/Sprites/Circle.png using Guid(ebd7abcb0a9e8d84fb8939020ae5d9b8) Importer(2089858483,192608db42251d675da83286b1cce702) (ScriptedImporter)Generated GUIDs only implemented for interfaces!
 -> (artifact id: '5b7c1d87c1c5896257191ee80eaa6b6d') in 0.0339827 seconds
Number of updated asset objects reloaded before import = 0Number of asset objects unloaded after import = 3

========================================================================
Received Import Request.
  Time since last request: 0.000017 seconds.
  path: Assets/Levels/Puzzles/Basic/listBasic.asset
  artifactKey: Guid(6489a4bf137538d498b58c8340341c20) Importer(2089858483,192608db42251d675da83286b1cce702)
Start importing Assets/Levels/Puzzles/Basic/listBasic.asset using Guid(6489a4bf137538d498b58c8340341c20) Importer(2089858483,192608db42251d675da83286b1cce702) (ScriptedImporter)Generated GUIDs only implemented for interfaces!
 -> (artifact id: '551d73db0df0f99d28088c696e569008') in 0.0143449 seconds
Number of updated asset objects reloaded before import = 0Number of asset objects unloaded after import = 13

========================================================================
Received Import Request.
  Time since last request: 0.000015 seconds.
  path: Assets/Visuals/Sprites/appiconshade512Orange.pdn
  artifactKey: Guid(00d79d64a2fbd924d8dd849fc2e5c5bd) Importer(2089858483,192608db42251d675da83286b1cce702)
Start importing Assets/Visuals/Sprites/appiconshade512Orange.pdn using Guid(00d79d64a2fbd924d8dd849fc2e5c5bd) Importer(2089858483,192608db42251d675da83286b1cce702) (ScriptedImporter)Generated GUIDs only implemented for interfaces!
 -> (artifact id: 'a485ae0e5d44fac5d7dcdd8d3e4f3e0e') in 0.0093257 seconds
Number of updated asset objects reloaded before import = 0Number of asset objects unloaded after import = 1

========================================================================
Received Import Request.
  Time since last request: 0.000045 seconds.
  path: Assets/Visuals/Sprites/Gradient 270.png
  artifactKey: Guid(19bd12fc2a2766e499725b6a0cf3672a) Importer(2089858483,192608db42251d675da83286b1cce702)
Start importing Assets/Visuals/Sprites/Gradient 270.png using Guid(19bd12fc2a2766e499725b6a0cf3672a) Importer(2089858483,192608db42251d675da83286b1cce702) (ScriptedImporter)Generated GUIDs only implemented for interfaces!
 -> (artifact id: '3f7081da9693bb2ea3b17b0830e23b55') in 0.0345985 seconds
Number of updated asset objects reloaded before import = 0Number of asset objects unloaded after import = 3

========================================================================
Received Import Request.
  Time since last request: 0.000015 seconds.
  path: Assets/Visuals/Icons/pencil.png
  artifactKey: Guid(e5915bf44d6f4414cbca299bac4248df) Importer(2089858483,192608db42251d675da83286b1cce702)
Start importing Assets/Visuals/Icons/pencil.png using Guid(e5915bf44d6f4414cbca299bac4248df) Importer(2089858483,192608db42251d675da83286b1cce702) (ScriptedImporter)Generated GUIDs only implemented for interfaces!
 -> (artifact id: 'bb28e2fb89761e351780c6dc2db2250c') in 0.0340823 seconds
Number of updated asset objects reloaded before import = 0Number of asset objects unloaded after import = 3

========================================================================
Received Import Request.
  Time since last request: 0.000020 seconds.
  path: Assets/Visuals/Icons/link-variant.png
  artifactKey: Guid(dd61ade2cc6152c4abde7451fcca40e1) Importer(2089858483,192608db42251d675da83286b1cce702)
Start importing Assets/Visuals/Icons/link-variant.png using Guid(dd61ade2cc6152c4abde7451fcca40e1) Importer(2089858483,192608db42251d675da83286b1cce702) (ScriptedImporter)Generated GUIDs only implemented for interfaces!
 -> (artifact id: 'a24c47e44abef57686e575b7139e8537') in 0.0355846 seconds
Number of updated asset objects reloaded before import = 0Number of asset objects unloaded after import = 3

========================================================================
Received Import Request.
  Time since last request: 0.000046 seconds.
  path: Assets/Visuals/Skybox/Back_Tex.png
  artifactKey: Guid(e88d0da9f62c13d40904c838a6dd00b8) Importer(2089858483,192608db42251d675da83286b1cce702)
Start importing Assets/Visuals/Skybox/Back_Tex.png using Guid(e88d0da9f62c13d40904c838a6dd00b8) Importer(2089858483,192608db42251d675da83286b1cce702) (ScriptedImporter)Generated GUIDs only implemented for interfaces!
 -> (artifact id: '8b7474c27f865cdebf4433a2bcea0903') in 0.0629113 seconds
Number of updated asset objects reloaded before import = 0Number of asset objects unloaded after import = 1

========================================================================
Received Import Request.
  Time since last request: 0.000060 seconds.
  path: Assets/TextMesh Pro/Shaders/TMP_SDF-URP Unlit.shadergraph
  artifactKey: Guid(124c112a6e8f1a54e8b0870e881b56d8) Importer(2089858483,192608db42251d675da83286b1cce702)
Start importing Assets/TextMesh Pro/Shaders/TMP_SDF-URP Unlit.shadergraph using Guid(124c112a6e8f1a54e8b0870e881b56d8) Importer(2089858483,192608db42251d675da83286b1cce702) (ScriptedImporter)Generated GUIDs only implemented for interfaces!
 -> (artifact id: 'd5f9baef76c09585e7bcc8259ef24079') in 0.0099952 seconds
Number of updated asset objects reloaded before import = 0Number of asset objects unloaded after import = 1

========================================================================
Received Import Request.
  Time since last request: 0.000052 seconds.
  path: Assets/_Dev/FileExplorer.unity
  artifactKey: Guid(994fc83a7173a1d49be78506bb64c8af) Importer(2089858483,192608db42251d675da83286b1cce702)
Start importing Assets/_Dev/FileExplorer.unity using Guid(994fc83a7173a1d49be78506bb64c8af) Importer(2089858483,192608db42251d675da83286b1cce702) (ScriptedImporter)Generated GUIDs only implemented for interfaces!
 -> (artifact id: '60cb2bfcdff12b0f650b3625d8eca79a') in 0.0163947 seconds
Number of updated asset objects reloaded before import = 0Number of asset objects unloaded after import = 1

========================================================================
Received Import Request.
  Time since last request: 0.000045 seconds.
  path: Assets/Visuals/Line.mat
  artifactKey: Guid(1c4cfbeaf605a3349a8e62f0411c2a62) Importer(2089858483,192608db42251d675da83286b1cce702)
Start importing Assets/Visuals/Line.mat using Guid(1c4cfbeaf605a3349a8e62f0411c2a62) Importer(2089858483,192608db42251d675da83286b1cce702) (ScriptedImporter)Generated GUIDs only implemented for interfaces!
 -> (artifact id: '8eb6b56978b5aee393913ba7e8e8b8ec') in 0.0241199 seconds
Number of updated asset objects reloaded before import = 0Number of asset objects unloaded after import = 1

========================================================================
Received Import Request.
  Time since last request: 0.000048 seconds.
  path: Assets/TextMesh Pro/Resources/Fonts & Materials/LiberationSans SDF - Outline.mat
  artifactKey: Guid(79459efec17a4d00a321bdcc27bbc385) Importer(2089858483,192608db42251d675da83286b1cce702)
Start importing Assets/TextMesh Pro/Resources/Fonts & Materials/LiberationSans SDF - Outline.mat using Guid(79459efec17a4d00a321bdcc27bbc385) Importer(2089858483,192608db42251d675da83286b1cce702) (ScriptedImporter)Generated GUIDs only implemented for interfaces!
 -> (artifact id: '372dbdd9e1c5f4c929c51b9e82a1272c') in 0.0287139 seconds
Number of updated asset objects reloaded before import = 0Number of asset objects unloaded after import = 2

========================================================================
Received Import Request.
  Time since last request: 0.000015 seconds.
  path: Assets/Levels/Puzzles/Varied/puzzle3008.txt
  artifactKey: Guid(79446cb9dbd10ca4dbb10e3f5ad7bef0) Importer(2089858483,192608db42251d675da83286b1cce702)
Start importing Assets/Levels/Puzzles/Varied/puzzle3008.txt using Guid(79446cb9dbd10ca4dbb10e3f5ad7bef0) Importer(2089858483,192608db42251d675da83286b1cce702) (ScriptedImporter)Generated GUIDs only implemented for interfaces!
 -> (artifact id: 'e6b93e37d5737d92e7b6c908bf4033dc') in 0.0103084 seconds
Number of updated asset objects reloaded before import = 0Number of asset objects unloaded after import = 1

========================================================================
Received Import Request.
  Time since last request: 0.000027 seconds.
  path: Assets/Levels/Puzzles/Basic/puzzle0005.txt
  artifactKey: Guid(816db4900c9b334498746f279c5cbf53) Importer(2089858483,192608db42251d675da83286b1cce702)
Start importing Assets/Levels/Puzzles/Basic/puzzle0005.txt using Guid(816db4900c9b334498746f279c5cbf53) Importer(2089858483,192608db42251d675da83286b1cce702) (ScriptedImporter)Generated GUIDs only implemented for interfaces!
 -> (artifact id: 'ba6e6eea1018b13ff0cc5bcafbdaef9c') in 0.0120627 seconds
Number of updated asset objects reloaded before import = 0Number of asset objects unloaded after import = 1

========================================================================
Received Import Request.
  Time since last request: 0.000047 seconds.
  path: Assets/TextMesh Pro/Resources/Fonts & Materials/LiberationSans SDF.asset
  artifactKey: Guid(8f586378b4e144a9851e7b34d9b748ee) Importer(2089858483,192608db42251d675da83286b1cce702)
Start importing Assets/TextMesh Pro/Resources/Fonts & Materials/LiberationSans SDF.asset using Guid(8f586378b4e144a9851e7b34d9b748ee) Importer(2089858483,192608db42251d675da83286b1cce702) (ScriptedImporter)Generated GUIDs only implemented for interfaces!
 -> (artifact id: '179891eb69e500d06085111ad3d82c86') in 0.0584844 seconds
Number of updated asset objects reloaded before import = 0Number of asset objects unloaded after import = 8

========================================================================
Received Import Request.
  Time since last request: 0.000017 seconds.
  path: Assets/Levels/Puzzles/Basic/puzzle0011.txt
  artifactKey: Guid(0fcf329672c39214d83fd3e11cf69b41) Importer(2089858483,192608db42251d675da83286b1cce702)
Start importing Assets/Levels/Puzzles/Basic/puzzle0011.txt using Guid(0fcf329672c39214d83fd3e11cf69b41) Importer(2089858483,192608db42251d675da83286b1cce702) (ScriptedImporter)Generated GUIDs only implemented for interfaces!
 -> (artifact id: '63b04ba615b87cde3fbbda0861159f81') in 0.0099047 seconds
Number of updated asset objects reloaded before import = 0Number of asset objects unloaded after import = 1

========================================================================
Received Import Request.
  Time since last request: 0.000032 seconds.
  path: Assets/TextMesh Pro/Resources/Shaders/TMPro_Properties.cginc
  artifactKey: Guid(3997e2241185407d80309a82f9148466) Importer(2089858483,192608db42251d675da83286b1cce702)
Start importing Assets/TextMesh Pro/Resources/Shaders/TMPro_Properties.cginc using Guid(3997e2241185407d80309a82f9148466) Importer(2089858483,192608db42251d675da83286b1cce702) (ScriptedImporter)Generated GUIDs only implemented for interfaces!
 -> (artifact id: 'b9fa0ce01fe5bd7bde060e8ee3b52396') in 0.009312 seconds
Number of updated asset objects reloaded before import = 0Number of asset objects unloaded after import = 1

========================================================================
Received Import Request.
  Time since last request: 0.000055 seconds.
  path: Assets/Levels/Puzzles/Basic/puzzle0007.txt
  artifactKey: Guid(f207af7868d6ef546b36908a967108a7) Importer(2089858483,192608db42251d675da83286b1cce702)
Start importing Assets/Levels/Puzzles/Basic/puzzle0007.txt using Guid(f207af7868d6ef546b36908a967108a7) Importer(2089858483,192608db42251d675da83286b1cce702) (ScriptedImporter)Generated GUIDs only implemented for interfaces!
 -> (artifact id: 'f05bb12c632fd37a3a28f5a46101fbd0') in 0.0096995 seconds
Number of updated asset objects reloaded before import = 0Number of asset objects unloaded after import = 1

========================================================================
Received Import Request.
  Time since last request: 0.000019 seconds.
  path: Assets/TextMesh Pro/Resources/Shaders/TMP_Bitmap-Custom-Atlas.shader
  artifactKey: Guid(48bb5f55d8670e349b6e614913f9d910) Importer(2089858483,192608db42251d675da83286b1cce702)
Start importing Assets/TextMesh Pro/Resources/Shaders/TMP_Bitmap-Custom-Atlas.shader using Guid(48bb5f55d8670e349b6e614913f9d910) Importer(2089858483,192608db42251d675da83286b1cce702) (ScriptedImporter)Generated GUIDs only implemented for interfaces!
 -> (artifact id: 'db9854487cc4666078fd2d26be9f64cb') in 0.0148293 seconds
Number of updated asset objects reloaded before import = 0Number of asset objects unloaded after import = 1

========================================================================
Received Import Request.
  Time since last request: 0.000034 seconds.
  path: Assets/Visuals/Icons/baseline_back_arrow_white_48dp 1.png
  artifactKey: Guid(6338f8df923e7de4faaa58c5abe50d17) Importer(2089858483,192608db42251d675da83286b1cce702)
Start importing Assets/Visuals/Icons/baseline_back_arrow_white_48dp 1.png using Guid(6338f8df923e7de4faaa58c5abe50d17) Importer(2089858483,192608db42251d675da83286b1cce702) (ScriptedImporter)Generated GUIDs only implemented for interfaces!
 -> (artifact id: 'b0cc937931396b8dd65f7d9b1a89c830') in 0.0352459 seconds
Number of updated asset objects reloaded before import = 0Number of asset objects unloaded after import = 3

========================================================================
Received Import Request.
  Time since last request: 0.000024 seconds.
  path: Assets/Scripts/Data/DataPoint.cs
  artifactKey: Guid(fda3588008edd944db1eb94ddb260f17) Importer(2089858483,192608db42251d675da83286b1cce702)
Start importing Assets/Scripts/Data/DataPoint.cs using Guid(fda3588008edd944db1eb94ddb260f17) Importer(2089858483,192608db42251d675da83286b1cce702) (ScriptedImporter)Generated GUIDs only implemented for interfaces!
 -> (artifact id: '1f1c345d45f71073847420d57d919812') in 0.0108296 seconds
Number of updated asset objects reloaded before import = 0Number of asset objects unloaded after import = 0

========================================================================
Received Import Request.
  Time since last request: 0.000091 seconds.
  path: Assets/Scripts/Data/DataBubble.cs
  artifactKey: Guid(033c5586dab6e3e4eb420eaa64447738) Importer(2089858483,192608db42251d675da83286b1cce702)
Start importing Assets/Scripts/Data/DataBubble.cs using Guid(033c5586dab6e3e4eb420eaa64447738) Importer(2089858483,192608db42251d675da83286b1cce702) (ScriptedImporter)Generated GUIDs only implemented for interfaces!
 -> (artifact id: 'c0ba35707b50efb75a3b6ce4b9aab4fe') in 0.0128369 seconds
Number of updated asset objects reloaded before import = 0Number of asset objects unloaded after import = 0

========================================================================
Received Import Request.
  Time since last request: 0.000067 seconds.
  path: Assets/Visuals/Fonts/OpenSansCondensed-Light.ttf
  artifactKey: Guid(75160e063442331458b6b3918e130d32) Importer(2089858483,192608db42251d675da83286b1cce702)
Start importing Assets/Visuals/Fonts/OpenSansCondensed-Light.ttf using Guid(75160e063442331458b6b3918e130d32) Importer(2089858483,192608db42251d675da83286b1cce702) (ScriptedImporter)Generated GUIDs only implemented for interfaces!
 -> (artifact id: '51a2755d93386938cdc0fc5b2537a075') in 0.0224299 seconds
Number of updated asset objects reloaded before import = 0Number of asset objects unloaded after import = 3

========================================================================
Received Import Request.
  Time since last request: 0.000023 seconds.
  path: Assets/Visuals/Button Contents.prefab
  artifactKey: Guid(980d9536057a67849a06083d53c3f137) Importer(2089858483,192608db42251d675da83286b1cce702)
Start importing Assets/Visuals/Button Contents.prefab using Guid(980d9536057a67849a06083d53c3f137) Importer(2089858483,192608db42251d675da83286b1cce702) (ScriptedImporter)Generated GUIDs only implemented for interfaces!
 -> (artifact id: '001488b2f49d8ebb36ccb7a9a9c1b050') in 0.0266364 seconds
Number of updated asset objects reloaded before import = 0Number of asset objects unloaded after import = 30

========================================================================
Received Import Request.
  Time since last request: 0.000015 seconds.
  path: Assets/Visuals/Bubble.prefab
  artifactKey: Guid(52196803e3e5e7143b28c818644a862d) Importer(2089858483,192608db42251d675da83286b1cce702)
Start importing Assets/Visuals/Bubble.prefab using Guid(52196803e3e5e7143b28c818644a862d) Importer(2089858483,192608db42251d675da83286b1cce702) (ScriptedImporter)Generated GUIDs only implemented for interfaces!
 -> (artifact id: 'c4a4f09e3a5f0ae30a2c06d9ef696d0b') in 0.018051 seconds
Number of updated asset objects reloaded before import = 0Number of asset objects unloaded after import = 8

========================================================================
Received Import Request.
  Time since last request: 0.000013 seconds.
  path: Assets/Scripts/Visual/VisualRemoveBubbleOnMenu.cs
  artifactKey: Guid(b0dbde032a004b549b504860a4a92c16) Importer(2089858483,192608db42251d675da83286b1cce702)
Start importing Assets/Scripts/Visual/VisualRemoveBubbleOnMenu.cs using Guid(b0dbde032a004b549b504860a4a92c16) Importer(2089858483,192608db42251d675da83286b1cce702) (ScriptedImporter)Generated GUIDs only implemented for interfaces!
 -> (artifact id: '0750333d89280a4d81763b9f7a9305a2') in 0.0128364 seconds
Number of updated asset objects reloaded before import = 0Number of asset objects unloaded after import = 0

========================================================================
Received Import Request.
  Time since last request: 0.000079 seconds.
  path: Assets/Visuals/Icons/baseline_clear_white_48dp.png
  artifactKey: Guid(b55c19259e234054eaee429ae2188bbf) Importer(2089858483,192608db42251d675da83286b1cce702)
Start importing Assets/Visuals/Icons/baseline_clear_white_48dp.png using Guid(b55c19259e234054eaee429ae2188bbf) Importer(2089858483,192608db42251d675da83286b1cce702) (ScriptedImporter)Generated GUIDs only implemented for interfaces!
 -> (artifact id: 'b30dade99730fea671164c0fa8c3e0ae') in 0.0346384 seconds
Number of updated asset objects reloaded before import = 0Number of asset objects unloaded after import = 3

========================================================================
Received Import Request.
  Time since last request: 0.000016 seconds.
  path: Assets/Visuals/Particle Systems/bubble particle.png
  artifactKey: Guid(ab03c028d53ad7d4d94d482315360337) Importer(2089858483,192608db42251d675da83286b1cce702)
Start importing Assets/Visuals/Particle Systems/bubble particle.png using Guid(ab03c028d53ad7d4d94d482315360337) Importer(2089858483,192608db42251d675da83286b1cce702) (ScriptedImporter)Generated GUIDs only implemented for interfaces!
 -> (artifact id: '4f1bcf9995d9aa65c52a8dd9c5b4c1e9') in 0.0341547 seconds
Number of updated asset objects reloaded before import = 0Number of asset objects unloaded after import = 3

========================================================================
Received Import Request.
  Time since last request: 0.000016 seconds.
  path: Assets/Visuals/Particle Systems/Particle Bubble Pop.prefab
  artifactKey: Guid(4d33fa5e17ee9e04a8b4533395c85282) Importer(2089858483,192608db42251d675da83286b1cce702)
Start importing Assets/Visuals/Particle Systems/Particle Bubble Pop.prefab using Guid(4d33fa5e17ee9e04a8b4533395c85282) Importer(2089858483,192608db42251d675da83286b1cce702) (ScriptedImporter)Generated GUIDs only implemented for interfaces!
 -> (artifact id: '7dbff809e578f0b54313ce29dd234f89') in 0.1164886 seconds
Number of updated asset objects reloaded before import = 0Number of asset objects unloaded after import = 6

========================================================================
Received Import Request.
  Time since last request: 0.015419 seconds.
  path: Assets/TextMesh Pro/Resources/Shaders/TMP_Bitmap.shader
  artifactKey: Guid(128e987d567d4e2c824d754223b3f3b0) Importer(2089858483,192608db42251d675da83286b1cce702)
Start importing Assets/TextMesh Pro/Resources/Shaders/TMP_Bitmap.shader using Guid(128e987d567d4e2c824d754223b3f3b0) Importer(2089858483,192608db42251d675da83286b1cce702) (ScriptedImporter)Generated GUIDs only implemented for interfaces!
 -> (artifact id: '2bb02fbc4cb9b080c513d72932f42c18') in 0.0145051 seconds
Number of updated asset objects reloaded before import = 0Number of asset objects unloaded after import = 1

========================================================================
Received Import Request.
  Time since last request: 0.000148 seconds.
  path: Assets/TextMesh Pro/Resources/Shaders/TMP_SDF-Mobile.shader
  artifactKey: Guid(fe393ace9b354375a9cb14cdbbc28be4) Importer(2089858483,192608db42251d675da83286b1cce702)
Start importing Assets/TextMesh Pro/Resources/Shaders/TMP_SDF-Mobile.shader using Guid(fe393ace9b354375a9cb14cdbbc28be4) Importer(2089858483,192608db42251d675da83286b1cce702) (ScriptedImporter)Generated GUIDs only implemented for interfaces!
 -> (artifact id: 'cf3cb99f70fcf8e2fbafe4ef63e179e0') in 0.0167066 seconds
Number of updated asset objects reloaded before import = 0Number of asset objects unloaded after import = 1

========================================================================
Received Import Request.
  Time since last request: 0.000016 seconds.
  path: Assets/TextMesh Pro/Resources/Shaders/TMP_SDF-Surface-Mobile.shader
  artifactKey: Guid(85187c2149c549c5b33f0cdb02836b17) Importer(2089858483,192608db42251d675da83286b1cce702)
Start importing Assets/TextMesh Pro/Resources/Shaders/TMP_SDF-Surface-Mobile.shader using Guid(85187c2149c549c5b33f0cdb02836b17) Importer(2089858483,192608db42251d675da83286b1cce702) (ScriptedImporter)Generated GUIDs only implemented for interfaces!
 -> (artifact id: '171dba523e640de86de67c33f807a399') in 0.016226 seconds
Number of updated asset objects reloaded before import = 0Number of asset objects unloaded after import = 1

Editor requested this worker to shutdown with reason: Scaling down because of idle timeout
AssetImportWorker is now disconnected from the server
Process exiting
Exiting without the bug reporter. Application will terminate with return code 0