Using pre-set license
Built from '2023.2/staging' branch; Version is '2023.2.8f1 (a3bb09f8c8c4) revision 10730249'; Using compiler version '193431935'; Build Type 'Release'
OS: 'Windows 10  (10.0.19045) 64bit Professional' Language: 'en' Physical Memory: 32712 MB
BatchMode: 1, IsHumanControllingUs: 0, StartBugReporterOnCrash: 0, Is64bit: 1, IsPro: 1

COMMAND LINE ARGUMENTS:
C:\Program Files\Unity\Hub\Editor\2023.2.8f1\Editor\Unity.exe
-adb2
-batchMode
-noUpm
-name
AssetImportWorker2
-projectPath
Z:/net.loam.bubbles/Line Zen
-logFile
Logs/AssetImportWorker2.log
-srvPort
54379
-job-worker-count
7
-background-job-worker-count
8
-asset-garbage-collectors
1
Successfully changed project path to: Z:/net.loam.bubbles/Line Zen
Z:/net.loam.bubbles/Line Zen
[UnityMemory] Configuration Parameters - Can be set up in boot.config
    "memorysetup-bucket-allocator-granularity=16"
    "memorysetup-bucket-allocator-bucket-count=8"
    "memorysetup-bucket-allocator-block-size=33554432"
    "memorysetup-bucket-allocator-block-count=8"
    "memorysetup-main-allocator-block-size=16777216"
    "memorysetup-thread-allocator-block-size=16777216"
    "memorysetup-gfx-main-allocator-block-size=16777216"
    "memorysetup-gfx-thread-allocator-block-size=16777216"
    "memorysetup-cache-allocator-block-size=4194304"
    "memorysetup-typetree-allocator-block-size=2097152"
    "memorysetup-profiler-bucket-allocator-granularity=16"
    "memorysetup-profiler-bucket-allocator-bucket-count=8"
    "memorysetup-profiler-bucket-allocator-block-size=33554432"
    "memorysetup-profiler-bucket-allocator-block-count=8"
    "memorysetup-profiler-allocator-block-size=16777216"
    "memorysetup-profiler-editor-allocator-block-size=1048576"
    "memorysetup-temp-allocator-size-main=16777216"
    "memorysetup-job-temp-allocator-block-size=2097152"
    "memorysetup-job-temp-allocator-block-size-background=1048576"
    "memorysetup-job-temp-allocator-reduction-small-platforms=262144"
    "memorysetup-allocator-temp-initial-block-size-main=262144"
    "memorysetup-allocator-temp-initial-block-size-worker=262144"
    "memorysetup-temp-allocator-size-background-worker=32768"
    "memorysetup-temp-allocator-size-job-worker=262144"
    "memorysetup-temp-allocator-size-preload-manager=33554432"
    "memorysetup-temp-allocator-size-nav-mesh-worker=65536"
    "memorysetup-temp-allocator-size-audio-worker=65536"
    "memorysetup-temp-allocator-size-cloud-worker=32768"
    "memorysetup-temp-allocator-size-gi-baking-worker=262144"
    "memorysetup-temp-allocator-size-gi-baking-worker=262144"
    "memorysetup-temp-allocator-size-gi-baking-worker=262144"
    "memorysetup-temp-allocator-size-gi-baking-worker=262144"
    "memorysetup-temp-allocator-size-gfx=262144"
Player connection [32876] Host "[IP] 192.168.50.150 [Port] 0 [Flags] 2 [Guid] 2883928183 [EditorId] 2883928183 [Version] 1048832 [Id] WindowsEditor(7,Nox) [Debug] 1 [PackageName] WindowsEditor [ProjectName] Editor" joined multi-casting on [225.0.0.222:54997]...
Player connection [32876] Host "[IP] 192.168.50.150 [Port] 0 [Flags] 2 [Guid] 2883928183 [EditorId] 2883928183 [Version] 1048832 [Id] WindowsEditor(7,Nox) [Debug] 1 [PackageName] WindowsEditor [ProjectName] Editor" joined alternative multi-casting on [225.0.0.222:34997]...
JobSystem: Creating JobQueue using job-worker-count value 7
[Physics::Module] Initialized MultithreadedJobDispatcher with 7 workers.
Library Redirect Path: Library/
Refreshing native plugins compatible for Editor in 0.86 ms, found 2 plugins.
Preloading 0 native plugins for Editor in 0.00 ms.
Initialize engine version: 2023.2.8f1 (a3bb09f8c8c4)
[Subsystems] Discovering subsystems at path C:/Program Files/Unity/Hub/Editor/2023.2.8f1/Editor/Data/Resources/UnitySubsystems
[Subsystems] Discovering subsystems at path Z:/net.loam.bubbles/Line Zen/Assets
GfxDevice: creating device client; kGfxThreadingModeNonThreaded
Direct3D:
    Version:  Direct3D 11.0 [level 11.1]
    Renderer: NVIDIA GeForce RTX 2070 (ID=0x1f07)
    Vendor:   NVIDIA
    VRAM:     8019 MB
    Driver:   31.0.15.3141
Initialize mono
Mono path[0] = 'C:/Program Files/Unity/Hub/Editor/2023.2.8f1/Editor/Data/Managed'
Mono path[1] = 'C:/Program Files/Unity/Hub/Editor/2023.2.8f1/Editor/Data/MonoBleedingEdge/lib/mono/unityjit-win32'
Mono config path = 'C:/Program Files/Unity/Hub/Editor/2023.2.8f1/Editor/Data/MonoBleedingEdge/etc'
Using monoOptions --debugger-agent=transport=dt_socket,embedding=1,server=y,suspend=n,address=127.0.0.1:56964
Begin MonoManager ReloadAssembly
C:\build\output\Unity-Technologies\mono\mono\metadata\icall.c:1842:
C:\build\output\Unity-Technologies\mono\mono\metadata\icall.c:1842:
C:\build\output\Unity-Technologies\mono\mono\metadata\icall.c:1842:
C:\build\output\Unity-Technologies\mono\mono\metadata\icall.c:1842:
C:\build\output\Unity-Technologies\mono\mono\metadata\icall.c:1842:
C:\build\output\Unity-Technologies\mono\mono\metadata\icall.c:1842:
C:\build\output\Unity-Technologies\mono\mono\metadata\icall.c:1842:
C:\build\output\Unity-Technologies\mono\mono\metadata\icall.c:1842:
C:\build\output\Unity-Technologies\mono\mono\metadata\icall.c:1842:
C:\build\output\Unity-Technologies\mono\mono\metadata\icall.c:1842:
Registering precompiled unity dll's ...
Register platform support module: C:/Program Files/Unity/Hub/Editor/2023.2.8f1/Editor/Data/PlaybackEngines/WindowsStandaloneSupport/UnityEditor.WindowsStandalone.Extensions.dll
Register platform support module: C:/Program Files/Unity/Hub/Editor/2023.2.8f1/Editor/Data/PlaybackEngines/AndroidPlayer/UnityEditor.Android.Extensions.dll
Register platform support module: C:/Program Files/Unity/Hub/Editor/2023.2.8f1/Editor/Data/PlaybackEngines/LinuxStandaloneSupport/UnityEditor.LinuxStandalone.Extensions.dll
Registered in 0.005959 seconds.
- Loaded All Assemblies, in  0.466 seconds
Native extension for LinuxStandalone target not found
Native extension for Android target not found
Android Extension - Scanning For ADB Devices 385 ms
Native extension for WindowsStandalone target not found
Mono: successfully reloaded assembly
C:\build\output\Unity-Technologies\mono\mono\metadata\icall.c:1842:
C:\build\output\Unity-Technologies\mono\mono\metadata\icall.c:1842:
- Finished resetting the current domain, in  0.783 seconds
Domain Reload Profiling: 1245ms
	BeginReloadAssembly (161ms)
		ExecutionOrderSort (0ms)
		DisableScriptedObjects (0ms)
		BackupInstance (0ms)
		ReleaseScriptingObjects (0ms)
		CreateAndSetChildDomain (1ms)
	RebuildCommonClasses (48ms)
	RebuildNativeTypeToScriptingClass (15ms)
	initialDomainReloadingComplete (54ms)
	LoadAllAssembliesAndSetupDomain (184ms)
		LoadAssemblies (157ms)
		RebuildTransferFunctionScriptingTraits (0ms)
		AnalyzeDomain (181ms)
			TypeCache.Refresh (179ms)
				TypeCache.ScanAssembly (166ms)
			BuildScriptInfoCaches (0ms)
			ResolveRequiredComponents (1ms)
	FinalizeReload (784ms)
		ReleaseScriptCaches (0ms)
		RebuildScriptCaches (0ms)
		SetupLoadedEditorAssemblies (734ms)
			LogAssemblyErrors (0ms)
			InitializePlatformSupportModulesInManaged (501ms)
			SetLoadedEditorAssemblies (4ms)
			BeforeProcessingInitializeOnLoad (9ms)
			ProcessInitializeOnLoadAttributes (169ms)
			ProcessInitializeOnLoadMethodAttributes (51ms)
			AfterProcessingInitializeOnLoad (0ms)
			EditorAssembliesLoaded (0ms)
		ExecutionOrderSort2 (0ms)
		AwakeInstancesAfterBackupRestoration (0ms)
========================================================================
Worker process is ready to serve import requests
Import Worker Mode flag is 0x00
Begin MonoManager ReloadAssembly
C:\build\output\Unity-Technologies\mono\mono\metadata\icall.c:1842:
C:\build\output\Unity-Technologies\mono\mono\metadata\icall.c:1842:
C:\build\output\Unity-Technologies\mono\mono\metadata\icall.c:1842:
C:\build\output\Unity-Technologies\mono\mono\metadata\icall.c:1842:
C:\build\output\Unity-Technologies\mono\mono\metadata\icall.c:1842:
C:\build\output\Unity-Technologies\mono\mono\metadata\icall.c:1842:
C:\build\output\Unity-Technologies\mono\mono\metadata\icall.c:1842:
C:\build\output\Unity-Technologies\mono\mono\metadata\icall.c:1842:
C:\build\output\Unity-Technologies\mono\mono\metadata\icall.c:1842:
C:\build\output\Unity-Technologies\mono\mono\metadata\icall.c:1842:
C:\build\output\Unity-Technologies\mono\mono\metadata\icall.c:1842:
C:\build\output\Unity-Technologies\mono\mono\metadata\icall.c:1842:
- Loaded All Assemblies, in  0.702 seconds
Refreshing native plugins compatible for Editor in 0.32 ms, found 2 plugins.
Native extension for LinuxStandalone target not found
Native extension for Android target not found
Native extension for WindowsStandalone target not found
Mono: successfully reloaded assembly
- Finished resetting the current domain, in  0.700 seconds
Domain Reload Profiling: 1398ms
	BeginReloadAssembly (320ms)
		ExecutionOrderSort (0ms)
		DisableScriptedObjects (8ms)
		BackupInstance (0ms)
		ReleaseScriptingObjects (0ms)
		CreateAndSetChildDomain (32ms)
	RebuildCommonClasses (38ms)
	RebuildNativeTypeToScriptingClass (14ms)
	initialDomainReloadingComplete (35ms)
	LoadAllAssembliesAndSetupDomain (291ms)
		LoadAssemblies (294ms)
		RebuildTransferFunctionScriptingTraits (0ms)
		AnalyzeDomain (111ms)
			TypeCache.Refresh (93ms)
				TypeCache.ScanAssembly (76ms)
			BuildScriptInfoCaches (12ms)
			ResolveRequiredComponents (3ms)
	FinalizeReload (700ms)
		ReleaseScriptCaches (0ms)
		RebuildScriptCaches (0ms)
		SetupLoadedEditorAssemblies (487ms)
			LogAssemblyErrors (0ms)
			InitializePlatformSupportModulesInManaged (25ms)
			SetLoadedEditorAssemblies (5ms)
			BeforeProcessingInitializeOnLoad (54ms)
			ProcessInitializeOnLoadAttributes (375ms)
			ProcessInitializeOnLoadMethodAttributes (21ms)
			AfterProcessingInitializeOnLoad (6ms)
			EditorAssembliesLoaded (0ms)
		ExecutionOrderSort2 (0ms)
		AwakeInstancesAfterBackupRestoration (5ms)
Launched and connected shader compiler UnityShaderCompiler.exe after 0.01 seconds
Refreshing native plugins compatible for Editor in 0.60 ms, found 2 plugins.
Preloading 0 native plugins for Editor in 0.00 ms.
Unloading 24 Unused Serialized files (Serialized files now loaded: 0)
Unloading 1590 unused Assets / (0.8 MB). Loaded Objects now: 2170.
Memory consumption went from 108.3 MB to 107.5 MB.
Total: 6.666200 ms (FindLiveObjects: 0.347300 ms CreateObjectMapping: 0.107600 ms MarkObjects: 5.407100 ms  DeleteObjects: 0.802600 ms)

========================================================================
Received Import Request.
  Time since last request: 1918240.661619 seconds.
  path: Assets/Levels/Tutorials/tutorial2.txt
  artifactKey: Guid(3e2c6be780cf2444c8ccf81f3694a2af) Importer(2089858483,192608db42251d675da83286b1cce702)
Start importing Assets/Levels/Tutorials/tutorial2.txt using Guid(3e2c6be780cf2444c8ccf81f3694a2af) Importer(2089858483,192608db42251d675da83286b1cce702) (ScriptedImporter)Generated GUIDs only implemented for interfaces!
 -> (artifact id: '4ea34f7c4c40b43e40ba6ae96759f937') in 0.072981 seconds
Number of updated asset objects reloaded before import = 0Number of asset objects unloaded after import = 1

========================================================================
Received Import Request.
  Time since last request: 0.000018 seconds.
  path: Assets/TextMesh Pro/Resources/TMP Settings.asset
  artifactKey: Guid(3f5b5dff67a942289a9defa416b206f3) Importer(2089858483,192608db42251d675da83286b1cce702)
Start importing Assets/TextMesh Pro/Resources/TMP Settings.asset using Guid(3f5b5dff67a942289a9defa416b206f3) Importer(2089858483,192608db42251d675da83286b1cce702) (ScriptedImporter)Generated GUIDs only implemented for interfaces!
 -> (artifact id: 'b2c03689765058621fc1e29b790064d2') in 0.0776802 seconds
Number of updated asset objects reloaded before import = 0Number of asset objects unloaded after import = 13

========================================================================
Received Import Request.
  Time since last request: 0.000017 seconds.
  path: Assets/Scripts/Game/GameState.cs
  artifactKey: Guid(ddd47a418f438634494a52e9595a3a6d) Importer(2089858483,192608db42251d675da83286b1cce702)
Start importing Assets/Scripts/Game/GameState.cs using Guid(ddd47a418f438634494a52e9595a3a6d) Importer(2089858483,192608db42251d675da83286b1cce702) (ScriptedImporter)Generated GUIDs only implemented for interfaces!
 -> (artifact id: 'd535a036721b111c4792de38b131124e') in 0.0114828 seconds
Number of updated asset objects reloaded before import = 0Number of asset objects unloaded after import = 0

========================================================================
Received Import Request.
  Time since last request: 0.000054 seconds.
  path: Assets/Scripts/Game/GameMode.cs
  artifactKey: Guid(31536de869338de4b8ee2b159336f8bb) Importer(2089858483,192608db42251d675da83286b1cce702)
Start importing Assets/Scripts/Game/GameMode.cs using Guid(31536de869338de4b8ee2b159336f8bb) Importer(2089858483,192608db42251d675da83286b1cce702) (ScriptedImporter)Generated GUIDs only implemented for interfaces!
 -> (artifact id: '6bd411133cb9405c874ab541b29a0d84') in 0.0099376 seconds
Number of updated asset objects reloaded before import = 0Number of asset objects unloaded after import = 0

========================================================================
Received Import Request.
  Time since last request: 0.000090 seconds.
  path: Assets/Scripts/Data/DataPuzzle.cs
  artifactKey: Guid(86fdeaebadd95464ea47cc40a0af53eb) Importer(2089858483,192608db42251d675da83286b1cce702)
Start importing Assets/Scripts/Data/DataPuzzle.cs using Guid(86fdeaebadd95464ea47cc40a0af53eb) Importer(2089858483,192608db42251d675da83286b1cce702) (ScriptedImporter)Generated GUIDs only implemented for interfaces!
 -> (artifact id: '3913fd0eaae3e769526227673b1bb3d8') in 0.0128154 seconds
Number of updated asset objects reloaded before import = 0Number of asset objects unloaded after import = 0

========================================================================
Received Import Request.
  Time since last request: 0.000071 seconds.
  path: Assets/Scripts/Visual/VisualScoreTextFeedback.cs
  artifactKey: Guid(0b10b231cd8873e4085b7b0244bc079c) Importer(2089858483,192608db42251d675da83286b1cce702)
Start importing Assets/Scripts/Visual/VisualScoreTextFeedback.cs using Guid(0b10b231cd8873e4085b7b0244bc079c) Importer(2089858483,192608db42251d675da83286b1cce702) (ScriptedImporter)Generated GUIDs only implemented for interfaces!
 -> (artifact id: '43d2c694190292b88394fac60d31032b') in 0.0115873 seconds
Number of updated asset objects reloaded before import = 0Number of asset objects unloaded after import = 0

========================================================================
Received Import Request.
  Time since last request: 0.000071 seconds.
  path: Assets/Levels/Puzzles/Puzzles.asset
  artifactKey: Guid(daea1422827ef584a99b10228a688e29) Importer(2089858483,192608db42251d675da83286b1cce702)
Start importing Assets/Levels/Puzzles/Puzzles.asset using Guid(daea1422827ef584a99b10228a688e29) Importer(2089858483,192608db42251d675da83286b1cce702) (ScriptedImporter)Generated GUIDs only implemented for interfaces!
 -> (artifact id: '8b34b3909533356cdc424896b53debf8') in 0.0182906 seconds
Number of updated asset objects reloaded before import = 0Number of asset objects unloaded after import = 33

========================================================================
Received Import Request.
  Time since last request: 0.000017 seconds.
  path: Assets/Scripts/Editor/GameEditorUtilityEditor.cs
  artifactKey: Guid(61a4cdd840b8e9b4a9375da47dc0dc85) Importer(2089858483,192608db42251d675da83286b1cce702)
Start importing Assets/Scripts/Editor/GameEditorUtilityEditor.cs using Guid(61a4cdd840b8e9b4a9375da47dc0dc85) Importer(2089858483,192608db42251d675da83286b1cce702) (ScriptedImporter)Generated GUIDs only implemented for interfaces!
 -> (artifact id: '3c3a8709bf3e31c6f3597d78ce9793d9') in 0.0114477 seconds
Number of updated asset objects reloaded before import = 0Number of asset objects unloaded after import = 0

========================================================================
Received Import Request.
  Time since last request: 0.000082 seconds.
  path: Assets/Audio/Wisps of Whorles.mp3
  artifactKey: Guid(49cb1936098b01443949a8448aa3bb4e) Importer(2089858483,192608db42251d675da83286b1cce702)
Start importing Assets/Audio/Wisps of Whorles.mp3 using Guid(49cb1936098b01443949a8448aa3bb4e) Importer(2089858483,192608db42251d675da83286b1cce702) (ScriptedImporter)Generated GUIDs only implemented for interfaces!
 -> (artifact id: '9255abb3b65c9d6a73ecd48b556bba8a') in 1.1121295 seconds
Number of updated asset objects reloaded before import = 0Number of asset objects unloaded after import = 1

========================================================================
Received Import Request.
  Time since last request: 0.000029 seconds.
  path: Assets/Visuals/FileDialog.prefab
  artifactKey: Guid(3a5a1ae76c09a0b42ab80e108b415517) Importer(2089858483,192608db42251d675da83286b1cce702)
Start importing Assets/Visuals/FileDialog.prefab using Guid(3a5a1ae76c09a0b42ab80e108b415517) Importer(2089858483,192608db42251d675da83286b1cce702) (ScriptedImporter)Generated GUIDs only implemented for interfaces!
 -> (artifact id: '6728bb67775a0dea3075fe4ecaabf64c') in 0.1009407 seconds
Number of updated asset objects reloaded before import = 0Number of asset objects unloaded after import = 194

========================================================================
Received Import Request.
  Time since last request: 0.000017 seconds.
  path: Assets/TextMesh Pro/Resources/Shaders/TMPro_Surface.cginc
  artifactKey: Guid(d930090c0cd643c7b55f19a38538c162) Importer(2089858483,192608db42251d675da83286b1cce702)
Start importing Assets/TextMesh Pro/Resources/Shaders/TMPro_Surface.cginc using Guid(d930090c0cd643c7b55f19a38538c162) Importer(2089858483,192608db42251d675da83286b1cce702) (ScriptedImporter)Generated GUIDs only implemented for interfaces!
 -> (artifact id: 'ed5734c1a94385ceea17d5079397146b') in 0.0105495 seconds
Number of updated asset objects reloaded before import = 0Number of asset objects unloaded after import = 1

========================================================================
Received Import Request.
  Time since last request: 0.000047 seconds.
  path: Assets/Levels/Puzzles/Varied/puzzle3005.txt
  artifactKey: Guid(eb542324dd0824349b32d45274eb4213) Importer(2089858483,192608db42251d675da83286b1cce702)
Start importing Assets/Levels/Puzzles/Varied/puzzle3005.txt using Guid(eb542324dd0824349b32d45274eb4213) Importer(2089858483,192608db42251d675da83286b1cce702) (ScriptedImporter)Generated GUIDs only implemented for interfaces!
 -> (artifact id: '049b51dad0571525908574a00c43f680') in 0.0094453 seconds
Number of updated asset objects reloaded before import = 0Number of asset objects unloaded after import = 1

========================================================================
Received Import Request.
  Time since last request: 0.000039 seconds.
  path: Assets/Levels/Puzzles/Basic/puzzle0002.txt
  artifactKey: Guid(f30ca06121485df4c83c7216d93a7051) Importer(2089858483,192608db42251d675da83286b1cce702)
Start importing Assets/Levels/Puzzles/Basic/puzzle0002.txt using Guid(f30ca06121485df4c83c7216d93a7051) Importer(2089858483,192608db42251d675da83286b1cce702) (ScriptedImporter)Generated GUIDs only implemented for interfaces!
 -> (artifact id: '51ab4d587452affac79736b99d2f74f5') in 0.0093182 seconds
Number of updated asset objects reloaded before import = 0Number of asset objects unloaded after import = 1

========================================================================
Received Import Request.
  Time since last request: 0.000044 seconds.
  path: Assets/Levels/Puzzles/Varied/puzzle3002.txt
  artifactKey: Guid(f65784fd3cfe4cd41a3fb0a1a43e16e7) Importer(2089858483,192608db42251d675da83286b1cce702)
Start importing Assets/Levels/Puzzles/Varied/puzzle3002.txt using Guid(f65784fd3cfe4cd41a3fb0a1a43e16e7) Importer(2089858483,192608db42251d675da83286b1cce702) (ScriptedImporter)Generated GUIDs only implemented for interfaces!
 -> (artifact id: 'be2c8762c73c5f163646157cf1eb3935') in 0.0088476 seconds
Number of updated asset objects reloaded before import = 0Number of asset objects unloaded after import = 1

========================================================================
Received Import Request.
  Time since last request: 0.000068 seconds.
  path: Assets/Packages/FpsGraphAnalyzer/Textures/LineTexture.png
  artifactKey: Guid(34399bd125f81dc4894c3c081d3bf8c3) Importer(2089858483,192608db42251d675da83286b1cce702)
Start importing Assets/Packages/FpsGraphAnalyzer/Textures/LineTexture.png using Guid(34399bd125f81dc4894c3c081d3bf8c3) Importer(2089858483,192608db42251d675da83286b1cce702) (ScriptedImporter)Generated GUIDs only implemented for interfaces!
 -> (artifact id: 'f913478cabebf78a677a69b1d869c8b7') in 0.0785857 seconds
Number of updated asset objects reloaded before import = 0Number of asset objects unloaded after import = 1

========================================================================
Received Import Request.
  Time since last request: 0.000053 seconds.
  path: Assets/Levels/Puzzles/Varied/puzzle3006.txt
  artifactKey: Guid(03c7b30b290839146a94f7e0f63aba93) Importer(2089858483,192608db42251d675da83286b1cce702)
Start importing Assets/Levels/Puzzles/Varied/puzzle3006.txt using Guid(03c7b30b290839146a94f7e0f63aba93) Importer(2089858483,192608db42251d675da83286b1cce702) (ScriptedImporter)Generated GUIDs only implemented for interfaces!
 -> (artifact id: '187d364515091e34a76358051ea2d8f0') in 0.0088269 seconds
Number of updated asset objects reloaded before import = 0Number of asset objects unloaded after import = 1

========================================================================
Received Import Request.
  Time since last request: 0.000033 seconds.
  path: Assets/Levels/Puzzles/Basic/puzzle0001.txt
  artifactKey: Guid(5e5af65451e4d0c498da4412fe48ba2c) Importer(2089858483,192608db42251d675da83286b1cce702)
Start importing Assets/Levels/Puzzles/Basic/puzzle0001.txt using Guid(5e5af65451e4d0c498da4412fe48ba2c) Importer(2089858483,192608db42251d675da83286b1cce702) (ScriptedImporter)Generated GUIDs only implemented for interfaces!
 -> (artifact id: '19a4bf8b3f1a59e60e89ede9edfe07d5') in 0.0091047 seconds
Number of updated asset objects reloaded before import = 0Number of asset objects unloaded after import = 1

========================================================================
Received Import Request.
  Time since last request: 0.000052 seconds.
  path: Assets/TextMesh Pro/Resources/Shaders/TMPro.cginc
  artifactKey: Guid(407bc68d299748449bbf7f48ee690f8d) Importer(2089858483,192608db42251d675da83286b1cce702)
Start importing Assets/TextMesh Pro/Resources/Shaders/TMPro.cginc using Guid(407bc68d299748449bbf7f48ee690f8d) Importer(2089858483,192608db42251d675da83286b1cce702) (ScriptedImporter)Generated GUIDs only implemented for interfaces!
 -> (artifact id: '5f001e41b012b56e1617b5aba4708817') in 0.009485 seconds
Number of updated asset objects reloaded before import = 0Number of asset objects unloaded after import = 1

========================================================================
Received Import Request.
  Time since last request: 0.000026 seconds.
  path: Assets/Levels/Puzzles/Varied/puzzle3004.txt
  artifactKey: Guid(d966cee9e9317524b8240b93bf1a6dfe) Importer(2089858483,192608db42251d675da83286b1cce702)
Start importing Assets/Levels/Puzzles/Varied/puzzle3004.txt using Guid(d966cee9e9317524b8240b93bf1a6dfe) Importer(2089858483,192608db42251d675da83286b1cce702) (ScriptedImporter)Generated GUIDs only implemented for interfaces!
 -> (artifact id: '74974a58f1c25d03077d1555f451b96e') in 0.010286 seconds
Number of updated asset objects reloaded before import = 0Number of asset objects unloaded after import = 1

========================================================================
Received Import Request.
  Time since last request: 0.000018 seconds.
  path: Assets/Scripts/UI/UIUpdateScoreVariable.cs
  artifactKey: Guid(1dfe8667d71a558408c813c0ae421c8c) Importer(2089858483,192608db42251d675da83286b1cce702)
Start importing Assets/Scripts/UI/UIUpdateScoreVariable.cs using Guid(1dfe8667d71a558408c813c0ae421c8c) Importer(2089858483,192608db42251d675da83286b1cce702) (ScriptedImporter)Generated GUIDs only implemented for interfaces!
 -> (artifact id: '4859c92b08c8187b1c0c8c2cf0bee5df') in 0.0111776 seconds
Number of updated asset objects reloaded before import = 0Number of asset objects unloaded after import = 0

========================================================================
Received Import Request.
  Time since last request: 0.000049 seconds.
  path: Assets/Scripts/Game/GameEditorRepository.cs
  artifactKey: Guid(42f9473c18eeca14e878d6a4625fc978) Importer(2089858483,192608db42251d675da83286b1cce702)
Start importing Assets/Scripts/Game/GameEditorRepository.cs using Guid(42f9473c18eeca14e878d6a4625fc978) Importer(2089858483,192608db42251d675da83286b1cce702) (ScriptedImporter)Generated GUIDs only implemented for interfaces!
 -> (artifact id: '76b1ef73ba70d1453d7ef9a78c9d2bb3') in 0.0103872 seconds
Number of updated asset objects reloaded before import = 0Number of asset objects unloaded after import = 0

========================================================================
Received Import Request.
  Time since last request: 0.000019 seconds.
  path: Assets/Scripts/UI/UIConstructTextAsset.cs
  artifactKey: Guid(637151be47d0b3649b8c4562a61fa66d) Importer(2089858483,192608db42251d675da83286b1cce702)
Start importing Assets/Scripts/UI/UIConstructTextAsset.cs using Guid(637151be47d0b3649b8c4562a61fa66d) Importer(2089858483,192608db42251d675da83286b1cce702) (ScriptedImporter)Generated GUIDs only implemented for interfaces!
 -> (artifact id: 'b3cd153387c07094cb497193c559d7bb') in 0.0105999 seconds
Number of updated asset objects reloaded before import = 0Number of asset objects unloaded after import = 0

========================================================================
Received Import Request.
  Time since last request: 0.000019 seconds.
  path: Assets/Visuals/Line.prefab
  artifactKey: Guid(026fd56e0a8ca6c46be237ff9b5b27bc) Importer(2089858483,192608db42251d675da83286b1cce702)
Start importing Assets/Visuals/Line.prefab using Guid(026fd56e0a8ca6c46be237ff9b5b27bc) Importer(2089858483,192608db42251d675da83286b1cce702) (ScriptedImporter)Generated GUIDs only implemented for interfaces!
 -> (artifact id: '6d5e4236ff081ff986ae19725e7360ca') in 0.026802 seconds
Number of updated asset objects reloaded before import = 0Number of asset objects unloaded after import = 5

========================================================================
Received Import Request.
  Time since last request: 0.000015 seconds.
  path: Assets/Scripts/Game/GameInputManager.cs
  artifactKey: Guid(baa47c1ef042cdd4092e2362e5b3d503) Importer(2089858483,192608db42251d675da83286b1cce702)
Start importing Assets/Scripts/Game/GameInputManager.cs using Guid(baa47c1ef042cdd4092e2362e5b3d503) Importer(2089858483,192608db42251d675da83286b1cce702) (ScriptedImporter)Generated GUIDs only implemented for interfaces!
 -> (artifact id: '513892ecfa036b36140e2e72daeaa805') in 0.0101898 seconds
Number of updated asset objects reloaded before import = 0Number of asset objects unloaded after import = 0

========================================================================
Received Import Request.
  Time since last request: 0.000078 seconds.
  path: Assets/Scripts/UI/UIFadeIn.cs
  artifactKey: Guid(c707b988470922f48bb6174e2811eecb) Importer(2089858483,192608db42251d675da83286b1cce702)
Start importing Assets/Scripts/UI/UIFadeIn.cs using Guid(c707b988470922f48bb6174e2811eecb) Importer(2089858483,192608db42251d675da83286b1cce702) (ScriptedImporter)Generated GUIDs only implemented for interfaces!
 -> (artifact id: 'bd2d43a79fd5d0d554c8265ac4487552') in 0.0106818 seconds
Number of updated asset objects reloaded before import = 0Number of asset objects unloaded after import = 0

========================================================================
Received Import Request.
  Time since last request: 0.000084 seconds.
  path: Assets/Scripts/UI/UILevelEditorWriter.cs
  artifactKey: Guid(e133d342f2e79164bb960b0ae01e555d) Importer(2089858483,192608db42251d675da83286b1cce702)
Start importing Assets/Scripts/UI/UILevelEditorWriter.cs using Guid(e133d342f2e79164bb960b0ae01e555d) Importer(2089858483,192608db42251d675da83286b1cce702) (ScriptedImporter)Generated GUIDs only implemented for interfaces!
 -> (artifact id: '93a8cb6448642f14d9cfc3f6e0ce71a8') in 0.0103869 seconds
Number of updated asset objects reloaded before import = 0Number of asset objects unloaded after import = 0

========================================================================
Received Import Request.
  Time since last request: 0.000066 seconds.
  path: Assets/Scripts/UI/UIPushToLevelEditor.cs
  artifactKey: Guid(516428a76d258b24ca311f33da023487) Importer(2089858483,192608db42251d675da83286b1cce702)
Start importing Assets/Scripts/UI/UIPushToLevelEditor.cs using Guid(516428a76d258b24ca311f33da023487) Importer(2089858483,192608db42251d675da83286b1cce702) (ScriptedImporter)Generated GUIDs only implemented for interfaces!
 -> (artifact id: '05ccca58e7f81ff4add1f785046299c5') in 0.0110602 seconds
Number of updated asset objects reloaded before import = 0Number of asset objects unloaded after import = 0

========================================================================
Received Import Request.
  Time since last request: 0.000069 seconds.
  path: Assets/Levels/Puzzles/Basic/puzzle0004.txt
  artifactKey: Guid(3b8cea0a31f5790489785c93da808591) Importer(2089858483,192608db42251d675da83286b1cce702)
Start importing Assets/Levels/Puzzles/Basic/puzzle0004.txt using Guid(3b8cea0a31f5790489785c93da808591) Importer(2089858483,192608db42251d675da83286b1cce702) (ScriptedImporter)Generated GUIDs only implemented for interfaces!
 -> (artifact id: '088e6a6736b017890e299899bd828ed6') in 0.0095323 seconds
Number of updated asset objects reloaded before import = 0Number of asset objects unloaded after import = 1

========================================================================
Received Import Request.
  Time since last request: 0.000033 seconds.
  path: Assets/Visuals/Icons/star-outline.png
  artifactKey: Guid(c99fdcdb90740b54bbb21cec681b46bc) Importer(2089858483,192608db42251d675da83286b1cce702)
Start importing Assets/Visuals/Icons/star-outline.png using Guid(c99fdcdb90740b54bbb21cec681b46bc) Importer(2089858483,192608db42251d675da83286b1cce702) (ScriptedImporter)Generated GUIDs only implemented for interfaces!
 -> (artifact id: '133d6c7124e780a090cbee0370c639b5') in 0.0380119 seconds
Number of updated asset objects reloaded before import = 0Number of asset objects unloaded after import = 3

========================================================================
Received Import Request.
  Time since last request: 0.000028 seconds.
  path: Assets/Scripts/Game/GameAudio.cs
  artifactKey: Guid(3db64f1cd3b517a47b4b2eedcbf25c7c) Importer(2089858483,192608db42251d675da83286b1cce702)
Start importing Assets/Scripts/Game/GameAudio.cs using Guid(3db64f1cd3b517a47b4b2eedcbf25c7c) Importer(2089858483,192608db42251d675da83286b1cce702) (ScriptedImporter)Generated GUIDs only implemented for interfaces!
 -> (artifact id: 'cdde783b289933b001a61c3d777f5536') in 0.010591 seconds
Number of updated asset objects reloaded before import = 0Number of asset objects unloaded after import = 0

========================================================================
Received Import Request.
  Time since last request: 0.000092 seconds.
  path: Assets/Scripts/UI/UIExpandIn.cs
  artifactKey: Guid(eb7db062157b283499665452e290a00b) Importer(2089858483,192608db42251d675da83286b1cce702)
Start importing Assets/Scripts/UI/UIExpandIn.cs using Guid(eb7db062157b283499665452e290a00b) Importer(2089858483,192608db42251d675da83286b1cce702) (ScriptedImporter)Generated GUIDs only implemented for interfaces!
 -> (artifact id: '7c638e8c20c334a9073bad97239588b7') in 0.0116545 seconds
Number of updated asset objects reloaded before import = 0Number of asset objects unloaded after import = 0

========================================================================
Received Import Request.
  Time since last request: 0.000092 seconds.
  path: Assets/Levels/Puzzles/Moving/puzzle2001.txt
  artifactKey: Guid(8c79047e092d2ee429909ff9d7a52520) Importer(2089858483,192608db42251d675da83286b1cce702)
Start importing Assets/Levels/Puzzles/Moving/puzzle2001.txt using Guid(8c79047e092d2ee429909ff9d7a52520) Importer(2089858483,192608db42251d675da83286b1cce702) (ScriptedImporter)Generated GUIDs only implemented for interfaces!
 -> (artifact id: '5fa2e09c76317dd23d9d9854ede8c8f4') in 0.0110393 seconds
Number of updated asset objects reloaded before import = 0Number of asset objects unloaded after import = 1

========================================================================
Received Import Request.
  Time since last request: 0.000032 seconds.
  path: Assets/TextMesh Pro/Shaders/TMP_SDF-HDRP LIT.shadergraph
  artifactKey: Guid(ca2ed216f98028c4dae6c5224a952b3c) Importer(2089858483,192608db42251d675da83286b1cce702)
Start importing Assets/TextMesh Pro/Shaders/TMP_SDF-HDRP LIT.shadergraph using Guid(ca2ed216f98028c4dae6c5224a952b3c) Importer(2089858483,192608db42251d675da83286b1cce702) (ScriptedImporter)Generated GUIDs only implemented for interfaces!
 -> (artifact id: '654a1d5235feae8731dc19ee5bcb2921') in 0.0099413 seconds
Number of updated asset objects reloaded before import = 0Number of asset objects unloaded after import = 1

========================================================================
Received Import Request.
  Time since last request: 0.000038 seconds.
  path: Assets/Visuals/Fonts/OpenSansCondensed-LightItalic SDF.asset
  artifactKey: Guid(964694bf72e8f43439513caf767015a1) Importer(2089858483,192608db42251d675da83286b1cce702)
Start importing Assets/Visuals/Fonts/OpenSansCondensed-LightItalic SDF.asset using Guid(964694bf72e8f43439513caf767015a1) Importer(2089858483,192608db42251d675da83286b1cce702) (ScriptedImporter)Generated GUIDs only implemented for interfaces!
 -> (artifact id: 'dc0838a8dc1fe6d680cf42a0c9c4b7dc') in 0.0598758 seconds
Number of updated asset objects reloaded before import = 0Number of asset objects unloaded after import = 3

========================================================================
Received Import Request.
  Time since last request: 0.000016 seconds.
  path: Assets/Levels/Puzzles/Large/puzzle1002.txt
  artifactKey: Guid(6baf4c7ec80ad35429445c2fa1f83073) Importer(2089858483,192608db42251d675da83286b1cce702)
Start importing Assets/Levels/Puzzles/Large/puzzle1002.txt using Guid(6baf4c7ec80ad35429445c2fa1f83073) Importer(2089858483,192608db42251d675da83286b1cce702) (ScriptedImporter)Generated GUIDs only implemented for interfaces!
 -> (artifact id: 'fc588435209d7357855dada89dec8446') in 0.0090689 seconds
Number of updated asset objects reloaded before import = 0Number of asset objects unloaded after import = 1

========================================================================
Received Import Request.
  Time since last request: 0.000045 seconds.
  path: Assets/TextMesh Pro/Sprites/EmojiOne Attribution.txt
  artifactKey: Guid(381dcb09d5029d14897e55f98031fca5) Importer(2089858483,192608db42251d675da83286b1cce702)
Start importing Assets/TextMesh Pro/Sprites/EmojiOne Attribution.txt using Guid(381dcb09d5029d14897e55f98031fca5) Importer(2089858483,192608db42251d675da83286b1cce702) (ScriptedImporter)Generated GUIDs only implemented for interfaces!
 -> (artifact id: '4eae839149b378a8aff92cd7f5bfe62c') in 0.0093189 seconds
Number of updated asset objects reloaded before import = 0Number of asset objects unloaded after import = 1

========================================================================
Received Import Request.
  Time since last request: 0.000020 seconds.
  path: Assets/Levels/Puzzles/Moving/listMoving.asset
  artifactKey: Guid(45fdb8b3e5ac15449ad1878d3f52edef) Importer(2089858483,192608db42251d675da83286b1cce702)
Start importing Assets/Levels/Puzzles/Moving/listMoving.asset using Guid(45fdb8b3e5ac15449ad1878d3f52edef) Importer(2089858483,192608db42251d675da83286b1cce702) (ScriptedImporter)Generated GUIDs only implemented for interfaces!
 -> (artifact id: 'd80db5e70e60f5f38537b96beb5d1a73') in 0.011621 seconds
Number of updated asset objects reloaded before import = 0Number of asset objects unloaded after import = 4

========================================================================
Received Import Request.
  Time since last request: 0.000023 seconds.
  path: Assets/Visuals/fade.png
  artifactKey: Guid(bd2df03c81fa04e45ba27f5de056f78c) Importer(2089858483,192608db42251d675da83286b1cce702)
Start importing Assets/Visuals/fade.png using Guid(bd2df03c81fa04e45ba27f5de056f78c) Importer(2089858483,192608db42251d675da83286b1cce702) (ScriptedImporter)Generated GUIDs only implemented for interfaces!
 -> (artifact id: '36c936e529d026b276c278ed2b4ed5da') in 0.0352833 seconds
Number of updated asset objects reloaded before import = 0Number of asset objects unloaded after import = 3

========================================================================
Received Import Request.
  Time since last request: 0.000021 seconds.
  path: Assets/Scripts/UI/UISinWave.cs
  artifactKey: Guid(f14993ae376fa324abfaca2bffa21259) Importer(2089858483,192608db42251d675da83286b1cce702)
Start importing Assets/Scripts/UI/UISinWave.cs using Guid(f14993ae376fa324abfaca2bffa21259) Importer(2089858483,192608db42251d675da83286b1cce702) (ScriptedImporter)Generated GUIDs only implemented for interfaces!
 -> (artifact id: '9b1ae4cc6d1476659bea73abc08c4272') in 0.0104375 seconds
Number of updated asset objects reloaded before import = 0Number of asset objects unloaded after import = 0

========================================================================
Received Import Request.
  Time since last request: 0.012012 seconds.
  path: Assets/TextMesh Pro/Resources/Shaders/TMP_Bitmap-Mobile.shader
  artifactKey: Guid(1e3b057af24249748ff873be7fafee47) Importer(2089858483,192608db42251d675da83286b1cce702)
Start importing Assets/TextMesh Pro/Resources/Shaders/TMP_Bitmap-Mobile.shader using Guid(1e3b057af24249748ff873be7fafee47) Importer(2089858483,192608db42251d675da83286b1cce702) (ScriptedImporter)Generated GUIDs only implemented for interfaces!
 -> (artifact id: '4b5457f5e89543be256dd660f73d0a57') in 0.0190655 seconds
Number of updated asset objects reloaded before import = 0Number of asset objects unloaded after import = 1

========================================================================
Received Import Request.
  Time since last request: 0.000082 seconds.
  path: Assets/TextMesh Pro/Resources/Sprite Assets/EmojiOne.asset
  artifactKey: Guid(c41005c129ba4d66911b75229fd70b45) Importer(2089858483,192608db42251d675da83286b1cce702)
Start importing Assets/TextMesh Pro/Resources/Sprite Assets/EmojiOne.asset using Guid(c41005c129ba4d66911b75229fd70b45) Importer(2089858483,192608db42251d675da83286b1cce702) (ScriptedImporter)Generated GUIDs only implemented for interfaces!
 -> (artifact id: '2a9ab5cbed0b145f99727c24f109abb9') in 0.0236422 seconds
Number of updated asset objects reloaded before import = 0Number of asset objects unloaded after import = 3

========================================================================
Received Import Request.
  Time since last request: 0.000020 seconds.
  path: Assets/TextMesh Pro/Resources/Shaders/TMP_Sprite.shader
  artifactKey: Guid(cf81c85f95fe47e1a27f6ae460cf182c) Importer(2089858483,192608db42251d675da83286b1cce702)
Start importing Assets/TextMesh Pro/Resources/Shaders/TMP_Sprite.shader using Guid(cf81c85f95fe47e1a27f6ae460cf182c) Importer(2089858483,192608db42251d675da83286b1cce702) (ScriptedImporter)Generated GUIDs only implemented for interfaces!
 -> (artifact id: '2a32dd01b073bf59db296d475fd9afe5') in 0.0133135 seconds
Number of updated asset objects reloaded before import = 0Number of asset objects unloaded after import = 1

========================================================================
Received Import Request.
  Time since last request: 1.332087 seconds.
  path: Assets/Visuals/Sprites/loam-border.png
  artifactKey: Guid(95f5a2e172212484faa63c81bdcb3ebc) Importer(815301076,1909f56bfc062723c751e8b465ee728b)
Start importing Assets/Visuals/Sprites/loam-border.png using Guid(95f5a2e172212484faa63c81bdcb3ebc) Importer(815301076,1909f56bfc062723c751e8b465ee728b) (PreviewImporter) -> (artifact id: 'f698e3776fd9c724df71c67010c0014d') in 0.0902762 seconds
Number of updated asset objects reloaded before import = 0Number of asset objects unloaded after import = 3

