Using pre-set license
Built from '2023.2/staging' branch; Version is '2023.2.8f1 (a3bb09f8c8c4) revision 10730249'; Using compiler version '193431935'; Build Type 'Release'
OS: 'Windows 10  (10.0.19045) 64bit Professional' Language: 'en' Physical Memory: 32712 MB
BatchMode: 1, IsHumanControllingUs: 0, StartBugReporterOnCrash: 0, Is64bit: 1, IsPro: 1

COMMAND LINE ARGUMENTS:
C:\Program Files\Unity\Hub\Editor\2023.2.8f1\Editor\Unity.exe
-adb2
-batchMode
-noUpm
-name
AssetImportWorker1
-projectPath
Z:/net.loam.bubbles/Line Zen
-logFile
Logs/AssetImportWorker1.log
-srvPort
54379
-job-worker-count
7
-background-job-worker-count
8
-asset-garbage-collectors
1
Successfully changed project path to: Z:/net.loam.bubbles/Line Zen
Z:/net.loam.bubbles/Line Zen
[UnityMemory] Configuration Parameters - Can be set up in boot.config
    "memorysetup-bucket-allocator-granularity=16"
    "memorysetup-bucket-allocator-bucket-count=8"
    "memorysetup-bucket-allocator-block-size=33554432"
    "memorysetup-bucket-allocator-block-count=8"
    "memorysetup-main-allocator-block-size=16777216"
    "memorysetup-thread-allocator-block-size=16777216"
    "memorysetup-gfx-main-allocator-block-size=16777216"
    "memorysetup-gfx-thread-allocator-block-size=16777216"
    "memorysetup-cache-allocator-block-size=4194304"
    "memorysetup-typetree-allocator-block-size=2097152"
    "memorysetup-profiler-bucket-allocator-granularity=16"
    "memorysetup-profiler-bucket-allocator-bucket-count=8"
    "memorysetup-profiler-bucket-allocator-block-size=33554432"
    "memorysetup-profiler-bucket-allocator-block-count=8"
    "memorysetup-profiler-allocator-block-size=16777216"
    "memorysetup-profiler-editor-allocator-block-size=1048576"
    "memorysetup-temp-allocator-size-main=16777216"
    "memorysetup-job-temp-allocator-block-size=2097152"
    "memorysetup-job-temp-allocator-block-size-background=1048576"
    "memorysetup-job-temp-allocator-reduction-small-platforms=262144"
    "memorysetup-allocator-temp-initial-block-size-main=262144"
    "memorysetup-allocator-temp-initial-block-size-worker=262144"
    "memorysetup-temp-allocator-size-background-worker=32768"
    "memorysetup-temp-allocator-size-job-worker=262144"
    "memorysetup-temp-allocator-size-preload-manager=33554432"
    "memorysetup-temp-allocator-size-nav-mesh-worker=65536"
    "memorysetup-temp-allocator-size-audio-worker=65536"
    "memorysetup-temp-allocator-size-cloud-worker=32768"
    "memorysetup-temp-allocator-size-gi-baking-worker=262144"
    "memorysetup-temp-allocator-size-gi-baking-worker=262144"
    "memorysetup-temp-allocator-size-gi-baking-worker=262144"
    "memorysetup-temp-allocator-size-gi-baking-worker=262144"
    "memorysetup-temp-allocator-size-gfx=262144"
Player connection [36056] Host "[IP] 192.168.50.150 [Port] 0 [Flags] 2 [Guid] 1931104907 [EditorId] 1931104907 [Version] 1048832 [Id] WindowsEditor(7,Nox) [Debug] 1 [PackageName] WindowsEditor [ProjectName] Editor" joined multi-casting on [225.0.0.222:54997]...
Player connection [36056] Host "[IP] 192.168.50.150 [Port] 0 [Flags] 2 [Guid] 1931104907 [EditorId] 1931104907 [Version] 1048832 [Id] WindowsEditor(7,Nox) [Debug] 1 [PackageName] WindowsEditor [ProjectName] Editor" joined alternative multi-casting on [225.0.0.222:34997]...
JobSystem: Creating JobQueue using job-worker-count value 7
[Physics::Module] Initialized MultithreadedJobDispatcher with 7 workers.
Library Redirect Path: Library/
Refreshing native plugins compatible for Editor in 0.92 ms, found 2 plugins.
Preloading 0 native plugins for Editor in 0.00 ms.
Initialize engine version: 2023.2.8f1 (a3bb09f8c8c4)
[Subsystems] Discovering subsystems at path C:/Program Files/Unity/Hub/Editor/2023.2.8f1/Editor/Data/Resources/UnitySubsystems
[Subsystems] Discovering subsystems at path Z:/net.loam.bubbles/Line Zen/Assets
GfxDevice: creating device client; kGfxThreadingModeNonThreaded
Direct3D:
    Version:  Direct3D 11.0 [level 11.1]
    Renderer: NVIDIA GeForce RTX 2070 (ID=0x1f07)
    Vendor:   NVIDIA
    VRAM:     8019 MB
    Driver:   31.0.15.3141
Initialize mono
Mono path[0] = 'C:/Program Files/Unity/Hub/Editor/2023.2.8f1/Editor/Data/Managed'
Mono path[1] = 'C:/Program Files/Unity/Hub/Editor/2023.2.8f1/Editor/Data/MonoBleedingEdge/lib/mono/unityjit-win32'
Mono config path = 'C:/Program Files/Unity/Hub/Editor/2023.2.8f1/Editor/Data/MonoBleedingEdge/etc'
Using monoOptions --debugger-agent=transport=dt_socket,embedding=1,server=y,suspend=n,address=127.0.0.1:56548
Begin MonoManager ReloadAssembly
C:\build\output\Unity-Technologies\mono\mono\metadata\icall.c:1842:
C:\build\output\Unity-Technologies\mono\mono\metadata\icall.c:1842:
C:\build\output\Unity-Technologies\mono\mono\metadata\icall.c:1842:
C:\build\output\Unity-Technologies\mono\mono\metadata\icall.c:1842:
C:\build\output\Unity-Technologies\mono\mono\metadata\icall.c:1842:
C:\build\output\Unity-Technologies\mono\mono\metadata\icall.c:1842:
C:\build\output\Unity-Technologies\mono\mono\metadata\icall.c:1842:
C:\build\output\Unity-Technologies\mono\mono\metadata\icall.c:1842:
C:\build\output\Unity-Technologies\mono\mono\metadata\icall.c:1842:
C:\build\output\Unity-Technologies\mono\mono\metadata\icall.c:1842:
Registering precompiled unity dll's ...
Register platform support module: C:/Program Files/Unity/Hub/Editor/2023.2.8f1/Editor/Data/PlaybackEngines/WindowsStandaloneSupport/UnityEditor.WindowsStandalone.Extensions.dll
Register platform support module: C:/Program Files/Unity/Hub/Editor/2023.2.8f1/Editor/Data/PlaybackEngines/AndroidPlayer/UnityEditor.Android.Extensions.dll
Register platform support module: C:/Program Files/Unity/Hub/Editor/2023.2.8f1/Editor/Data/PlaybackEngines/LinuxStandaloneSupport/UnityEditor.LinuxStandalone.Extensions.dll
Registered in 0.005779 seconds.
- Loaded All Assemblies, in  0.445 seconds
Native extension for LinuxStandalone target not found
Native extension for Android target not found
Android Extension - Scanning For ADB Devices 374 ms
Native extension for WindowsStandalone target not found
Mono: successfully reloaded assembly
C:\build\output\Unity-Technologies\mono\mono\metadata\icall.c:1842:
C:\build\output\Unity-Technologies\mono\mono\metadata\icall.c:1842:
- Finished resetting the current domain, in  0.777 seconds
Domain Reload Profiling: 1218ms
	BeginReloadAssembly (150ms)
		ExecutionOrderSort (0ms)
		DisableScriptedObjects (0ms)
		BackupInstance (0ms)
		ReleaseScriptingObjects (0ms)
		CreateAndSetChildDomain (1ms)
	RebuildCommonClasses (41ms)
	RebuildNativeTypeToScriptingClass (14ms)
	initialDomainReloadingComplete (54ms)
	LoadAllAssembliesAndSetupDomain (182ms)
		LoadAssemblies (145ms)
		RebuildTransferFunctionScriptingTraits (0ms)
		AnalyzeDomain (179ms)
			TypeCache.Refresh (178ms)
				TypeCache.ScanAssembly (165ms)
			BuildScriptInfoCaches (0ms)
			ResolveRequiredComponents (1ms)
	FinalizeReload (777ms)
		ReleaseScriptCaches (0ms)
		RebuildScriptCaches (0ms)
		SetupLoadedEditorAssemblies (729ms)
			LogAssemblyErrors (0ms)
			InitializePlatformSupportModulesInManaged (492ms)
			SetLoadedEditorAssemblies (4ms)
			BeforeProcessingInitializeOnLoad (8ms)
			ProcessInitializeOnLoadAttributes (172ms)
			ProcessInitializeOnLoadMethodAttributes (53ms)
			AfterProcessingInitializeOnLoad (0ms)
			EditorAssembliesLoaded (0ms)
		ExecutionOrderSort2 (0ms)
		AwakeInstancesAfterBackupRestoration (0ms)
========================================================================
Worker process is ready to serve import requests
Import Worker Mode flag is 0x00
Begin MonoManager ReloadAssembly
C:\build\output\Unity-Technologies\mono\mono\metadata\icall.c:1842:
C:\build\output\Unity-Technologies\mono\mono\metadata\icall.c:1842:
C:\build\output\Unity-Technologies\mono\mono\metadata\icall.c:1842:
C:\build\output\Unity-Technologies\mono\mono\metadata\icall.c:1842:
C:\build\output\Unity-Technologies\mono\mono\metadata\icall.c:1842:
C:\build\output\Unity-Technologies\mono\mono\metadata\icall.c:1842:
C:\build\output\Unity-Technologies\mono\mono\metadata\icall.c:1842:
C:\build\output\Unity-Technologies\mono\mono\metadata\icall.c:1842:
C:\build\output\Unity-Technologies\mono\mono\metadata\icall.c:1842:
C:\build\output\Unity-Technologies\mono\mono\metadata\icall.c:1842:
C:\build\output\Unity-Technologies\mono\mono\metadata\icall.c:1842:
C:\build\output\Unity-Technologies\mono\mono\metadata\icall.c:1842:
- Loaded All Assemblies, in  0.718 seconds
Refreshing native plugins compatible for Editor in 0.48 ms, found 2 plugins.
Native extension for LinuxStandalone target not found
Native extension for Android target not found
Native extension for WindowsStandalone target not found
Mono: successfully reloaded assembly
- Finished resetting the current domain, in  0.688 seconds
Domain Reload Profiling: 1402ms
	BeginReloadAssembly (328ms)
		ExecutionOrderSort (0ms)
		DisableScriptedObjects (6ms)
		BackupInstance (0ms)
		ReleaseScriptingObjects (0ms)
		CreateAndSetChildDomain (34ms)
	RebuildCommonClasses (41ms)
	RebuildNativeTypeToScriptingClass (14ms)
	initialDomainReloadingComplete (38ms)
	LoadAllAssembliesAndSetupDomain (294ms)
		LoadAssemblies (297ms)
		RebuildTransferFunctionScriptingTraits (0ms)
		AnalyzeDomain (113ms)
			TypeCache.Refresh (91ms)
				TypeCache.ScanAssembly (77ms)
			BuildScriptInfoCaches (14ms)
			ResolveRequiredComponents (4ms)
	FinalizeReload (689ms)
		ReleaseScriptCaches (0ms)
		RebuildScriptCaches (0ms)
		SetupLoadedEditorAssemblies (474ms)
			LogAssemblyErrors (0ms)
			InitializePlatformSupportModulesInManaged (27ms)
			SetLoadedEditorAssemblies (5ms)
			BeforeProcessingInitializeOnLoad (59ms)
			ProcessInitializeOnLoadAttributes (352ms)
			ProcessInitializeOnLoadMethodAttributes (24ms)
			AfterProcessingInitializeOnLoad (7ms)
			EditorAssembliesLoaded (0ms)
		ExecutionOrderSort2 (0ms)
		AwakeInstancesAfterBackupRestoration (5ms)
Launched and connected shader compiler UnityShaderCompiler.exe after 0.02 seconds
Refreshing native plugins compatible for Editor in 0.54 ms, found 2 plugins.
Preloading 0 native plugins for Editor in 0.00 ms.
Unloading 24 Unused Serialized files (Serialized files now loaded: 0)
Unloading 1590 unused Assets / (0.7 MB). Loaded Objects now: 2170.
Memory consumption went from 108.3 MB to 107.6 MB.
Total: 6.948200 ms (FindLiveObjects: 0.353900 ms CreateObjectMapping: 0.240500 ms MarkObjects: 5.442300 ms  DeleteObjects: 0.909600 ms)

========================================================================
Received Import Request.
  Time since last request: 1918240.681587 seconds.
  path: Assets/Scripts/UI/UILevelTitleDisplay.cs
  artifactKey: Guid(4d41e179fa4b61544932ec95b04b73cd) Importer(2089858483,192608db42251d675da83286b1cce702)
Start importing Assets/Scripts/UI/UILevelTitleDisplay.cs using Guid(4d41e179fa4b61544932ec95b04b73cd) Importer(2089858483,192608db42251d675da83286b1cce702) (ScriptedImporter)Generated GUIDs only implemented for interfaces!
 -> (artifact id: '7a257737a75b4c16710f43c6927d11c0') in 0.0956108 seconds
Number of updated asset objects reloaded before import = 0Number of asset objects unloaded after import = 0

========================================================================
Received Import Request.
  Time since last request: 0.000014 seconds.
  path: Assets/Scripts/Events.cs
  artifactKey: Guid(2122235d8b2941e48884296dc0c3d2f8) Importer(2089858483,192608db42251d675da83286b1cce702)
Start importing Assets/Scripts/Events.cs using Guid(2122235d8b2941e48884296dc0c3d2f8) Importer(2089858483,192608db42251d675da83286b1cce702) (ScriptedImporter)Generated GUIDs only implemented for interfaces!
 -> (artifact id: 'b1088caa3536cb74bab13fd107061401') in 0.0103654 seconds
Number of updated asset objects reloaded before import = 0Number of asset objects unloaded after import = 0

========================================================================
Received Import Request.
  Time since last request: 0.000062 seconds.
  path: Assets/Scripts/UI/UIChallengeList.cs
  artifactKey: Guid(61b74e0a8d6060a4e887fbeed9c11000) Importer(2089858483,192608db42251d675da83286b1cce702)
Start importing Assets/Scripts/UI/UIChallengeList.cs using Guid(61b74e0a8d6060a4e887fbeed9c11000) Importer(2089858483,192608db42251d675da83286b1cce702) (ScriptedImporter)Generated GUIDs only implemented for interfaces!
 -> (artifact id: '5675e3cfdc00073e2ec1e2e939db3507') in 0.0098766 seconds
Number of updated asset objects reloaded before import = 0Number of asset objects unloaded after import = 0

========================================================================
Received Import Request.
  Time since last request: 0.000076 seconds.
  path: Assets/Scripts/Data/SOChallengeList.cs
  artifactKey: Guid(cf0578420de61ce4c9c14260bf778aa3) Importer(2089858483,192608db42251d675da83286b1cce702)
Start importing Assets/Scripts/Data/SOChallengeList.cs using Guid(cf0578420de61ce4c9c14260bf778aa3) Importer(2089858483,192608db42251d675da83286b1cce702) (ScriptedImporter)Generated GUIDs only implemented for interfaces!
 -> (artifact id: 'ccc42d5d22fca5fa493b46fbb1119a91') in 0.0104094 seconds
Number of updated asset objects reloaded before import = 0Number of asset objects unloaded after import = 0

========================================================================
Received Import Request.
  Time since last request: 0.000074 seconds.
  path: Assets/Scripts/UI/UIHideInWeb.cs
  artifactKey: Guid(a218f170ebf6a9644bdb619d2cb01ef4) Importer(2089858483,192608db42251d675da83286b1cce702)
Start importing Assets/Scripts/UI/UIHideInWeb.cs using Guid(a218f170ebf6a9644bdb619d2cb01ef4) Importer(2089858483,192608db42251d675da83286b1cce702) (ScriptedImporter)Generated GUIDs only implemented for interfaces!
 -> (artifact id: '13040b6f0e874f12d1e6253a908b8c10') in 0.0106191 seconds
Number of updated asset objects reloaded before import = 0Number of asset objects unloaded after import = 0

========================================================================
Received Import Request.
  Time since last request: 0.000080 seconds.
  path: Assets/Scripts/UI/UIAdvanceToStateOnClick.cs
  artifactKey: Guid(3674bf9e0a67af14885133ea257c009b) Importer(2089858483,192608db42251d675da83286b1cce702)
Start importing Assets/Scripts/UI/UIAdvanceToStateOnClick.cs using Guid(3674bf9e0a67af14885133ea257c009b) Importer(2089858483,192608db42251d675da83286b1cce702) (ScriptedImporter)Generated GUIDs only implemented for interfaces!
 -> (artifact id: '5f88ca2f7b76a19255ed8dfc48ba427e') in 0.0118015 seconds
Number of updated asset objects reloaded before import = 0Number of asset objects unloaded after import = 0

========================================================================
Received Import Request.
  Time since last request: 0.000055 seconds.
  path: Assets/Scripts/UI/UIToggleTargetActive.cs
  artifactKey: Guid(f821e0a205ff8fc4895cedec0fdc32de) Importer(2089858483,192608db42251d675da83286b1cce702)
Start importing Assets/Scripts/UI/UIToggleTargetActive.cs using Guid(f821e0a205ff8fc4895cedec0fdc32de) Importer(2089858483,192608db42251d675da83286b1cce702) (ScriptedImporter)Generated GUIDs only implemented for interfaces!
 -> (artifact id: 'fe3eb74af2914a44713921b46e863f37') in 0.0104369 seconds
Number of updated asset objects reloaded before import = 0Number of asset objects unloaded after import = 0

========================================================================
Received Import Request.
  Time since last request: 0.000060 seconds.
  path: Assets/Scripts/Visual/VisualParticleManager.cs
  artifactKey: Guid(15ab950f5c42e254980b8c69f0ada2ea) Importer(2089858483,192608db42251d675da83286b1cce702)
Start importing Assets/Scripts/Visual/VisualParticleManager.cs using Guid(15ab950f5c42e254980b8c69f0ada2ea) Importer(2089858483,192608db42251d675da83286b1cce702) (ScriptedImporter)Generated GUIDs only implemented for interfaces!
 -> (artifact id: '467190121157411a088d4076002e0cdb') in 0.0130705 seconds
Number of updated asset objects reloaded before import = 0Number of asset objects unloaded after import = 0

========================================================================
Received Import Request.
  Time since last request: 0.000102 seconds.
  path: Assets/Scripts/UI/UILevelIcon.cs
  artifactKey: Guid(b0ac4d37d76939a45b4fe09cca5d6ca6) Importer(2089858483,192608db42251d675da83286b1cce702)
Start importing Assets/Scripts/UI/UILevelIcon.cs using Guid(b0ac4d37d76939a45b4fe09cca5d6ca6) Importer(2089858483,192608db42251d675da83286b1cce702) (ScriptedImporter)Generated GUIDs only implemented for interfaces!
 -> (artifact id: 'ba72ea58fd16b6e52671dc7c060baaaf') in 0.0124723 seconds
Number of updated asset objects reloaded before import = 0Number of asset objects unloaded after import = 0

========================================================================
Received Import Request.
  Time since last request: 0.000082 seconds.
  path: Assets/Audio/hover.wav
  artifactKey: Guid(e86b9992da4619748a4a3e2449e2c049) Importer(2089858483,192608db42251d675da83286b1cce702)
Start importing Assets/Audio/hover.wav using Guid(e86b9992da4619748a4a3e2449e2c049) Importer(2089858483,192608db42251d675da83286b1cce702) (ScriptedImporter)Generated GUIDs only implemented for interfaces!
 -> (artifact id: '17fa724aada20fe0295f0ecbd0001012') in 0.0607911 seconds
Number of updated asset objects reloaded before import = 0Number of asset objects unloaded after import = 1

========================================================================
Received Import Request.
  Time since last request: 0.000028 seconds.
  path: Assets/Scripts/Game/GameCore.cs
  artifactKey: Guid(bc854d0934585b748a5de88394d865dd) Importer(2089858483,192608db42251d675da83286b1cce702)
Start importing Assets/Scripts/Game/GameCore.cs using Guid(bc854d0934585b748a5de88394d865dd) Importer(2089858483,192608db42251d675da83286b1cce702) (ScriptedImporter)Generated GUIDs only implemented for interfaces!
 -> (artifact id: '036d79454e5aa140e3d35c062e9773ed') in 0.011149 seconds
Number of updated asset objects reloaded before import = 0Number of asset objects unloaded after import = 0

========================================================================
Received Import Request.
  Time since last request: 0.000062 seconds.
  path: Assets/Visuals/appiconblue.png
  artifactKey: Guid(b442d032f08206447b350c937a66c4b0) Importer(815301076,1909f56bfc062723c751e8b465ee728b)
Start importing Assets/Visuals/appiconblue.png using Guid(b442d032f08206447b350c937a66c4b0) Importer(815301076,1909f56bfc062723c751e8b465ee728b) (PreviewImporter) -> (artifact id: 'bc5dcff9c939e4b478c1ab4e887fd2fd') in 0.0773612 seconds
Number of updated asset objects reloaded before import = 0Number of asset objects unloaded after import = 3

========================================================================
Received Import Request.
  Time since last request: 0.000016 seconds.
  path: Assets/Scenes/Benchmark.unity
  artifactKey: Guid(ab385346289132143a388b172ffcbaf1) Importer(2089858483,192608db42251d675da83286b1cce702)
Start importing Assets/Scenes/Benchmark.unity using Guid(ab385346289132143a388b172ffcbaf1) Importer(2089858483,192608db42251d675da83286b1cce702) (ScriptedImporter)Generated GUIDs only implemented for interfaces!
 -> (artifact id: '371249ca5e715a8cf1a892bd98a47923') in 0.0223749 seconds
Number of updated asset objects reloaded before import = 0Number of asset objects unloaded after import = 1

========================================================================
Received Import Request.
  Time since last request: 0.000065 seconds.
  path: Assets/Scripts/UI/UIAdvanceToSceneOnClick.cs
  artifactKey: Guid(8d1b6fb39f236db408213458d0a8b88b) Importer(2089858483,192608db42251d675da83286b1cce702)
Start importing Assets/Scripts/UI/UIAdvanceToSceneOnClick.cs using Guid(8d1b6fb39f236db408213458d0a8b88b) Importer(2089858483,192608db42251d675da83286b1cce702) (ScriptedImporter)Generated GUIDs only implemented for interfaces!
 -> (artifact id: '451e5c807c14e3e00c6bf89dcf19b2a5') in 0.0123818 seconds
Number of updated asset objects reloaded before import = 0Number of asset objects unloaded after import = 0

========================================================================
Received Import Request.
  Time since last request: 0.000041 seconds.
  path: Assets/Visuals/Icons/Bold X.png
  artifactKey: Guid(1aff90322b0f7c446b147ad4197e8c02) Importer(2089858483,192608db42251d675da83286b1cce702)
Start importing Assets/Visuals/Icons/Bold X.png using Guid(1aff90322b0f7c446b147ad4197e8c02) Importer(2089858483,192608db42251d675da83286b1cce702) (ScriptedImporter)Generated GUIDs only implemented for interfaces!
 -> (artifact id: '46047a64c4cdda6508a528cbcbfa2d4b') in 0.076423 seconds
Number of updated asset objects reloaded before import = 0Number of asset objects unloaded after import = 3

========================================================================
Received Import Request.
  Time since last request: 0.000024 seconds.
  path: Assets/TextMesh Pro/Shaders/TMP_SDF-Mobile SSD.shader
  artifactKey: Guid(c8d12adcee749c344b8117cf7c7eb912) Importer(2089858483,192608db42251d675da83286b1cce702)
Start importing Assets/TextMesh Pro/Shaders/TMP_SDF-Mobile SSD.shader using Guid(c8d12adcee749c344b8117cf7c7eb912) Importer(2089858483,192608db42251d675da83286b1cce702) (ScriptedImporter)Generated GUIDs only implemented for interfaces!
 -> (artifact id: '48b0022fd4ce6042fadf0ca88d2ab65e') in 0.0210177 seconds
Number of updated asset objects reloaded before import = 0Number of asset objects unloaded after import = 1

========================================================================
Received Import Request.
  Time since last request: 0.000035 seconds.
  path: Assets/Visuals/Skybox/Sky.mat
  artifactKey: Guid(a93d27d74f0fb574f9bbb6a2dbc86e97) Importer(2089858483,192608db42251d675da83286b1cce702)
Start importing Assets/Visuals/Skybox/Sky.mat using Guid(a93d27d74f0fb574f9bbb6a2dbc86e97) Importer(2089858483,192608db42251d675da83286b1cce702) (ScriptedImporter)Generated GUIDs only implemented for interfaces!
 -> (artifact id: '065f27b01af47978285f57627a4933db') in 0.4259599 seconds
Number of updated asset objects reloaded before import = 0Number of asset objects unloaded after import = 7

========================================================================
Received Import Request.
  Time since last request: 0.000017 seconds.
  path: Assets/Scripts/Utils.cs
  artifactKey: Guid(33ab585bbc553bd4096c975a6aecf687) Importer(2089858483,192608db42251d675da83286b1cce702)
Start importing Assets/Scripts/Utils.cs using Guid(33ab585bbc553bd4096c975a6aecf687) Importer(2089858483,192608db42251d675da83286b1cce702) (ScriptedImporter)Generated GUIDs only implemented for interfaces!
 -> (artifact id: '20e31fcbad83eefa5cabf8318d1416d8') in 0.1007641 seconds
Number of updated asset objects reloaded before import = 0Number of asset objects unloaded after import = 0

========================================================================
Received Import Request.
  Time since last request: 0.000057 seconds.
  path: Assets/Visuals/Sprites/Gradient 90.png
  artifactKey: Guid(43edfd86abbafc54d9eeb017ae795628) Importer(2089858483,192608db42251d675da83286b1cce702)
Start importing Assets/Visuals/Sprites/Gradient 90.png using Guid(43edfd86abbafc54d9eeb017ae795628) Importer(2089858483,192608db42251d675da83286b1cce702) (ScriptedImporter)Generated GUIDs only implemented for interfaces!
 -> (artifact id: 'f8b5ff160071d0ce93073e89e2a3520f') in 0.0350364 seconds
Number of updated asset objects reloaded before import = 0Number of asset objects unloaded after import = 3

========================================================================
Received Import Request.
  Time since last request: 0.000016 seconds.
  path: Assets/Visuals/Sprites/bubbleLarge.png
  artifactKey: Guid(540004dbcab489f49b4d58e3f1cfaa8f) Importer(2089858483,192608db42251d675da83286b1cce702)
Start importing Assets/Visuals/Sprites/bubbleLarge.png using Guid(540004dbcab489f49b4d58e3f1cfaa8f) Importer(2089858483,192608db42251d675da83286b1cce702) (ScriptedImporter)Generated GUIDs only implemented for interfaces!
 -> (artifact id: '9e598e1fbbe7d27bb2668bdaf36cb65f') in 0.0493381 seconds
Number of updated asset objects reloaded before import = 0Number of asset objects unloaded after import = 3

========================================================================
Received Import Request.
  Time since last request: 0.000013 seconds.
  path: Assets/Visuals/Sprites/Outline Interior half bottom.png
  artifactKey: Guid(07b6cb3529ae9f0469535269e718d820) Importer(2089858483,192608db42251d675da83286b1cce702)
Start importing Assets/Visuals/Sprites/Outline Interior half bottom.png using Guid(07b6cb3529ae9f0469535269e718d820) Importer(2089858483,192608db42251d675da83286b1cce702) (ScriptedImporter)Generated GUIDs only implemented for interfaces!
 -> (artifact id: '9a19a3dcc8f900488b0d9613829f22bb') in 0.0350443 seconds
Number of updated asset objects reloaded before import = 0Number of asset objects unloaded after import = 3

========================================================================
Received Import Request.
  Time since last request: 0.000013 seconds.
  path: Assets/Visuals/Sprites/Square.png
  artifactKey: Guid(36344ccc71e8cb547af7e5b735352524) Importer(2089858483,192608db42251d675da83286b1cce702)
Start importing Assets/Visuals/Sprites/Square.png using Guid(36344ccc71e8cb547af7e5b735352524) Importer(2089858483,192608db42251d675da83286b1cce702) (ScriptedImporter)Generated GUIDs only implemented for interfaces!
 -> (artifact id: '7c471cbf6898d91b558bb1f028e2e940') in 0.0339688 seconds
Number of updated asset objects reloaded before import = 0Number of asset objects unloaded after import = 3

========================================================================
Received Import Request.
  Time since last request: 0.000013 seconds.
  path: Assets/Visuals/Sprites/Gradient.png
  artifactKey: Guid(4617ffd9458d672438cb0165c1bc9f21) Importer(2089858483,192608db42251d675da83286b1cce702)
Start importing Assets/Visuals/Sprites/Gradient.png using Guid(4617ffd9458d672438cb0165c1bc9f21) Importer(2089858483,192608db42251d675da83286b1cce702) (ScriptedImporter)Generated GUIDs only implemented for interfaces!
 -> (artifact id: 'f7694beaa18074cb7956f590f01b6f56') in 0.0330727 seconds
Number of updated asset objects reloaded before import = 0Number of asset objects unloaded after import = 3

========================================================================
Received Import Request.
  Time since last request: 0.000012 seconds.
  path: Assets/Visuals/Sprites/category_moderate.png
  artifactKey: Guid(a81bd4cf907829d4480553f0d0b289d7) Importer(2089858483,192608db42251d675da83286b1cce702)
Start importing Assets/Visuals/Sprites/category_moderate.png using Guid(a81bd4cf907829d4480553f0d0b289d7) Importer(2089858483,192608db42251d675da83286b1cce702) (ScriptedImporter)Generated GUIDs only implemented for interfaces!
 -> (artifact id: '0cf09129b1f7947fc9e549ecebb86145') in 0.0349116 seconds
Number of updated asset objects reloaded before import = 0Number of asset objects unloaded after import = 3

========================================================================
Received Import Request.
  Time since last request: 0.000051 seconds.
  path: Assets/Visuals/Skybox/Left_Tex.png
  artifactKey: Guid(36b1e02dd68d74c40ab47d997320867b) Importer(2089858483,192608db42251d675da83286b1cce702)
Start importing Assets/Visuals/Skybox/Left_Tex.png using Guid(36b1e02dd68d74c40ab47d997320867b) Importer(2089858483,192608db42251d675da83286b1cce702) (ScriptedImporter)Generated GUIDs only implemented for interfaces!
 -> (artifact id: 'd300d3cf990ca808adefab614fe34ef3') in 0.0633214 seconds
Number of updated asset objects reloaded before import = 0Number of asset objects unloaded after import = 1

========================================================================
Received Import Request.
  Time since last request: 0.000040 seconds.
  path: Assets/Scripts/Game/GameEditorUtility.cs
  artifactKey: Guid(2f165e77fa77fac4a81a771d0f6fc47a) Importer(2089858483,192608db42251d675da83286b1cce702)
Start importing Assets/Scripts/Game/GameEditorUtility.cs using Guid(2f165e77fa77fac4a81a771d0f6fc47a) Importer(2089858483,192608db42251d675da83286b1cce702) (ScriptedImporter)Generated GUIDs only implemented for interfaces!
 -> (artifact id: 'd379586935b426c6e375363dc9df108a') in 0.0106523 seconds
Number of updated asset objects reloaded before import = 0Number of asset objects unloaded after import = 0

========================================================================
Received Import Request.
  Time since last request: 0.000061 seconds.
  path: Assets/Scripts/Benchmark/BenchmarkManager.cs
  artifactKey: Guid(78352af32041a9d47b8b168407bfdfab) Importer(2089858483,192608db42251d675da83286b1cce702)
Start importing Assets/Scripts/Benchmark/BenchmarkManager.cs using Guid(78352af32041a9d47b8b168407bfdfab) Importer(2089858483,192608db42251d675da83286b1cce702) (ScriptedImporter)Generated GUIDs only implemented for interfaces!
 -> (artifact id: '37cd7c37522b50535a0358c90f0cacfe') in 0.0123378 seconds
Number of updated asset objects reloaded before import = 0Number of asset objects unloaded after import = 0

========================================================================
Received Import Request.
  Time since last request: 0.000067 seconds.
  path: Assets/TextMesh Pro/Shaders/SDFFunctions.hlsl
  artifactKey: Guid(96de908384869cd409c75efa351d5edf) Importer(2089858483,192608db42251d675da83286b1cce702)
Start importing Assets/TextMesh Pro/Shaders/SDFFunctions.hlsl using Guid(96de908384869cd409c75efa351d5edf) Importer(2089858483,192608db42251d675da83286b1cce702) (ScriptedImporter)Generated GUIDs only implemented for interfaces!
 -> (artifact id: '26b4571661a19e6f6fde835fb585f1ba') in 0.0095041 seconds
Number of updated asset objects reloaded before import = 0Number of asset objects unloaded after import = 1

========================================================================
Received Import Request.
  Time since last request: 0.000060 seconds.
  path: Assets/Visuals/Icons/app temp icon.png
  artifactKey: Guid(6bf01bb20e03768409faad8bfe1b06a5) Importer(2089858483,192608db42251d675da83286b1cce702)
Start importing Assets/Visuals/Icons/app temp icon.png using Guid(6bf01bb20e03768409faad8bfe1b06a5) Importer(2089858483,192608db42251d675da83286b1cce702) (ScriptedImporter)Generated GUIDs only implemented for interfaces!
 -> (artifact id: '49da56d90791098e2aa6b39149564c5e') in 0.0301207 seconds
Number of updated asset objects reloaded before import = 0Number of asset objects unloaded after import = 1

========================================================================
Received Import Request.
  Time since last request: 0.000046 seconds.
  path: Assets/TextMesh Pro/Sprites/EmojiOne.png
  artifactKey: Guid(dffef66376be4fa480fb02b19edbe903) Importer(2089858483,192608db42251d675da83286b1cce702)
Start importing Assets/TextMesh Pro/Sprites/EmojiOne.png using Guid(dffef66376be4fa480fb02b19edbe903) Importer(2089858483,192608db42251d675da83286b1cce702) (ScriptedImporter)Generated GUIDs only implemented for interfaces!
 -> (artifact id: 'c5d7f7340077d574792bdddac1391d6b') in 0.0453223 seconds
Number of updated asset objects reloaded before import = 0Number of asset objects unloaded after import = 1

========================================================================
Received Import Request.
  Time since last request: 0.000017 seconds.
  path: Assets/Visuals/Sprites/category_large.png
  artifactKey: Guid(dd4c17ba1d5bd8345941c9aae785e4aa) Importer(2089858483,192608db42251d675da83286b1cce702)
Start importing Assets/Visuals/Sprites/category_large.png using Guid(dd4c17ba1d5bd8345941c9aae785e4aa) Importer(2089858483,192608db42251d675da83286b1cce702) (ScriptedImporter)Generated GUIDs only implemented for interfaces!
 -> (artifact id: '034c332ddf65b747f76e1843255a5083') in 0.0372742 seconds
Number of updated asset objects reloaded before import = 0Number of asset objects unloaded after import = 3

========================================================================
Received Import Request.
  Time since last request: 0.000019 seconds.
  path: Assets/Levels/Puzzles/Varied/listVaried.asset
  artifactKey: Guid(2b9ce7acfedadb14998ceb6cd05edef4) Importer(2089858483,192608db42251d675da83286b1cce702)
Start importing Assets/Levels/Puzzles/Varied/listVaried.asset using Guid(2b9ce7acfedadb14998ceb6cd05edef4) Importer(2089858483,192608db42251d675da83286b1cce702) (ScriptedImporter)Generated GUIDs only implemented for interfaces!
 -> (artifact id: '5448a5eba57df411d0ab8f471f69fbe1') in 0.0206126 seconds
Number of updated asset objects reloaded before import = 0Number of asset objects unloaded after import = 12

========================================================================
Received Import Request.
  Time since last request: 0.000024 seconds.
  path: Assets/Levels/Puzzles/Large/puzzle1001.txt
  artifactKey: Guid(e5798396971d77e4d8476339e244448e) Importer(2089858483,192608db42251d675da83286b1cce702)
Start importing Assets/Levels/Puzzles/Large/puzzle1001.txt using Guid(e5798396971d77e4d8476339e244448e) Importer(2089858483,192608db42251d675da83286b1cce702) (ScriptedImporter)Generated GUIDs only implemented for interfaces!
 -> (artifact id: 'a45cd9e3decc17d47e2911c13112b07e') in 0.0098071 seconds
Number of updated asset objects reloaded before import = 0Number of asset objects unloaded after import = 1

========================================================================
Received Import Request.
  Time since last request: 0.000061 seconds.
  path: Assets/Levels/Puzzles/Large/listLarge.asset
  artifactKey: Guid(394c585430be46d4d896c53bcb79da4e) Importer(2089858483,192608db42251d675da83286b1cce702)
Start importing Assets/Levels/Puzzles/Large/listLarge.asset using Guid(394c585430be46d4d896c53bcb79da4e) Importer(2089858483,192608db42251d675da83286b1cce702) (ScriptedImporter)Generated GUIDs only implemented for interfaces!
 -> (artifact id: 'a07b9306d022ec69b8eb2eb760f8fcde') in 0.0145924 seconds
Number of updated asset objects reloaded before import = 0Number of asset objects unloaded after import = 3

========================================================================
Received Import Request.
  Time since last request: 0.000017 seconds.
  path: Assets/Levels/Puzzles/Moving/puzzle2003.txt
  artifactKey: Guid(3517c0d2582631e4991157c847bd2a26) Importer(2089858483,192608db42251d675da83286b1cce702)
Start importing Assets/Levels/Puzzles/Moving/puzzle2003.txt using Guid(3517c0d2582631e4991157c847bd2a26) Importer(2089858483,192608db42251d675da83286b1cce702) (ScriptedImporter)Generated GUIDs only implemented for interfaces!
 -> (artifact id: 'ae37c2f31a89dc9605fac7dcb44276d6') in 0.0098084 seconds
Number of updated asset objects reloaded before import = 0Number of asset objects unloaded after import = 1

========================================================================
Received Import Request.
  Time since last request: 0.000067 seconds.
  path: Assets/Levels/Puzzles/Varied/puzzle3004.1.txt
  artifactKey: Guid(523b4bbb198d8984fbf2203870e67990) Importer(2089858483,192608db42251d675da83286b1cce702)
Start importing Assets/Levels/Puzzles/Varied/puzzle3004.1.txt using Guid(523b4bbb198d8984fbf2203870e67990) Importer(2089858483,192608db42251d675da83286b1cce702) (ScriptedImporter)Generated GUIDs only implemented for interfaces!
 -> (artifact id: '62b4a3fb378eb5d445bb3fdbc3b63ccd') in 0.01049 seconds
Number of updated asset objects reloaded before import = 0Number of asset objects unloaded after import = 1

========================================================================
Received Import Request.
  Time since last request: 0.000057 seconds.
  path: Assets/Packages/FpsGraphAnalyzer/Prefabs/FpsDisplayCanvas.prefab
  artifactKey: Guid(e542e397cb3e28a48a8c3a98f3c9ab68) Importer(2089858483,192608db42251d675da83286b1cce702)
Start importing Assets/Packages/FpsGraphAnalyzer/Prefabs/FpsDisplayCanvas.prefab using Guid(e542e397cb3e28a48a8c3a98f3c9ab68) Importer(2089858483,192608db42251d675da83286b1cce702) (ScriptedImporter)Generated GUIDs only implemented for interfaces!
 -> (artifact id: '0519af40f4fe5e053c22886c23743285') in 0.0420981 seconds
Number of updated asset objects reloaded before import = 0Number of asset objects unloaded after import = 17

========================================================================
Received Import Request.
  Time since last request: 0.000015 seconds.
  path: Assets/Levels/Puzzles/Basic/puzzle0010.txt
  artifactKey: Guid(36e06de252e3f784caec5e3b0838464f) Importer(2089858483,192608db42251d675da83286b1cce702)
Start importing Assets/Levels/Puzzles/Basic/puzzle0010.txt using Guid(36e06de252e3f784caec5e3b0838464f) Importer(2089858483,192608db42251d675da83286b1cce702) (ScriptedImporter)Generated GUIDs only implemented for interfaces!
 -> (artifact id: 'cbe875a2e2f9f0df71824b03d6859ce4') in 0.0103852 seconds
Number of updated asset objects reloaded before import = 0Number of asset objects unloaded after import = 1

========================================================================
Received Import Request.
  Time since last request: 0.000013 seconds.
  path: Assets/Packages/FpsGraphAnalyzer/Materials/LineTexture.mat
  artifactKey: Guid(72799393a1286f64588f56f768650048) Importer(2089858483,192608db42251d675da83286b1cce702)
Start importing Assets/Packages/FpsGraphAnalyzer/Materials/LineTexture.mat using Guid(72799393a1286f64588f56f768650048) Importer(2089858483,192608db42251d675da83286b1cce702) (ScriptedImporter)Generated GUIDs only implemented for interfaces!
 -> (artifact id: 'eaef7c6ec7584ef926af57e5b7c90131') in 0.0224187 seconds
Number of updated asset objects reloaded before import = 0Number of asset objects unloaded after import = 2

========================================================================
Received Import Request.
  Time since last request: 0.000018 seconds.
  path: Assets/Scripts/Visual/VisualLine.cs
  artifactKey: Guid(7aea2277c6d2e014d9ec08baf45fb407) Importer(2089858483,192608db42251d675da83286b1cce702)
Start importing Assets/Scripts/Visual/VisualLine.cs using Guid(7aea2277c6d2e014d9ec08baf45fb407) Importer(2089858483,192608db42251d675da83286b1cce702) (ScriptedImporter)Generated GUIDs only implemented for interfaces!
 -> (artifact id: 'e20a7a1935efffd98d0f176d29d0c4de') in 0.0110632 seconds
Number of updated asset objects reloaded before import = 0Number of asset objects unloaded after import = 0

========================================================================
Received Import Request.
  Time since last request: 0.000014 seconds.
  path: Assets/Visuals/Skybox/Right_Tex.png
  artifactKey: Guid(9cec472ff7443044ea6ec18c82bd0923) Importer(2089858483,192608db42251d675da83286b1cce702)
Start importing Assets/Visuals/Skybox/Right_Tex.png using Guid(9cec472ff7443044ea6ec18c82bd0923) Importer(2089858483,192608db42251d675da83286b1cce702) (ScriptedImporter)Generated GUIDs only implemented for interfaces!
 -> (artifact id: '900214c8ec79315a96757f9ed1431da0') in 0.072146 seconds
Number of updated asset objects reloaded before import = 0Number of asset objects unloaded after import = 1

========================================================================
Received Import Request.
  Time since last request: 0.000023 seconds.
  path: Assets/Visuals/Sprites/appicon.png
  artifactKey: Guid(00778d64c914f8d4db1ea164892ebfdc) Importer(2089858483,192608db42251d675da83286b1cce702)
Start importing Assets/Visuals/Sprites/appicon.png using Guid(00778d64c914f8d4db1ea164892ebfdc) Importer(2089858483,192608db42251d675da83286b1cce702) (ScriptedImporter)Generated GUIDs only implemented for interfaces!
 -> (artifact id: '5a07159ae0493609943a4998b15803e7') in 0.0346418 seconds
Number of updated asset objects reloaded before import = 0Number of asset objects unloaded after import = 3

========================================================================
Received Import Request.
  Time since last request: 0.000025 seconds.
  path: Assets/Scripts/Benchmark/BenchmarkDisplay.cs
  artifactKey: Guid(f944033b74e6c3d439c6713defae6cac) Importer(2089858483,192608db42251d675da83286b1cce702)
Start importing Assets/Scripts/Benchmark/BenchmarkDisplay.cs using Guid(f944033b74e6c3d439c6713defae6cac) Importer(2089858483,192608db42251d675da83286b1cce702) (ScriptedImporter)Generated GUIDs only implemented for interfaces!
 -> (artifact id: '8caf5c4fca8ee12539dda15ff27f0f32') in 0.012983 seconds
Number of updated asset objects reloaded before import = 0Number of asset objects unloaded after import = 0

========================================================================
Received Import Request.
  Time since last request: 0.000078 seconds.
  path: Assets/Scripts/UI/UIOnMenuButtonPressed.cs
  artifactKey: Guid(bb1ad46e9eddef44ea7086c06adcdfbd) Importer(2089858483,192608db42251d675da83286b1cce702)
Start importing Assets/Scripts/UI/UIOnMenuButtonPressed.cs using Guid(bb1ad46e9eddef44ea7086c06adcdfbd) Importer(2089858483,192608db42251d675da83286b1cce702) (ScriptedImporter)Generated GUIDs only implemented for interfaces!
 -> (artifact id: '66035f0c28992cf20447e4cde983188f') in 0.0106973 seconds
Number of updated asset objects reloaded before import = 0Number of asset objects unloaded after import = 0

========================================================================
Received Import Request.
  Time since last request: 0.000070 seconds.
  path: Assets/Scripts/Visual/VisualCore.cs
  artifactKey: Guid(fc2d4954561e79946bc18034b4938add) Importer(2089858483,192608db42251d675da83286b1cce702)
Start importing Assets/Scripts/Visual/VisualCore.cs using Guid(fc2d4954561e79946bc18034b4938add) Importer(2089858483,192608db42251d675da83286b1cce702) (ScriptedImporter)Generated GUIDs only implemented for interfaces!
 -> (artifact id: 'bd474f79a2d70621a1998104e9b2e656') in 0.0100638 seconds
Number of updated asset objects reloaded before import = 0Number of asset objects unloaded after import = 0

========================================================================
Received Import Request.
  Time since last request: 0.000038 seconds.
  path: Assets/Scripts/UI/UIConfirmationDialog.cs
  artifactKey: Guid(8466b5656b09eac4292bddfb8d061dd9) Importer(2089858483,192608db42251d675da83286b1cce702)
Start importing Assets/Scripts/UI/UIConfirmationDialog.cs using Guid(8466b5656b09eac4292bddfb8d061dd9) Importer(2089858483,192608db42251d675da83286b1cce702) (ScriptedImporter)Generated GUIDs only implemented for interfaces!
 -> (artifact id: 'e5f831f99c94748abda477c223b3ed57') in 0.0108144 seconds
Number of updated asset objects reloaded before import = 0Number of asset objects unloaded after import = 0

========================================================================
Received Import Request.
  Time since last request: 0.000041 seconds.
  path: Assets/Visuals/Icons/eraser-variant.png
  artifactKey: Guid(ad33ed7611a0ca6469dbfb0fea6b718a) Importer(2089858483,192608db42251d675da83286b1cce702)
Start importing Assets/Visuals/Icons/eraser-variant.png using Guid(ad33ed7611a0ca6469dbfb0fea6b718a) Importer(2089858483,192608db42251d675da83286b1cce702) (ScriptedImporter)Generated GUIDs only implemented for interfaces!
 -> (artifact id: '8f4a953661b720d058034cab1ac36931') in 0.0355512 seconds
Number of updated asset objects reloaded before import = 0Number of asset objects unloaded after import = 3

========================================================================
Received Import Request.
  Time since last request: 0.000018 seconds.
  path: Assets/TextMesh Pro/Shaders/TMP_SDF-HDRP UNLIT.shadergraph
  artifactKey: Guid(f63d574838ccfb44f84acc05fed0af48) Importer(2089858483,192608db42251d675da83286b1cce702)
Start importing Assets/TextMesh Pro/Shaders/TMP_SDF-HDRP UNLIT.shadergraph using Guid(f63d574838ccfb44f84acc05fed0af48) Importer(2089858483,192608db42251d675da83286b1cce702) (ScriptedImporter)Generated GUIDs only implemented for interfaces!
 -> (artifact id: 'bf13a9bfcbd9f35fb6586da7be3e91a6') in 0.0099808 seconds
Number of updated asset objects reloaded before import = 0Number of asset objects unloaded after import = 1

========================================================================
Received Import Request.
  Time since last request: 0.000029 seconds.
  path: Assets/Visuals/Bubble.mat
  artifactKey: Guid(c89688e01de613a45b9b7610e1f33246) Importer(2089858483,192608db42251d675da83286b1cce702)
Start importing Assets/Visuals/Bubble.mat using Guid(c89688e01de613a45b9b7610e1f33246) Importer(2089858483,192608db42251d675da83286b1cce702) (ScriptedImporter)Generated GUIDs only implemented for interfaces!
 -> (artifact id: '5618a2385dd691c08c44e1db1fdc257d') in 0.0283403 seconds
Number of updated asset objects reloaded before import = 0Number of asset objects unloaded after import = 1

========================================================================
Received Import Request.
  Time since last request: 0.000031 seconds.
  path: Assets/Scripts/Data/SerializedDataIO.cs
  artifactKey: Guid(cca117eec3ece5e4cb0ba94d7e87dc48) Importer(2089858483,192608db42251d675da83286b1cce702)
Start importing Assets/Scripts/Data/SerializedDataIO.cs using Guid(cca117eec3ece5e4cb0ba94d7e87dc48) Importer(2089858483,192608db42251d675da83286b1cce702) (ScriptedImporter)Generated GUIDs only implemented for interfaces!
 -> (artifact id: '51962a719756db96ba1e50190ef5c7d2') in 0.0113559 seconds
Number of updated asset objects reloaded before import = 0Number of asset objects unloaded after import = 0

========================================================================
Received Import Request.
  Time since last request: 0.000068 seconds.
  path: Assets/Levels/Puzzles/Varied/puzzle3001.txt
  artifactKey: Guid(8494d9ea2093d0548b87f6b05fcd0ad5) Importer(2089858483,192608db42251d675da83286b1cce702)
Start importing Assets/Levels/Puzzles/Varied/puzzle3001.txt using Guid(8494d9ea2093d0548b87f6b05fcd0ad5) Importer(2089858483,192608db42251d675da83286b1cce702) (ScriptedImporter)Generated GUIDs only implemented for interfaces!
 -> (artifact id: '8b26cd47c900276200c3e07d1ebe5d3f') in 0.0091976 seconds
Number of updated asset objects reloaded before import = 0Number of asset objects unloaded after import = 1

========================================================================
Received Import Request.
  Time since last request: 0.000030 seconds.
  path: Assets/Visuals/Particle Systems/bubble particle.mat
  artifactKey: Guid(f70c0ce90ecbb7a4f8396d267d9c183c) Importer(2089858483,192608db42251d675da83286b1cce702)
Start importing Assets/Visuals/Particle Systems/bubble particle.mat using Guid(f70c0ce90ecbb7a4f8396d267d9c183c) Importer(2089858483,192608db42251d675da83286b1cce702) (ScriptedImporter)Generated GUIDs only implemented for interfaces!
 -> (artifact id: 'b8b3561d55a97430101a12f8499838ac') in 0.0149505 seconds
Number of updated asset objects reloaded before import = 0Number of asset objects unloaded after import = 2

========================================================================
Received Import Request.
  Time since last request: 0.000017 seconds.
  path: Assets/Visuals/appiconblue.png
  artifactKey: Guid(b442d032f08206447b350c937a66c4b0) Importer(2089858483,192608db42251d675da83286b1cce702)
Start importing Assets/Visuals/appiconblue.png using Guid(b442d032f08206447b350c937a66c4b0) Importer(2089858483,192608db42251d675da83286b1cce702) (ScriptedImporter)Generated GUIDs only implemented for interfaces!
 -> (artifact id: '517b169f04ec80454c85ec78847b29f4') in 0.0343609 seconds
Number of updated asset objects reloaded before import = 0Number of asset objects unloaded after import = 3

========================================================================
Received Import Request.
  Time since last request: 0.000014 seconds.
  path: Assets/Levels/Puzzles/Varied/puzzle3010.txt
  artifactKey: Guid(4ce6716b863168e48bbef4028f20e302) Importer(2089858483,192608db42251d675da83286b1cce702)
Start importing Assets/Levels/Puzzles/Varied/puzzle3010.txt using Guid(4ce6716b863168e48bbef4028f20e302) Importer(2089858483,192608db42251d675da83286b1cce702) (ScriptedImporter)Generated GUIDs only implemented for interfaces!
 -> (artifact id: '0e05fa9aac2f530a429c897e2189458f') in 0.008832 seconds
Number of updated asset objects reloaded before import = 0Number of asset objects unloaded after import = 1

========================================================================
Received Import Request.
  Time since last request: 0.000034 seconds.
  path: Assets/Scripts/Benchmark/BenchmarkLine.cs
  artifactKey: Guid(7e0e3606c2d44cd4c82c995040eac6b7) Importer(2089858483,192608db42251d675da83286b1cce702)
Start importing Assets/Scripts/Benchmark/BenchmarkLine.cs using Guid(7e0e3606c2d44cd4c82c995040eac6b7) Importer(2089858483,192608db42251d675da83286b1cce702) (ScriptedImporter)Generated GUIDs only implemented for interfaces!
 -> (artifact id: 'a203b820156708be6b9351ea2e603480') in 0.0109944 seconds
Number of updated asset objects reloaded before import = 0Number of asset objects unloaded after import = 0

========================================================================
Received Import Request.
  Time since last request: 0.015681 seconds.
  path: Assets/TextMesh Pro/Resources/Shaders/TMP_SDF Overlay.shader
  artifactKey: Guid(dd89cf5b9246416f84610a006f916af7) Importer(2089858483,192608db42251d675da83286b1cce702)
Start importing Assets/TextMesh Pro/Resources/Shaders/TMP_SDF Overlay.shader using Guid(dd89cf5b9246416f84610a006f916af7) Importer(2089858483,192608db42251d675da83286b1cce702) (ScriptedImporter)Generated GUIDs only implemented for interfaces!
 -> (artifact id: 'fd5663c14f322d441d292a1a93597738') in 0.0194082 seconds
Number of updated asset objects reloaded before import = 0Number of asset objects unloaded after import = 1

========================================================================
Received Import Request.
  Time since last request: 0.000016 seconds.
  path: Assets/TextMesh Pro/Resources/Shaders/TMP_SDF-Surface.shader
  artifactKey: Guid(f7ada0af4f174f0694ca6a487b8f543d) Importer(2089858483,192608db42251d675da83286b1cce702)
Start importing Assets/TextMesh Pro/Resources/Shaders/TMP_SDF-Surface.shader using Guid(f7ada0af4f174f0694ca6a487b8f543d) Importer(2089858483,192608db42251d675da83286b1cce702) (ScriptedImporter)Generated GUIDs only implemented for interfaces!
 -> (artifact id: '2537696a0edbe9c6401e5dfcc4f84a7b') in 0.017207 seconds
Number of updated asset objects reloaded before import = 0Number of asset objects unloaded after import = 1

========================================================================
Received Import Request.
  Time since last request: 0.000022 seconds.
  path: Assets/TextMesh Pro/Resources/Shaders/TMP_SDF-Mobile Overlay.shader
  artifactKey: Guid(a02a7d8c237544f1962732b55a9aebf1) Importer(2089858483,192608db42251d675da83286b1cce702)
Start importing Assets/TextMesh Pro/Resources/Shaders/TMP_SDF-Mobile Overlay.shader using Guid(a02a7d8c237544f1962732b55a9aebf1) Importer(2089858483,192608db42251d675da83286b1cce702) (ScriptedImporter)Generated GUIDs only implemented for interfaces!
 -> (artifact id: 'c712b75cf777b7f3c1aab9b8637fb0ee') in 0.015203 seconds
Number of updated asset objects reloaded before import = 0Number of asset objects unloaded after import = 1

