Using pre-set license
Built from '2023.2/staging' branch; Version is '2023.2.8f1 (a3bb09f8c8c4) revision 10730249'; Using compiler version '193431935'; Build Type 'Release'
OS: 'Windows 10  (10.0.19045) 64bit Professional' Language: 'en' Physical Memory: 32712 MB
BatchMode: 1, IsHumanControllingUs: 0, StartBugReporterOnCrash: 0, Is64bit: 1, IsPro: 1

COMMAND LINE ARGUMENTS:
C:\Program Files\Unity\Hub\Editor\2023.2.8f1\Editor\Unity.exe
-adb2
-batchMode
-noUpm
-name
AssetImportWorker3
-projectPath
Z:/net.loam.bubbles/Line Zen
-logFile
Logs/AssetImportWorker3.log
-srvPort
54379
-job-worker-count
7
-background-job-worker-count
8
-asset-garbage-collectors
1
Successfully changed project path to: Z:/net.loam.bubbles/Line Zen
Z:/net.loam.bubbles/Line Zen
[UnityMemory] Configuration Parameters - Can be set up in boot.config
    "memorysetup-bucket-allocator-granularity=16"
    "memorysetup-bucket-allocator-bucket-count=8"
    "memorysetup-bucket-allocator-block-size=33554432"
    "memorysetup-bucket-allocator-block-count=8"
    "memorysetup-main-allocator-block-size=16777216"
    "memorysetup-thread-allocator-block-size=16777216"
    "memorysetup-gfx-main-allocator-block-size=16777216"
    "memorysetup-gfx-thread-allocator-block-size=16777216"
    "memorysetup-cache-allocator-block-size=4194304"
    "memorysetup-typetree-allocator-block-size=2097152"
    "memorysetup-profiler-bucket-allocator-granularity=16"
    "memorysetup-profiler-bucket-allocator-bucket-count=8"
    "memorysetup-profiler-bucket-allocator-block-size=33554432"
    "memorysetup-profiler-bucket-allocator-block-count=8"
    "memorysetup-profiler-allocator-block-size=16777216"
    "memorysetup-profiler-editor-allocator-block-size=1048576"
    "memorysetup-temp-allocator-size-main=16777216"
    "memorysetup-job-temp-allocator-block-size=2097152"
    "memorysetup-job-temp-allocator-block-size-background=1048576"
    "memorysetup-job-temp-allocator-reduction-small-platforms=262144"
    "memorysetup-allocator-temp-initial-block-size-main=262144"
    "memorysetup-allocator-temp-initial-block-size-worker=262144"
    "memorysetup-temp-allocator-size-background-worker=32768"
    "memorysetup-temp-allocator-size-job-worker=262144"
    "memorysetup-temp-allocator-size-preload-manager=33554432"
    "memorysetup-temp-allocator-size-nav-mesh-worker=65536"
    "memorysetup-temp-allocator-size-audio-worker=65536"
    "memorysetup-temp-allocator-size-cloud-worker=32768"
    "memorysetup-temp-allocator-size-gi-baking-worker=262144"
    "memorysetup-temp-allocator-size-gi-baking-worker=262144"
    "memorysetup-temp-allocator-size-gi-baking-worker=262144"
    "memorysetup-temp-allocator-size-gi-baking-worker=262144"
    "memorysetup-temp-allocator-size-gfx=262144"
Player connection [18004] Host "[IP] 192.168.50.150 [Port] 0 [Flags] 2 [Guid] 3870508294 [EditorId] 3870508294 [Version] 1048832 [Id] WindowsEditor(7,Nox) [Debug] 1 [PackageName] WindowsEditor [ProjectName] Editor" joined multi-casting on [225.0.0.222:54997]...
Player connection [18004] Host "[IP] 192.168.50.150 [Port] 0 [Flags] 2 [Guid] 3870508294 [EditorId] 3870508294 [Version] 1048832 [Id] WindowsEditor(7,Nox) [Debug] 1 [PackageName] WindowsEditor [ProjectName] Editor" joined alternative multi-casting on [225.0.0.222:34997]...
JobSystem: Creating JobQueue using job-worker-count value 7
[Physics::Module] Initialized MultithreadedJobDispatcher with 7 workers.
Library Redirect Path: Library/
Refreshing native plugins compatible for Editor in 0.80 ms, found 2 plugins.
Preloading 0 native plugins for Editor in 0.00 ms.
Initialize engine version: 2023.2.8f1 (a3bb09f8c8c4)
[Subsystems] Discovering subsystems at path C:/Program Files/Unity/Hub/Editor/2023.2.8f1/Editor/Data/Resources/UnitySubsystems
[Subsystems] Discovering subsystems at path Z:/net.loam.bubbles/Line Zen/Assets
GfxDevice: creating device client; kGfxThreadingModeNonThreaded
Direct3D:
    Version:  Direct3D 11.0 [level 11.1]
    Renderer: NVIDIA GeForce RTX 2070 (ID=0x1f07)
    Vendor:   NVIDIA
    VRAM:     8019 MB
    Driver:   31.0.15.3141
Initialize mono
Mono path[0] = 'C:/Program Files/Unity/Hub/Editor/2023.2.8f1/Editor/Data/Managed'
Mono path[1] = 'C:/Program Files/Unity/Hub/Editor/2023.2.8f1/Editor/Data/MonoBleedingEdge/lib/mono/unityjit-win32'
Mono config path = 'C:/Program Files/Unity/Hub/Editor/2023.2.8f1/Editor/Data/MonoBleedingEdge/etc'
Using monoOptions --debugger-agent=transport=dt_socket,embedding=1,server=y,suspend=n,address=127.0.0.1:56808
Begin MonoManager ReloadAssembly
C:\build\output\Unity-Technologies\mono\mono\metadata\icall.c:1842:
C:\build\output\Unity-Technologies\mono\mono\metadata\icall.c:1842:
C:\build\output\Unity-Technologies\mono\mono\metadata\icall.c:1842:
C:\build\output\Unity-Technologies\mono\mono\metadata\icall.c:1842:
C:\build\output\Unity-Technologies\mono\mono\metadata\icall.c:1842:
C:\build\output\Unity-Technologies\mono\mono\metadata\icall.c:1842:
C:\build\output\Unity-Technologies\mono\mono\metadata\icall.c:1842:
C:\build\output\Unity-Technologies\mono\mono\metadata\icall.c:1842:
C:\build\output\Unity-Technologies\mono\mono\metadata\icall.c:1842:
C:\build\output\Unity-Technologies\mono\mono\metadata\icall.c:1842:
Registering precompiled unity dll's ...
Register platform support module: C:/Program Files/Unity/Hub/Editor/2023.2.8f1/Editor/Data/PlaybackEngines/WindowsStandaloneSupport/UnityEditor.WindowsStandalone.Extensions.dll
Register platform support module: C:/Program Files/Unity/Hub/Editor/2023.2.8f1/Editor/Data/PlaybackEngines/AndroidPlayer/UnityEditor.Android.Extensions.dll
Register platform support module: C:/Program Files/Unity/Hub/Editor/2023.2.8f1/Editor/Data/PlaybackEngines/LinuxStandaloneSupport/UnityEditor.LinuxStandalone.Extensions.dll
Registered in 0.006904 seconds.
- Loaded All Assemblies, in  0.461 seconds
Native extension for LinuxStandalone target not found
Native extension for Android target not found
Android Extension - Scanning For ADB Devices 381 ms
Native extension for WindowsStandalone target not found
Mono: successfully reloaded assembly
C:\build\output\Unity-Technologies\mono\mono\metadata\icall.c:1842:
C:\build\output\Unity-Technologies\mono\mono\metadata\icall.c:1842:
- Finished resetting the current domain, in  0.785 seconds
Domain Reload Profiling: 1243ms
	BeginReloadAssembly (158ms)
		ExecutionOrderSort (0ms)
		DisableScriptedObjects (0ms)
		BackupInstance (0ms)
		ReleaseScriptingObjects (0ms)
		CreateAndSetChildDomain (1ms)
	RebuildCommonClasses (40ms)
	RebuildNativeTypeToScriptingClass (16ms)
	initialDomainReloadingComplete (63ms)
	LoadAllAssembliesAndSetupDomain (179ms)
		LoadAssemblies (154ms)
		RebuildTransferFunctionScriptingTraits (0ms)
		AnalyzeDomain (176ms)
			TypeCache.Refresh (174ms)
				TypeCache.ScanAssembly (161ms)
			BuildScriptInfoCaches (0ms)
			ResolveRequiredComponents (0ms)
	FinalizeReload (786ms)
		ReleaseScriptCaches (0ms)
		RebuildScriptCaches (0ms)
		SetupLoadedEditorAssemblies (736ms)
			LogAssemblyErrors (0ms)
			InitializePlatformSupportModulesInManaged (497ms)
			SetLoadedEditorAssemblies (4ms)
			BeforeProcessingInitializeOnLoad (8ms)
			ProcessInitializeOnLoadAttributes (176ms)
			ProcessInitializeOnLoadMethodAttributes (51ms)
			AfterProcessingInitializeOnLoad (0ms)
			EditorAssembliesLoaded (0ms)
		ExecutionOrderSort2 (0ms)
		AwakeInstancesAfterBackupRestoration (0ms)
========================================================================
Worker process is ready to serve import requests
Import Worker Mode flag is 0x00
Begin MonoManager ReloadAssembly
C:\build\output\Unity-Technologies\mono\mono\metadata\icall.c:1842:
C:\build\output\Unity-Technologies\mono\mono\metadata\icall.c:1842:
C:\build\output\Unity-Technologies\mono\mono\metadata\icall.c:1842:
C:\build\output\Unity-Technologies\mono\mono\metadata\icall.c:1842:
C:\build\output\Unity-Technologies\mono\mono\metadata\icall.c:1842:
C:\build\output\Unity-Technologies\mono\mono\metadata\icall.c:1842:
C:\build\output\Unity-Technologies\mono\mono\metadata\icall.c:1842:
C:\build\output\Unity-Technologies\mono\mono\metadata\icall.c:1842:
C:\build\output\Unity-Technologies\mono\mono\metadata\icall.c:1842:
C:\build\output\Unity-Technologies\mono\mono\metadata\icall.c:1842:
C:\build\output\Unity-Technologies\mono\mono\metadata\icall.c:1842:
C:\build\output\Unity-Technologies\mono\mono\metadata\icall.c:1842:
- Loaded All Assemblies, in  0.723 seconds
Refreshing native plugins compatible for Editor in 0.33 ms, found 2 plugins.
Native extension for LinuxStandalone target not found
Native extension for Android target not found
Native extension for WindowsStandalone target not found
Mono: successfully reloaded assembly
- Finished resetting the current domain, in  0.679 seconds
Domain Reload Profiling: 1398ms
	BeginReloadAssembly (326ms)
		ExecutionOrderSort (0ms)
		DisableScriptedObjects (6ms)
		BackupInstance (0ms)
		ReleaseScriptingObjects (0ms)
		CreateAndSetChildDomain (33ms)
	RebuildCommonClasses (42ms)
	RebuildNativeTypeToScriptingClass (15ms)
	initialDomainReloadingComplete (38ms)
	LoadAllAssembliesAndSetupDomain (298ms)
		LoadAssemblies (301ms)
		RebuildTransferFunctionScriptingTraits (0ms)
		AnalyzeDomain (112ms)
			TypeCache.Refresh (94ms)
				TypeCache.ScanAssembly (80ms)
			BuildScriptInfoCaches (11ms)
			ResolveRequiredComponents (4ms)
	FinalizeReload (679ms)
		ReleaseScriptCaches (0ms)
		RebuildScriptCaches (0ms)
		SetupLoadedEditorAssemblies (480ms)
			LogAssemblyErrors (0ms)
			InitializePlatformSupportModulesInManaged (24ms)
			SetLoadedEditorAssemblies (4ms)
			BeforeProcessingInitializeOnLoad (51ms)
			ProcessInitializeOnLoadAttributes (369ms)
			ProcessInitializeOnLoadMethodAttributes (24ms)
			AfterProcessingInitializeOnLoad (6ms)
			EditorAssembliesLoaded (0ms)
		ExecutionOrderSort2 (0ms)
		AwakeInstancesAfterBackupRestoration (5ms)
Launched and connected shader compiler UnityShaderCompiler.exe after 0.01 seconds
Refreshing native plugins compatible for Editor in 0.56 ms, found 2 plugins.
Preloading 0 native plugins for Editor in 0.00 ms.
Unloading 24 Unused Serialized files (Serialized files now loaded: 0)
Unloading 1590 unused Assets / (0.7 MB). Loaded Objects now: 2170.
Memory consumption went from 108.3 MB to 107.6 MB.
Total: 7.177700 ms (FindLiveObjects: 0.336800 ms CreateObjectMapping: 0.096300 ms MarkObjects: 5.921800 ms  DeleteObjects: 0.821100 ms)

========================================================================
Received Import Request.
  Time since last request: 1918240.626445 seconds.
  path: Assets/Scripts/Visual/VisualObjectFadeInDirection.cs
  artifactKey: Guid(0ecef934841a2944ea586f1251d86e32) Importer(2089858483,192608db42251d675da83286b1cce702)
Start importing Assets/Scripts/Visual/VisualObjectFadeInDirection.cs using Guid(0ecef934841a2944ea586f1251d86e32) Importer(2089858483,192608db42251d675da83286b1cce702) (ScriptedImporter)Generated GUIDs only implemented for interfaces!
 -> (artifact id: 'e9840408c2a9f0375e43a2e1371b009e') in 0.1056979 seconds
Number of updated asset objects reloaded before import = 0Number of asset objects unloaded after import = 0

========================================================================
Received Import Request.
  Time since last request: 0.000019 seconds.
  path: Assets/Levels/Tutorials/tutorial1.txt
  artifactKey: Guid(79ccb4b363f83c045930be92fb8d215b) Importer(2089858483,192608db42251d675da83286b1cce702)
Start importing Assets/Levels/Tutorials/tutorial1.txt using Guid(79ccb4b363f83c045930be92fb8d215b) Importer(2089858483,192608db42251d675da83286b1cce702) (ScriptedImporter)Generated GUIDs only implemented for interfaces!
 -> (artifact id: '5affa1830c9be04e7e9639953a542f5f') in 0.0101741 seconds
Number of updated asset objects reloaded before import = 0Number of asset objects unloaded after import = 1

========================================================================
Received Import Request.
  Time since last request: 0.000040 seconds.
  path: Assets/Scripts/Audio/AudioPlayOnHoverButton.cs
  artifactKey: Guid(b0399e929a5f09940836efd15592f97e) Importer(2089858483,192608db42251d675da83286b1cce702)
Start importing Assets/Scripts/Audio/AudioPlayOnHoverButton.cs using Guid(b0399e929a5f09940836efd15592f97e) Importer(2089858483,192608db42251d675da83286b1cce702) (ScriptedImporter)Generated GUIDs only implemented for interfaces!
 -> (artifact id: '9a90dd2b54a5aedb6fdac2d51632b1ad') in 0.0109202 seconds
Number of updated asset objects reloaded before import = 0Number of asset objects unloaded after import = 0

========================================================================
Received Import Request.
  Time since last request: 0.000092 seconds.
  path: Assets/Scripts/UI/UIUpdateVolume.cs
  artifactKey: Guid(d51e9269b143fc744972152c666f540a) Importer(2089858483,192608db42251d675da83286b1cce702)
Start importing Assets/Scripts/UI/UIUpdateVolume.cs using Guid(d51e9269b143fc744972152c666f540a) Importer(2089858483,192608db42251d675da83286b1cce702) (ScriptedImporter)Generated GUIDs only implemented for interfaces!
 -> (artifact id: '5c69fe7244d8cea4c1428c71c954e4c9') in 0.0150176 seconds
Number of updated asset objects reloaded before import = 0Number of asset objects unloaded after import = 0

========================================================================
Received Import Request.
  Time since last request: 0.000103 seconds.
  path: Assets/Scenes/Credits.unity
  artifactKey: Guid(06f0ba7e1ca69d0428eb30588b641a9d) Importer(2089858483,192608db42251d675da83286b1cce702)
Start importing Assets/Scenes/Credits.unity using Guid(06f0ba7e1ca69d0428eb30588b641a9d) Importer(2089858483,192608db42251d675da83286b1cce702) (ScriptedImporter)Generated GUIDs only implemented for interfaces!
 -> (artifact id: '48a6db61b800d82695274578114fc334') in 0.0249911 seconds
Number of updated asset objects reloaded before import = 0Number of asset objects unloaded after import = 1

========================================================================
Received Import Request.
  Time since last request: 0.000034 seconds.
  path: Assets/Scripts/UI/UIOpenURL.cs
  artifactKey: Guid(6fcb6a0046166484680a99dfa2fb0b92) Importer(2089858483,192608db42251d675da83286b1cce702)
Start importing Assets/Scripts/UI/UIOpenURL.cs using Guid(6fcb6a0046166484680a99dfa2fb0b92) Importer(2089858483,192608db42251d675da83286b1cce702) (ScriptedImporter)Generated GUIDs only implemented for interfaces!
 -> (artifact id: 'd375987f6c0ecf56913ed699a25388a4') in 0.0104547 seconds
Number of updated asset objects reloaded before import = 0Number of asset objects unloaded after import = 0

========================================================================
Received Import Request.
  Time since last request: 0.000075 seconds.
  path: Assets/Scripts/Data/SOChallenges.cs
  artifactKey: Guid(01d5847be82797042b907f0037f56c93) Importer(2089858483,192608db42251d675da83286b1cce702)
Start importing Assets/Scripts/Data/SOChallenges.cs using Guid(01d5847be82797042b907f0037f56c93) Importer(2089858483,192608db42251d675da83286b1cce702) (ScriptedImporter)Generated GUIDs only implemented for interfaces!
 -> (artifact id: '187eef9442c66770194da32c9cf3bd1e') in 0.0110753 seconds
Number of updated asset objects reloaded before import = 0Number of asset objects unloaded after import = 0

========================================================================
Received Import Request.
  Time since last request: 0.000093 seconds.
  path: Assets/Scripts/UI/UIPauseMenu.cs
  artifactKey: Guid(0d02383344e3ad244b8f8bbfc217a6fd) Importer(2089858483,192608db42251d675da83286b1cce702)
Start importing Assets/Scripts/UI/UIPauseMenu.cs using Guid(0d02383344e3ad244b8f8bbfc217a6fd) Importer(2089858483,192608db42251d675da83286b1cce702) (ScriptedImporter)Generated GUIDs only implemented for interfaces!
 -> (artifact id: '2f5ac7c5ecfa697e911421ec8819b167') in 0.010302 seconds
Number of updated asset objects reloaded before import = 0Number of asset objects unloaded after import = 0

========================================================================
Received Import Request.
  Time since last request: 0.000044 seconds.
  path: Assets/Scripts/UI/UIHideOutsideEditor.cs
  artifactKey: Guid(6f401460fb316f245919705d3ede4364) Importer(2089858483,192608db42251d675da83286b1cce702)
Start importing Assets/Scripts/UI/UIHideOutsideEditor.cs using Guid(6f401460fb316f245919705d3ede4364) Importer(2089858483,192608db42251d675da83286b1cce702) (ScriptedImporter)Generated GUIDs only implemented for interfaces!
 -> (artifact id: 'accbd7141a8c92703945e388565df9c4') in 0.0126513 seconds
Number of updated asset objects reloaded before import = 0Number of asset objects unloaded after import = 0

========================================================================
Received Import Request.
  Time since last request: 0.000081 seconds.
  path: Assets/Scripts/UI/UIUpdatePaused.cs
  artifactKey: Guid(7272cc049baace04ea49382bf4d5858b) Importer(2089858483,192608db42251d675da83286b1cce702)
Start importing Assets/Scripts/UI/UIUpdatePaused.cs using Guid(7272cc049baace04ea49382bf4d5858b) Importer(2089858483,192608db42251d675da83286b1cce702) (ScriptedImporter)Generated GUIDs only implemented for interfaces!
 -> (artifact id: '09509ca44d348e9dd9056bdea627abc5') in 0.0105999 seconds
Number of updated asset objects reloaded before import = 0Number of asset objects unloaded after import = 0

========================================================================
Received Import Request.
  Time since last request: 0.000050 seconds.
  path: Assets/Scripts/UI/UIClearData.cs
  artifactKey: Guid(31fbdc734f9ed374180facd71929220a) Importer(2089858483,192608db42251d675da83286b1cce702)
Start importing Assets/Scripts/UI/UIClearData.cs using Guid(31fbdc734f9ed374180facd71929220a) Importer(2089858483,192608db42251d675da83286b1cce702) (ScriptedImporter)Generated GUIDs only implemented for interfaces!
 -> (artifact id: '9791aa52d54bbbd9b6b5869fc6d3398e') in 0.0113937 seconds
Number of updated asset objects reloaded before import = 0Number of asset objects unloaded after import = 0

========================================================================
Received Import Request.
  Time since last request: 0.000040 seconds.
  path: Assets/Scripts/Visual/VisualBubbleWandering.cs
  artifactKey: Guid(ab671001200727141ad68c4e7988c30b) Importer(2089858483,192608db42251d675da83286b1cce702)
Start importing Assets/Scripts/Visual/VisualBubbleWandering.cs using Guid(ab671001200727141ad68c4e7988c30b) Importer(2089858483,192608db42251d675da83286b1cce702) (ScriptedImporter)Generated GUIDs only implemented for interfaces!
 -> (artifact id: 'ffa504f61835a88c1c7938760c915d27') in 0.0108745 seconds
Number of updated asset objects reloaded before import = 0Number of asset objects unloaded after import = 0

========================================================================
Received Import Request.
  Time since last request: 0.000121 seconds.
  path: Assets/Scripts/UI/UIToggleTargetActiveOnKey.cs
  artifactKey: Guid(112a7870e370a694aa1f2b90a14b30ea) Importer(2089858483,192608db42251d675da83286b1cce702)
Start importing Assets/Scripts/UI/UIToggleTargetActiveOnKey.cs using Guid(112a7870e370a694aa1f2b90a14b30ea) Importer(2089858483,192608db42251d675da83286b1cce702) (ScriptedImporter)Generated GUIDs only implemented for interfaces!
 -> (artifact id: 'd5313ba00ddd552b6de04e174133dfe4') in 0.0111225 seconds
Number of updated asset objects reloaded before import = 0Number of asset objects unloaded after import = 0

========================================================================
Received Import Request.
  Time since last request: 0.000071 seconds.
  path: Assets/Audio/bubble pop.mp3
  artifactKey: Guid(3b90fed78444e864799dc705ce792c15) Importer(2089858483,192608db42251d675da83286b1cce702)
Start importing Assets/Audio/bubble pop.mp3 using Guid(3b90fed78444e864799dc705ce792c15) Importer(2089858483,192608db42251d675da83286b1cce702) (ScriptedImporter)Generated GUIDs only implemented for interfaces!
 -> (artifact id: '12e3f8b846d2bca0df451500dafd934d') in 0.1098934 seconds
Number of updated asset objects reloaded before import = 0Number of asset objects unloaded after import = 1

========================================================================
Received Import Request.
  Time since last request: 0.000053 seconds.
  path: Assets/TextMesh Pro/Resources/LineBreaking Leading Characters.txt
  artifactKey: Guid(d82c1b31c7e74239bff1220585707d2b) Importer(2089858483,192608db42251d675da83286b1cce702)
Start importing Assets/TextMesh Pro/Resources/LineBreaking Leading Characters.txt using Guid(d82c1b31c7e74239bff1220585707d2b) Importer(2089858483,192608db42251d675da83286b1cce702) (ScriptedImporter)Generated GUIDs only implemented for interfaces!
 -> (artifact id: 'a7be0a6e3419ff40386ad5693c445752') in 0.0102313 seconds
Number of updated asset objects reloaded before import = 0Number of asset objects unloaded after import = 1

========================================================================
Received Import Request.
  Time since last request: 0.000065 seconds.
  path: Assets/Scripts/Data/DataEarnedScore.cs
  artifactKey: Guid(e2d509d799ffd864b96496d44f5c0ff8) Importer(2089858483,192608db42251d675da83286b1cce702)
Start importing Assets/Scripts/Data/DataEarnedScore.cs using Guid(e2d509d799ffd864b96496d44f5c0ff8) Importer(2089858483,192608db42251d675da83286b1cce702) (ScriptedImporter)Generated GUIDs only implemented for interfaces!
 -> (artifact id: 'f4e8c01a158cf500bc39188ccc00f981') in 0.0112514 seconds
Number of updated asset objects reloaded before import = 0Number of asset objects unloaded after import = 0

========================================================================
Received Import Request.
  Time since last request: 0.000059 seconds.
  path: Assets/Scripts/Visual/VisualRotateOnYAxis.cs
  artifactKey: Guid(3787ec06b6d66f04a8b64def138d0e9c) Importer(2089858483,192608db42251d675da83286b1cce702)
Start importing Assets/Scripts/Visual/VisualRotateOnYAxis.cs using Guid(3787ec06b6d66f04a8b64def138d0e9c) Importer(2089858483,192608db42251d675da83286b1cce702) (ScriptedImporter)Generated GUIDs only implemented for interfaces!
 -> (artifact id: 'a7e025b929b2f3b461f604c6f244d20e') in 0.0107715 seconds
Number of updated asset objects reloaded before import = 0Number of asset objects unloaded after import = 0

========================================================================
Received Import Request.
  Time since last request: 0.000075 seconds.
  path: Assets/Scripts/UI/UIUpdateTutorialVariable.cs
  artifactKey: Guid(b543955174c34904b85601ca7644bd69) Importer(2089858483,192608db42251d675da83286b1cce702)
Start importing Assets/Scripts/UI/UIUpdateTutorialVariable.cs using Guid(b543955174c34904b85601ca7644bd69) Importer(2089858483,192608db42251d675da83286b1cce702) (ScriptedImporter)Generated GUIDs only implemented for interfaces!
 -> (artifact id: 'b4384a5d422ccb8190ca550ca19b09ab') in 0.0129105 seconds
Number of updated asset objects reloaded before import = 0Number of asset objects unloaded after import = 0

========================================================================
Received Import Request.
  Time since last request: 0.000059 seconds.
  path: Assets/Scripts/UI/UIPushToTestLevel.cs
  artifactKey: Guid(4de498582cd7e414abe90542a818aa7a) Importer(2089858483,192608db42251d675da83286b1cce702)
Start importing Assets/Scripts/UI/UIPushToTestLevel.cs using Guid(4de498582cd7e414abe90542a818aa7a) Importer(2089858483,192608db42251d675da83286b1cce702) (ScriptedImporter)Generated GUIDs only implemented for interfaces!
 -> (artifact id: 'c7be214eacff7e62ee765adf7d59f987') in 0.0110624 seconds
Number of updated asset objects reloaded before import = 0Number of asset objects unloaded after import = 0

========================================================================
Received Import Request.
  Time since last request: 0.000077 seconds.
  path: Assets/Visuals/Icons/dots-vertical.png
  artifactKey: Guid(ff652033be2aa164caebc2d4b95bda0f) Importer(2089858483,192608db42251d675da83286b1cce702)
Start importing Assets/Visuals/Icons/dots-vertical.png using Guid(ff652033be2aa164caebc2d4b95bda0f) Importer(2089858483,192608db42251d675da83286b1cce702) (ScriptedImporter)Generated GUIDs only implemented for interfaces!
 -> (artifact id: 'f07c70bbb812f9216759a9196d2696a1') in 0.079863 seconds
Number of updated asset objects reloaded before import = 0Number of asset objects unloaded after import = 3

========================================================================
Received Import Request.
  Time since last request: 0.000014 seconds.
  path: Assets/Visuals/Icons/step-backward.png
  artifactKey: Guid(5ee1642961c36c94097bb8af781f0fa7) Importer(2089858483,192608db42251d675da83286b1cce702)
Start importing Assets/Visuals/Icons/step-backward.png using Guid(5ee1642961c36c94097bb8af781f0fa7) Importer(2089858483,192608db42251d675da83286b1cce702) (ScriptedImporter)Generated GUIDs only implemented for interfaces!
 -> (artifact id: '588d21c6d1b84f3028f6ff93e0806bd0') in 0.0364941 seconds
Number of updated asset objects reloaded before import = 0Number of asset objects unloaded after import = 3

========================================================================
Received Import Request.
  Time since last request: 0.000019 seconds.
  path: Assets/Visuals/Fonts/OpenSansCondensed-Bold.ttf
  artifactKey: Guid(71a11a02749610340a4be24d47f0a602) Importer(2089858483,192608db42251d675da83286b1cce702)
Start importing Assets/Visuals/Fonts/OpenSansCondensed-Bold.ttf using Guid(71a11a02749610340a4be24d47f0a602) Importer(2089858483,192608db42251d675da83286b1cce702) (ScriptedImporter)Generated GUIDs only implemented for interfaces!
 -> (artifact id: 'bdeab0007924c016a8eda94869dd0a75') in 0.03296 seconds
Number of updated asset objects reloaded before import = 0Number of asset objects unloaded after import = 3

========================================================================
Received Import Request.
  Time since last request: 0.000026 seconds.
  path: Assets/Visuals/Icons/baseline_check_white_48dp.png
  artifactKey: Guid(df7a448a215d13a499ba3b6dd5e7a066) Importer(2089858483,192608db42251d675da83286b1cce702)
Start importing Assets/Visuals/Icons/baseline_check_white_48dp.png using Guid(df7a448a215d13a499ba3b6dd5e7a066) Importer(2089858483,192608db42251d675da83286b1cce702) (ScriptedImporter)Generated GUIDs only implemented for interfaces!
 -> (artifact id: '2663c133ebfa3be3aec2768a43e0ccb4') in 0.0409156 seconds
Number of updated asset objects reloaded before import = 0Number of asset objects unloaded after import = 3

========================================================================
Received Import Request.
  Time since last request: 0.000019 seconds.
  path: Assets/Visuals/Skybox/Down_Tex.png
  artifactKey: Guid(f5c10e8155f7ef2429f4ecfed1e81a7a) Importer(2089858483,192608db42251d675da83286b1cce702)
Start importing Assets/Visuals/Skybox/Down_Tex.png using Guid(f5c10e8155f7ef2429f4ecfed1e81a7a) Importer(2089858483,192608db42251d675da83286b1cce702) (ScriptedImporter)Generated GUIDs only implemented for interfaces!
 -> (artifact id: 'cc596542ae3a75c44b23233481932c3e') in 0.1204948 seconds
Number of updated asset objects reloaded before import = 0Number of asset objects unloaded after import = 1

========================================================================
Received Import Request.
  Time since last request: 0.000060 seconds.
  path: Assets/Visuals/Icons/outline_settings_applications_white_48dp.png
  artifactKey: Guid(81c853dcb96dc574cb712f0bfab9d50b) Importer(2089858483,192608db42251d675da83286b1cce702)
Start importing Assets/Visuals/Icons/outline_settings_applications_white_48dp.png using Guid(81c853dcb96dc574cb712f0bfab9d50b) Importer(2089858483,192608db42251d675da83286b1cce702) (ScriptedImporter)Generated GUIDs only implemented for interfaces!
 -> (artifact id: 'ac0cd55cf0f180096e845aaa0fc672ed') in 0.0408245 seconds
Number of updated asset objects reloaded before import = 0Number of asset objects unloaded after import = 3

========================================================================
Received Import Request.
  Time since last request: 0.000036 seconds.
  path: Assets/Visuals/Icons/folder.png
  artifactKey: Guid(5463f40d60ecbd146991e02be71121e3) Importer(2089858483,192608db42251d675da83286b1cce702)
Start importing Assets/Visuals/Icons/folder.png using Guid(5463f40d60ecbd146991e02be71121e3) Importer(2089858483,192608db42251d675da83286b1cce702) (ScriptedImporter)Generated GUIDs only implemented for interfaces!
 -> (artifact id: '8acbb219d238ee127306bb8e5e774a1a') in 0.0412383 seconds
Number of updated asset objects reloaded before import = 0Number of asset objects unloaded after import = 3

========================================================================
Received Import Request.
  Time since last request: 0.000017 seconds.
  path: Assets/Visuals/Icons/hand-heart.png
  artifactKey: Guid(ad1e8475814622d46b88e57f3e336362) Importer(2089858483,192608db42251d675da83286b1cce702)
Start importing Assets/Visuals/Icons/hand-heart.png using Guid(ad1e8475814622d46b88e57f3e336362) Importer(2089858483,192608db42251d675da83286b1cce702) (ScriptedImporter)Generated GUIDs only implemented for interfaces!
 -> (artifact id: 'f3b5e5ed621ad4928e491cf913c102fd') in 0.0454654 seconds
Number of updated asset objects reloaded before import = 0Number of asset objects unloaded after import = 3

========================================================================
Received Import Request.
  Time since last request: 0.000015 seconds.
  path: Assets/Visuals/Skybox/Skybox.prefab
  artifactKey: Guid(11d0fc23d4bda7a408eb24719a967626) Importer(2089858483,192608db42251d675da83286b1cce702)
Start importing Assets/Visuals/Skybox/Skybox.prefab using Guid(11d0fc23d4bda7a408eb24719a967626) Importer(2089858483,192608db42251d675da83286b1cce702) (ScriptedImporter)Generated GUIDs only implemented for interfaces!
 -> (artifact id: '5a12cdde497543b59aad156d6a906c73') in 0.0278575 seconds
Number of updated asset objects reloaded before import = 0Number of asset objects unloaded after import = 8

========================================================================
Received Import Request.
  Time since last request: 0.000065 seconds.
  path: Assets/Visuals/Icons/check-bold.png
  artifactKey: Guid(05120c651c3a467458d15d9a277bd8be) Importer(2089858483,192608db42251d675da83286b1cce702)
Start importing Assets/Visuals/Icons/check-bold.png using Guid(05120c651c3a467458d15d9a277bd8be) Importer(2089858483,192608db42251d675da83286b1cce702) (ScriptedImporter)Generated GUIDs only implemented for interfaces!
 -> (artifact id: 'dea7ec0671416532e76dfad37546cdf2') in 0.0442859 seconds
Number of updated asset objects reloaded before import = 0Number of asset objects unloaded after import = 3

========================================================================
Received Import Request.
  Time since last request: 0.000015 seconds.
  path: Assets/Visuals/Skybox/Front_Tex.png
  artifactKey: Guid(ff763b7d888f8dc449d241f19294106b) Importer(2089858483,192608db42251d675da83286b1cce702)
Start importing Assets/Visuals/Skybox/Front_Tex.png using Guid(ff763b7d888f8dc449d241f19294106b) Importer(2089858483,192608db42251d675da83286b1cce702) (ScriptedImporter)Generated GUIDs only implemented for interfaces!
 -> (artifact id: '0292b4cb2d8e8431460f56c894c28d53') in 0.0652321 seconds
Number of updated asset objects reloaded before import = 0Number of asset objects unloaded after import = 1

========================================================================
Received Import Request.
  Time since last request: 0.000057 seconds.
  path: Assets/Visuals/Sprites/bubble.pdn
  artifactKey: Guid(097425a5869695d49832566583dcc39f) Importer(2089858483,192608db42251d675da83286b1cce702)
Start importing Assets/Visuals/Sprites/bubble.pdn using Guid(097425a5869695d49832566583dcc39f) Importer(2089858483,192608db42251d675da83286b1cce702) (ScriptedImporter)Generated GUIDs only implemented for interfaces!
 -> (artifact id: '0825093c266a7f3344a765273132a592') in 0.0101229 seconds
Number of updated asset objects reloaded before import = 0Number of asset objects unloaded after import = 1

========================================================================
Received Import Request.
  Time since last request: 0.000061 seconds.
  path: Assets/Visuals/Sprites/appiconshade.png
  artifactKey: Guid(a1240d9d56f48134885114d75a8020eb) Importer(2089858483,192608db42251d675da83286b1cce702)
Start importing Assets/Visuals/Sprites/appiconshade.png using Guid(a1240d9d56f48134885114d75a8020eb) Importer(2089858483,192608db42251d675da83286b1cce702) (ScriptedImporter)Generated GUIDs only implemented for interfaces!
 -> (artifact id: '81a7335d10fe9539d6accb62724ba26a') in 0.0349527 seconds
Number of updated asset objects reloaded before import = 0Number of asset objects unloaded after import = 3

========================================================================
Received Import Request.
  Time since last request: 0.000014 seconds.
  path: Assets/Visuals/Sprites/category_complex.png
  artifactKey: Guid(058da06b645345d49ae20f390d3abfe7) Importer(2089858483,192608db42251d675da83286b1cce702)
Start importing Assets/Visuals/Sprites/category_complex.png using Guid(058da06b645345d49ae20f390d3abfe7) Importer(2089858483,192608db42251d675da83286b1cce702) (ScriptedImporter)Generated GUIDs only implemented for interfaces!
 -> (artifact id: 'e1a314ce1ea3ea4765b87466d54056d4') in 0.0359429 seconds
Number of updated asset objects reloaded before import = 0Number of asset objects unloaded after import = 3

========================================================================
Received Import Request.
  Time since last request: 0.000016 seconds.
  path: Assets/Visuals/Sprites/bubble.png
  artifactKey: Guid(bee2044c97cbc404ab7e9fd93f1fd240) Importer(2089858483,192608db42251d675da83286b1cce702)
Start importing Assets/Visuals/Sprites/bubble.png using Guid(bee2044c97cbc404ab7e9fd93f1fd240) Importer(2089858483,192608db42251d675da83286b1cce702) (ScriptedImporter)Generated GUIDs only implemented for interfaces!
 -> (artifact id: 'd51a74e78ec3b674df78a4ccbcd74d1a') in 0.0472594 seconds
Number of updated asset objects reloaded before import = 0Number of asset objects unloaded after import = 3

========================================================================
Received Import Request.
  Time since last request: 0.000019 seconds.
  path: Assets/Visuals/Sprites/Outline Interior quarter upper right.png
  artifactKey: Guid(dd9f1ba5760d57441946e8c3078835b9) Importer(2089858483,192608db42251d675da83286b1cce702)
Start importing Assets/Visuals/Sprites/Outline Interior quarter upper right.png using Guid(dd9f1ba5760d57441946e8c3078835b9) Importer(2089858483,192608db42251d675da83286b1cce702) (ScriptedImporter)Generated GUIDs only implemented for interfaces!
 -> (artifact id: '45171b54a1f6bd41d309606645fba8b9') in 0.0350307 seconds
Number of updated asset objects reloaded before import = 0Number of asset objects unloaded after import = 3

========================================================================
Received Import Request.
  Time since last request: 0.000017 seconds.
  path: Assets/Visuals/Sprites/double gradient.png
  artifactKey: Guid(6eecb4bfa2e671c43b6a9cfbcb572272) Importer(2089858483,192608db42251d675da83286b1cce702)
Start importing Assets/Visuals/Sprites/double gradient.png using Guid(6eecb4bfa2e671c43b6a9cfbcb572272) Importer(2089858483,192608db42251d675da83286b1cce702) (ScriptedImporter)Generated GUIDs only implemented for interfaces!
 -> (artifact id: '8b3b15e28171de783d4c5d99b5496013') in 0.0340679 seconds
Number of updated asset objects reloaded before import = 0Number of asset objects unloaded after import = 3

========================================================================
Received Import Request.
  Time since last request: 0.000029 seconds.
  path: Assets/Visuals/Sprites/icons.png
  artifactKey: Guid(e07721e4fe59f3c439c4a11dfdfb4914) Importer(2089858483,192608db42251d675da83286b1cce702)
Start importing Assets/Visuals/Sprites/icons.png using Guid(e07721e4fe59f3c439c4a11dfdfb4914) Importer(2089858483,192608db42251d675da83286b1cce702) (ScriptedImporter)Generated GUIDs only implemented for interfaces!
 -> (artifact id: '315b412a2fb43afad9e663537322e5f8') in 0.0321454 seconds
Number of updated asset objects reloaded before import = 0Number of asset objects unloaded after import = 3

========================================================================
Received Import Request.
  Time since last request: 0.000022 seconds.
  path: Assets/Visuals/Sprites/Outline Interior half top.png
  artifactKey: Guid(677fcfee3bfff6e45b1ee340a77d436f) Importer(2089858483,192608db42251d675da83286b1cce702)
Start importing Assets/Visuals/Sprites/Outline Interior half top.png using Guid(677fcfee3bfff6e45b1ee340a77d436f) Importer(2089858483,192608db42251d675da83286b1cce702) (ScriptedImporter)Generated GUIDs only implemented for interfaces!
 -> (artifact id: 'cf44df0f1aaa94cdc2c912457c49ac49') in 0.0355631 seconds
Number of updated asset objects reloaded before import = 0Number of asset objects unloaded after import = 3

========================================================================
Received Import Request.
  Time since last request: 0.000061 seconds.
  path: Assets/Visuals/Sprites/appicon.pdn
  artifactKey: Guid(d57bba1298482b445875495db4375b40) Importer(2089858483,192608db42251d675da83286b1cce702)
Start importing Assets/Visuals/Sprites/appicon.pdn using Guid(d57bba1298482b445875495db4375b40) Importer(2089858483,192608db42251d675da83286b1cce702) (ScriptedImporter)Generated GUIDs only implemented for interfaces!
 -> (artifact id: '325225ffddf242f045e1a55bb5168be8') in 0.0096749 seconds
Number of updated asset objects reloaded before import = 0Number of asset objects unloaded after import = 1

========================================================================
Received Import Request.
  Time since last request: 0.000069 seconds.
  path: Assets/Visuals/Fonts/OpenSansCondensed-Light SDF.asset
  artifactKey: Guid(ab610228f0a2ede47a5246ef5b53dbb8) Importer(2089858483,192608db42251d675da83286b1cce702)
Start importing Assets/Visuals/Fonts/OpenSansCondensed-Light SDF.asset using Guid(ab610228f0a2ede47a5246ef5b53dbb8) Importer(2089858483,192608db42251d675da83286b1cce702) (ScriptedImporter)Generated GUIDs only implemented for interfaces!
 -> (artifact id: '333b5286f206b9c516ec009ff5335f66') in 0.060716 seconds
Number of updated asset objects reloaded before import = 0Number of asset objects unloaded after import = 3

========================================================================
Received Import Request.
  Time since last request: 0.000021 seconds.
  path: Assets/Visuals/Icons/file-outline.png
  artifactKey: Guid(2d67e53448b73074f979c2fa5676be09) Importer(2089858483,192608db42251d675da83286b1cce702)
Start importing Assets/Visuals/Icons/file-outline.png using Guid(2d67e53448b73074f979c2fa5676be09) Importer(2089858483,192608db42251d675da83286b1cce702) (ScriptedImporter)Generated GUIDs only implemented for interfaces!
 -> (artifact id: '0f81a697f8c781ee05f440ce60b9a17a') in 0.0324903 seconds
Number of updated asset objects reloaded before import = 0Number of asset objects unloaded after import = 3

========================================================================
Received Import Request.
  Time since last request: 0.000016 seconds.
  path: Assets/Scripts/Audio/AudioPlayOnToggleOrClick.cs
  artifactKey: Guid(f1b9f3c6c11160d44a478fe7544daa83) Importer(2089858483,192608db42251d675da83286b1cce702)
Start importing Assets/Scripts/Audio/AudioPlayOnToggleOrClick.cs using Guid(f1b9f3c6c11160d44a478fe7544daa83) Importer(2089858483,192608db42251d675da83286b1cce702) (ScriptedImporter)Generated GUIDs only implemented for interfaces!
 -> (artifact id: 'c255f65b4d1cd824c26ec4c7bd15d255') in 0.0112176 seconds
Number of updated asset objects reloaded before import = 0Number of asset objects unloaded after import = 0

========================================================================
Received Import Request.
  Time since last request: 0.000087 seconds.
  path: Assets/Scripts/UI/UIUpdateEffectsVariable.cs
  artifactKey: Guid(554ee953d2044264b91e643310e52904) Importer(2089858483,192608db42251d675da83286b1cce702)
Start importing Assets/Scripts/UI/UIUpdateEffectsVariable.cs using Guid(554ee953d2044264b91e643310e52904) Importer(2089858483,192608db42251d675da83286b1cce702) (ScriptedImporter)Generated GUIDs only implemented for interfaces!
 -> (artifact id: '6d80ccafcd8311f6ddbe747571fa6b90') in 0.0134267 seconds
Number of updated asset objects reloaded before import = 0Number of asset objects unloaded after import = 0

========================================================================
Received Import Request.
  Time since last request: 0.000051 seconds.
  path: Assets/Visuals/Particle Systems/Particle Background Floaters.prefab
  artifactKey: Guid(22b5f38102dbb854196cf1ed23fcedfc) Importer(2089858483,192608db42251d675da83286b1cce702)
Start importing Assets/Visuals/Particle Systems/Particle Background Floaters.prefab using Guid(22b5f38102dbb854196cf1ed23fcedfc) Importer(2089858483,192608db42251d675da83286b1cce702) (ScriptedImporter)Generated GUIDs only implemented for interfaces!
 -> (artifact id: '6db570feaf28e1cfb60b424a744d495f') in 0.1136618 seconds
Number of updated asset objects reloaded before import = 0Number of asset objects unloaded after import = 6

========================================================================
Received Import Request.
  Time since last request: 0.000016 seconds.
  path: Assets/TextMesh Pro/Resources/Fonts & Materials/LiberationSans SDF - Fallback.asset
  artifactKey: Guid(2e498d1c8094910479dc3e1b768306a4) Importer(2089858483,192608db42251d675da83286b1cce702)
Start importing Assets/TextMesh Pro/Resources/Fonts & Materials/LiberationSans SDF - Fallback.asset using Guid(2e498d1c8094910479dc3e1b768306a4) Importer(2089858483,192608db42251d675da83286b1cce702) (ScriptedImporter)Generated GUIDs only implemented for interfaces!
 -> (artifact id: 'e75af58a6e5ed4552a75101ce3bb3312') in 0.0358611 seconds
Number of updated asset objects reloaded before import = 0Number of asset objects unloaded after import = 5

========================================================================
Received Import Request.
  Time since last request: 0.000023 seconds.
  path: Assets/Levels/Puzzles/Varied/puzzle3003.txt
  artifactKey: Guid(20fa35e2cfd795d4494cf5ed84042e6f) Importer(2089858483,192608db42251d675da83286b1cce702)
Start importing Assets/Levels/Puzzles/Varied/puzzle3003.txt using Guid(20fa35e2cfd795d4494cf5ed84042e6f) Importer(2089858483,192608db42251d675da83286b1cce702) (ScriptedImporter)Generated GUIDs only implemented for interfaces!
 -> (artifact id: 'bf5694348d4061fd1613985aed5f1e02') in 0.0118966 seconds
Number of updated asset objects reloaded before import = 0Number of asset objects unloaded after import = 1

========================================================================
Received Import Request.
  Time since last request: 0.000046 seconds.
  path: Assets/Levels/Puzzles/Basic/puzzle0006.txt
  artifactKey: Guid(bf5fbcfb829f3794b891eb2adf3a779e) Importer(2089858483,192608db42251d675da83286b1cce702)
Start importing Assets/Levels/Puzzles/Basic/puzzle0006.txt using Guid(bf5fbcfb829f3794b891eb2adf3a779e) Importer(2089858483,192608db42251d675da83286b1cce702) (ScriptedImporter)Generated GUIDs only implemented for interfaces!
 -> (artifact id: 'ba073475c66526d3fa013e6b7cf2a5f6') in 0.0095816 seconds
Number of updated asset objects reloaded before import = 0Number of asset objects unloaded after import = 1

========================================================================
Received Import Request.
  Time since last request: 0.000041 seconds.
  path: Assets/Levels/Puzzles/Varied/puzzle3009.txt
  artifactKey: Guid(4627988712fa19e4babc63db7d1fddfa) Importer(2089858483,192608db42251d675da83286b1cce702)
Start importing Assets/Levels/Puzzles/Varied/puzzle3009.txt using Guid(4627988712fa19e4babc63db7d1fddfa) Importer(2089858483,192608db42251d675da83286b1cce702) (ScriptedImporter)Generated GUIDs only implemented for interfaces!
 -> (artifact id: 'aab6b3918f2bd3ded810e6e06d0ecf9c') in 0.0089723 seconds
Number of updated asset objects reloaded before import = 0Number of asset objects unloaded after import = 1

========================================================================
Received Import Request.
  Time since last request: 0.000040 seconds.
  path: Assets/Levels/Puzzles/Basic/puzzle0009.txt
  artifactKey: Guid(7c59d6c66736c81428eeebb5cf503282) Importer(2089858483,192608db42251d675da83286b1cce702)
Start importing Assets/Levels/Puzzles/Basic/puzzle0009.txt using Guid(7c59d6c66736c81428eeebb5cf503282) Importer(2089858483,192608db42251d675da83286b1cce702) (ScriptedImporter)Generated GUIDs only implemented for interfaces!
 -> (artifact id: 'd51e63fc69e75911470a2ebef3343aee') in 0.0097976 seconds
Number of updated asset objects reloaded before import = 0Number of asset objects unloaded after import = 1

========================================================================
Received Import Request.
  Time since last request: 0.000188 seconds.
  path: Assets/Levels/Puzzles/Basic/puzzle0003.txt
  artifactKey: Guid(7e3cd7d098300454bb986c22e317142c) Importer(2089858483,192608db42251d675da83286b1cce702)
Start importing Assets/Levels/Puzzles/Basic/puzzle0003.txt using Guid(7e3cd7d098300454bb986c22e317142c) Importer(2089858483,192608db42251d675da83286b1cce702) (ScriptedImporter)Generated GUIDs only implemented for interfaces!
 -> (artifact id: 'cf72cb44f3ba92b7040bd09fdac4b49a') in 0.0104867 seconds
Number of updated asset objects reloaded before import = 0Number of asset objects unloaded after import = 1

========================================================================
Received Import Request.
  Time since last request: 0.000051 seconds.
  path: Assets/TextMesh Pro/Resources/Fonts & Materials/LiberationSans SDF - Drop Shadow.mat
  artifactKey: Guid(e73a58f6e2794ae7b1b7e50b7fb811b0) Importer(2089858483,192608db42251d675da83286b1cce702)
Start importing Assets/TextMesh Pro/Resources/Fonts & Materials/LiberationSans SDF - Drop Shadow.mat using Guid(e73a58f6e2794ae7b1b7e50b7fb811b0) Importer(2089858483,192608db42251d675da83286b1cce702) (ScriptedImporter)Generated GUIDs only implemented for interfaces!
 -> (artifact id: 'f9d6ac276afc0a3bd34383023bf22d43') in 0.0338567 seconds
Number of updated asset objects reloaded before import = 0Number of asset objects unloaded after import = 2

========================================================================
Received Import Request.
  Time since last request: 0.000017 seconds.
  path: Assets/Packages/FpsGraphAnalyzer/Scripts/LineGenerator.cs
  artifactKey: Guid(ffc8c15a6d4e714498f454e7cd5ce065) Importer(2089858483,192608db42251d675da83286b1cce702)
Start importing Assets/Packages/FpsGraphAnalyzer/Scripts/LineGenerator.cs using Guid(ffc8c15a6d4e714498f454e7cd5ce065) Importer(2089858483,192608db42251d675da83286b1cce702) (ScriptedImporter)Generated GUIDs only implemented for interfaces!
 -> (artifact id: '807130b6fcddd3f4283446711368e1b5') in 0.0104766 seconds
Number of updated asset objects reloaded before import = 0Number of asset objects unloaded after import = 0

========================================================================
Received Import Request.
  Time since last request: 0.000061 seconds.
  path: Assets/Scripts/Data/Data.cs
  artifactKey: Guid(82bc3507463da3341b15d831f81a0f1b) Importer(2089858483,192608db42251d675da83286b1cce702)
Start importing Assets/Scripts/Data/Data.cs using Guid(82bc3507463da3341b15d831f81a0f1b) Importer(2089858483,192608db42251d675da83286b1cce702) (ScriptedImporter)Generated GUIDs only implemented for interfaces!
 -> (artifact id: '7abc32bbbcac3748dffc2f858262b827') in 0.0104545 seconds
Number of updated asset objects reloaded before import = 0Number of asset objects unloaded after import = 0

========================================================================
Received Import Request.
  Time since last request: 0.000084 seconds.
  path: Assets/Visuals/Sprites/loam-border.png
  artifactKey: Guid(95f5a2e172212484faa63c81bdcb3ebc) Importer(2089858483,192608db42251d675da83286b1cce702)
Start importing Assets/Visuals/Sprites/loam-border.png using Guid(95f5a2e172212484faa63c81bdcb3ebc) Importer(2089858483,192608db42251d675da83286b1cce702) (ScriptedImporter)Generated GUIDs only implemented for interfaces!
 -> (artifact id: '195fdc24fab34051dcd126a48a2ec459') in 0.0549082 seconds
Number of updated asset objects reloaded before import = 0Number of asset objects unloaded after import = 3

========================================================================
Received Import Request.
  Time since last request: 0.000018 seconds.
  path: Assets/TextMesh Pro/Shaders/TMP_SDF-Mobile-2-Pass.shader
  artifactKey: Guid(0178fcb869bafef4690d177d31d17db8) Importer(2089858483,192608db42251d675da83286b1cce702)
Start importing Assets/TextMesh Pro/Shaders/TMP_SDF-Mobile-2-Pass.shader using Guid(0178fcb869bafef4690d177d31d17db8) Importer(2089858483,192608db42251d675da83286b1cce702) (ScriptedImporter)Generated GUIDs only implemented for interfaces!
 -> (artifact id: '47658752d76993c66ef5ccae789fc963') in 0.0233146 seconds
Number of updated asset objects reloaded before import = 0Number of asset objects unloaded after import = 1

========================================================================
Received Import Request.
  Time since last request: 0.000046 seconds.
  path: Assets/Levels/Puzzles/Basic/puzzle0012.txt
  artifactKey: Guid(b9034d18ea50db748b310cd801ae88c5) Importer(2089858483,192608db42251d675da83286b1cce702)
Start importing Assets/Levels/Puzzles/Basic/puzzle0012.txt using Guid(b9034d18ea50db748b310cd801ae88c5) Importer(2089858483,192608db42251d675da83286b1cce702) (ScriptedImporter)Generated GUIDs only implemented for interfaces!
 -> (artifact id: 'd65a4d70baf5a773598da3b843ed8e5b') in 0.0089071 seconds
Number of updated asset objects reloaded before import = 0Number of asset objects unloaded after import = 1

========================================================================
Received Import Request.
  Time since last request: 0.000049 seconds.
  path: Assets/Scripts/Benchmark/FPS.cs
  artifactKey: Guid(0d68eb50952dfea469c78796f0080530) Importer(2089858483,192608db42251d675da83286b1cce702)
Start importing Assets/Scripts/Benchmark/FPS.cs using Guid(0d68eb50952dfea469c78796f0080530) Importer(2089858483,192608db42251d675da83286b1cce702) (ScriptedImporter)Generated GUIDs only implemented for interfaces!
 -> (artifact id: '693ddc09319a9791c78237a991b06aa8') in 0.0104834 seconds
Number of updated asset objects reloaded before import = 0Number of asset objects unloaded after import = 0

========================================================================
Received Import Request.
  Time since last request: 0.000042 seconds.
  path: Assets/_Dev/LevelEditor.unity
  artifactKey: Guid(cb8ade44dfb7ae544bd77a2b2a6b2cb6) Importer(2089858483,192608db42251d675da83286b1cce702)
Start importing Assets/_Dev/LevelEditor.unity using Guid(cb8ade44dfb7ae544bd77a2b2a6b2cb6) Importer(2089858483,192608db42251d675da83286b1cce702) (ScriptedImporter)Generated GUIDs only implemented for interfaces!
 -> (artifact id: '5d48d994d6fcdfe8b00a918bcfde8726') in 0.0342198 seconds
Number of updated asset objects reloaded before import = 0Number of asset objects unloaded after import = 1

========================================================================
Received Import Request.
  Time since last request: 0.000034 seconds.
  path: Assets/TextMesh Pro/Documentation/TextMesh Pro User Guide 2016.pdf
  artifactKey: Guid(1b8d251f9af63b746bf2f7ffe00ebb9b) Importer(2089858483,192608db42251d675da83286b1cce702)
Start importing Assets/TextMesh Pro/Documentation/TextMesh Pro User Guide 2016.pdf using Guid(1b8d251f9af63b746bf2f7ffe00ebb9b) Importer(2089858483,192608db42251d675da83286b1cce702) (ScriptedImporter)Generated GUIDs only implemented for interfaces!
 -> (artifact id: '94389a8c8f5762e5a7517bca8553b076') in 0.0081497 seconds
Number of updated asset objects reloaded before import = 0Number of asset objects unloaded after import = 1

========================================================================
Received Import Request.
  Time since last request: 0.000072 seconds.
  path: Assets/Scripts/Visual/VisualLineManager.cs
  artifactKey: Guid(b6c9accd0df837c4bac3d8ebdde15415) Importer(2089858483,192608db42251d675da83286b1cce702)
Start importing Assets/Scripts/Visual/VisualLineManager.cs using Guid(b6c9accd0df837c4bac3d8ebdde15415) Importer(2089858483,192608db42251d675da83286b1cce702) (ScriptedImporter)Generated GUIDs only implemented for interfaces!
 -> (artifact id: '38bc7e2f6d9329806ad4f55c4fb33d43') in 0.0104932 seconds
Number of updated asset objects reloaded before import = 0Number of asset objects unloaded after import = 0

========================================================================
Received Import Request.
  Time since last request: 0.000073 seconds.
  path: Assets/Scripts/Visual/VisualBubbleManager.cs
  artifactKey: Guid(762a0eb0e363b8a4c80f001f41a5864c) Importer(2089858483,192608db42251d675da83286b1cce702)
Start importing Assets/Scripts/Visual/VisualBubbleManager.cs using Guid(762a0eb0e363b8a4c80f001f41a5864c) Importer(2089858483,192608db42251d675da83286b1cce702) (ScriptedImporter)Generated GUIDs only implemented for interfaces!
 -> (artifact id: '3645067f7e6a5e067b3fb3f93bdeebb7') in 0.0107471 seconds
Number of updated asset objects reloaded before import = 0Number of asset objects unloaded after import = 0

========================================================================
Received Import Request.
  Time since last request: 0.000089 seconds.
  path: Assets/Scripts/UI/UIFIleDialogBase.cs
  artifactKey: Guid(406f8a5eb31136a47be365c33f2b1300) Importer(2089858483,192608db42251d675da83286b1cce702)
Start importing Assets/Scripts/UI/UIFIleDialogBase.cs using Guid(406f8a5eb31136a47be365c33f2b1300) Importer(2089858483,192608db42251d675da83286b1cce702) (ScriptedImporter)Generated GUIDs only implemented for interfaces!
 -> (artifact id: '384711e68ddba2bee537c452d03b9f33') in 0.0108442 seconds
Number of updated asset objects reloaded before import = 0Number of asset objects unloaded after import = 0

========================================================================
Received Import Request.
  Time since last request: 0.000083 seconds.
  path: Assets/Visuals/Sprites/Outline.png
  artifactKey: Guid(d7dc889326abf73458cc76ec5840c978) Importer(2089858483,192608db42251d675da83286b1cce702)
Start importing Assets/Visuals/Sprites/Outline.png using Guid(d7dc889326abf73458cc76ec5840c978) Importer(2089858483,192608db42251d675da83286b1cce702) (ScriptedImporter)Generated GUIDs only implemented for interfaces!
 -> (artifact id: '5130d6c94f65c42e6c2e2e2d86efc4a5') in 0.0338011 seconds
Number of updated asset objects reloaded before import = 0Number of asset objects unloaded after import = 3

========================================================================
Received Import Request.
  Time since last request: 0.000014 seconds.
  path: Assets/Visuals/Touch Indicator.prefab
  artifactKey: Guid(8a798642e5955ac41a4e7f16b812c07f) Importer(2089858483,192608db42251d675da83286b1cce702)
Start importing Assets/Visuals/Touch Indicator.prefab using Guid(8a798642e5955ac41a4e7f16b812c07f) Importer(2089858483,192608db42251d675da83286b1cce702) (ScriptedImporter)Generated GUIDs only implemented for interfaces!
 -> (artifact id: '4d177ea24850ae7321f24be221d80efa') in 0.0239604 seconds
Number of updated asset objects reloaded before import = 0Number of asset objects unloaded after import = 6

========================================================================
Received Import Request.
  Time since last request: 0.000014 seconds.
  path: Assets/Levels/Puzzles/Moving/puzzle2002.txt
  artifactKey: Guid(bc857836b7b5ccb41a2daf388453d767) Importer(2089858483,192608db42251d675da83286b1cce702)
Start importing Assets/Levels/Puzzles/Moving/puzzle2002.txt using Guid(bc857836b7b5ccb41a2daf388453d767) Importer(2089858483,192608db42251d675da83286b1cce702) (ScriptedImporter)Generated GUIDs only implemented for interfaces!
 -> (artifact id: '18b075f3547755df25b929c36efc3a6b') in 0.0086021 seconds
Number of updated asset objects reloaded before import = 0Number of asset objects unloaded after import = 1

========================================================================
Received Import Request.
  Time since last request: 0.000060 seconds.
  path: Assets/Scripts/UI/UIChallengeEntry.cs
  artifactKey: Guid(849bb27e6b848e547a278ed9ef9a33e1) Importer(2089858483,192608db42251d675da83286b1cce702)
Start importing Assets/Scripts/UI/UIChallengeEntry.cs using Guid(849bb27e6b848e547a278ed9ef9a33e1) Importer(2089858483,192608db42251d675da83286b1cce702) (ScriptedImporter)Generated GUIDs only implemented for interfaces!
 -> (artifact id: 'ae07642147b468927057beaca5065d6d') in 0.0127162 seconds
Number of updated asset objects reloaded before import = 0Number of asset objects unloaded after import = 0

========================================================================
Received Import Request.
  Time since last request: 0.000061 seconds.
  path: Assets/TextMesh Pro/Fonts/LiberationSans.ttf
  artifactKey: Guid(e3265ab4bf004d28a9537516768c1c75) Importer(2089858483,192608db42251d675da83286b1cce702)
Start importing Assets/TextMesh Pro/Fonts/LiberationSans.ttf using Guid(e3265ab4bf004d28a9537516768c1c75) Importer(2089858483,192608db42251d675da83286b1cce702) (ScriptedImporter)Generated GUIDs only implemented for interfaces!
 -> (artifact id: '3a40d9fc00d29f505c53a1cf23d0b544') in 0.0194114 seconds
Number of updated asset objects reloaded before import = 0Number of asset objects unloaded after import = 3

========================================================================
Received Import Request.
  Time since last request: 0.000018 seconds.
  path: Assets/Levels/Puzzles/Varied/puzzle3007.txt
  artifactKey: Guid(22779e319e9f7e844ae44509f8a7a626) Importer(2089858483,192608db42251d675da83286b1cce702)
Start importing Assets/Levels/Puzzles/Varied/puzzle3007.txt using Guid(22779e319e9f7e844ae44509f8a7a626) Importer(2089858483,192608db42251d675da83286b1cce702) (ScriptedImporter)Generated GUIDs only implemented for interfaces!
 -> (artifact id: '6d422d832c79923b78aa90d7e7e609eb') in 0.0100973 seconds
Number of updated asset objects reloaded before import = 0Number of asset objects unloaded after import = 1

========================================================================
Received Import Request.
  Time since last request: 0.000073 seconds.
  path: Assets/Levels/Puzzles/Basic/puzzle0008.txt
  artifactKey: Guid(6a5b3ced369f8bb4282b053e56d2e723) Importer(2089858483,192608db42251d675da83286b1cce702)
Start importing Assets/Levels/Puzzles/Basic/puzzle0008.txt using Guid(6a5b3ced369f8bb4282b053e56d2e723) Importer(2089858483,192608db42251d675da83286b1cce702) (ScriptedImporter)Generated GUIDs only implemented for interfaces!
 -> (artifact id: 'c1e756f68b77166dca7119fd0b86b7af') in 0.0101221 seconds
Number of updated asset objects reloaded before import = 0Number of asset objects unloaded after import = 1

========================================================================
Received Import Request.
  Time since last request: 0.017160 seconds.
  path: Assets/TextMesh Pro/Resources/Shaders/TMP_SDF-Mobile Masking.shader
  artifactKey: Guid(bc1ede39bf3643ee8e493720e4259791) Importer(2089858483,192608db42251d675da83286b1cce702)
Start importing Assets/TextMesh Pro/Resources/Shaders/TMP_SDF-Mobile Masking.shader using Guid(bc1ede39bf3643ee8e493720e4259791) Importer(2089858483,192608db42251d675da83286b1cce702) (ScriptedImporter)Generated GUIDs only implemented for interfaces!
 -> (artifact id: '615cf61781bbd5a1fb8692424d24e798') in 0.0145156 seconds
Number of updated asset objects reloaded before import = 0Number of asset objects unloaded after import = 1

========================================================================
Received Import Request.
  Time since last request: 0.000051 seconds.
  path: Assets/TextMesh Pro/Resources/Style Sheets/Default Style Sheet.asset
  artifactKey: Guid(f952c082cb03451daed3ee968ac6c63e) Importer(2089858483,192608db42251d675da83286b1cce702)
Start importing Assets/TextMesh Pro/Resources/Style Sheets/Default Style Sheet.asset using Guid(f952c082cb03451daed3ee968ac6c63e) Importer(2089858483,192608db42251d675da83286b1cce702) (ScriptedImporter)Generated GUIDs only implemented for interfaces!
 -> (artifact id: 'd71efee1c89239ef4e4d5cf25c1cc400') in 0.01669 seconds
Number of updated asset objects reloaded before import = 0Number of asset objects unloaded after import = 1

========================================================================
Received Import Request.
  Time since last request: 0.000062 seconds.
  path: Assets/TextMesh Pro/Resources/Shaders/TMP_SDF.shader
  artifactKey: Guid(68e6db2ebdc24f95958faec2be5558d6) Importer(2089858483,192608db42251d675da83286b1cce702)
Start importing Assets/TextMesh Pro/Resources/Shaders/TMP_SDF.shader using Guid(68e6db2ebdc24f95958faec2be5558d6) Importer(2089858483,192608db42251d675da83286b1cce702) (ScriptedImporter)Generated GUIDs only implemented for interfaces!
 -> (artifact id: 'a396590cfd3586a8e398d901ad454dc7') in 0.0163004 seconds
Number of updated asset objects reloaded before import = 0Number of asset objects unloaded after import = 1

Editor requested this worker to shutdown with reason: Scaling down because of idle timeout
AssetImportWorker is now disconnected from the server
Process exiting
Exiting without the bug reporter. Application will terminate with return code 0