
=== Sat Nov 23 10:27:39 2019

Packages were changed.
Update Mode: mergeDefaultDependencies

The following packages were added:
  com.unity.package-manager-ui@2.2.0
  com.unity.ext.nunit@1.0.0
  com.unity.test-framework@1.0.13
  com.unity.ide.vscode@1.1.0
  com.unity.ide.rider@1.1.0
  com.unity.ugui@1.0.0
  com.unity.modules.androidjni@1.0.0
The following packages were updated:
  com.unity.collab-proxy from version 1.2.9 to 1.2.16
  com.unity.textmeshpro from version 2.0.0 to 2.0.1
  com.unity.timeline from version 0.0.0-builtin to 1.1.0

=== Fri Dec  6 17:01:03 2019

Packages were changed.
Update Mode: updateDependencies

The following packages were added:
  com.unity.ide.visualstudio@2.0.0
The following packages were updated:
  com.unity.ide.rider from version 1.1.0 to 1.1.4
  com.unity.ide.vscode from version 1.1.0 to 1.1.3
  com.unity.test-framework from version 1.0.13 to 1.1.5
  com.unity.textmeshpro from version 2.0.1 to 3.0.0-preview.1
  com.unity.timeline from version 1.1.0 to 1.2.3
The following packages were removed:
  com.unity.package-manager-ui@2.2.0

=== Wed Mar 18 19:08:47 2020

Packages were changed.
Update Mode: updateDependencies

The following packages were updated:
  com.unity.collab-proxy from version 1.2.16 to 1.3.7
  com.unity.ide.rider from version 1.1.4 to 1.2.1
  com.unity.ide.vscode from version 1.1.3 to 1.1.4
  com.unity.test-framework from version 1.1.5 to 1.1.11
  com.unity.timeline from version 1.2.3 to 1.2.6

=== Fri Sep  4 01:09:24 2020

Packages were changed.
Update Mode: updateDependencies

The following packages were updated:
  com.unity.ide.visualstudio from version 2.0.0 to 2.0.1
  com.unity.ide.vscode from version 1.1.4 to 1.2.0
  com.unity.test-framework from version 1.1.11 to 1.1.13

=== Sun Sep  6 00:14:00 2020

Packages were changed.
Update Mode: updateDependencies

The following packages were updated:
  com.unity.collab-proxy from version 1.3.7 to 1.3.9
  com.unity.ide.visualstudio from version 2.0.1 to 2.0.2
  com.unity.ide.vscode from version 1.2.0 to 1.2.1
  com.unity.test-framework from version 1.1.13 to 1.1.16
  com.unity.textmeshpro from version 3.0.0-preview.1 to 3.0.1

=== Sun Oct 18 01:01:09 2020

Packages were changed.
Update Mode: updateDependencies

The following packages were updated:
  com.unity.ide.vscode from version 1.2.1 to 1.2.2
